{"/Users/tom/.openclaw-autoclaw/workspace/projects/mingli-baojian/server/api-response.js": {"path":"/Users/tom/.openclaw-autoclaw/workspace/projects/mingli-baojian/server/api-response.js","statementMap":{"0":{"start":{"line":7,"column":15},"end":{"line":7,"column":37}},"1":{"start":{"line":8,"column":20},"end":{"line":21,"column":1}},"2":{"start":{"line":25,"column":2},"end":{"line":25,"column":29}},"3":{"start":{"line":25,"column":18},"end":{"line":25,"column":29}},"4":{"start":{"line":26,"column":17},"end":{"line":26,"column":40}},"5":{"start":{"line":27,"column":14},"end":{"line":30,"column":3}},"6":{"start":{"line":31,"column":2},"end":{"line":31,"column":28}},"7":{"start":{"line":42,"column":19},"end":{"line":42,"column":38}},"8":{"start":{"line":43,"column":15},"end":{"line":49,"column":3}},"9":{"start":{"line":51,"column":2},"end":{"line":54,"column":3}},"10":{"start":{"line":53,"column":4},"end":{"line":53,"column":70}},"11":{"start":{"line":55,"column":2},"end":{"line":55,"column":41}},"12":{"start":{"line":59,"column":11},"end":{"line":59,"column":57}},"13":{"start":{"line":59,"column":31},"end":{"line":59,"column":57}},"14":{"start":{"line":60,"column":13},"end":{"line":60,"column":62}},"15":{"start":{"line":60,"column":33},"end":{"line":60,"column":62}},"16":{"start":{"line":61,"column":12},"end":{"line":61,"column":57}},"17":{"start":{"line":61,"column":26},"end":{"line":61,"column":57}},"18":{"start":{"line":62,"column":15},"end":{"line":62,"column":69}},"19":{"start":{"line":62,"column":38},"end":{"line":62,"column":69}},"20":{"start":{"line":63,"column":16},"end":{"line":63,"column":60}},"21":{"start":{"line":63,"column":25},"end":{"line":63,"column":60}},"22":{"start":{"line":64,"column":15},"end":{"line":64,"column":69}},"23":{"start":{"line":64,"column":38},"end":{"line":64,"column":69}},"24":{"start":{"line":65,"column":17},"end":{"line":65,"column":72}},"25":{"start":{"line":65,"column":41},"end":{"line":65,"column":72}},"26":{"start":{"line":66,"column":18},"end":{"line":66,"column":69}},"27":{"start":{"line":66,"column":27},"end":{"line":66,"column":69}},"28":{"start":{"line":67,"column":18},"end":{"line":70,"column":1}},"29":{"start":{"line":68,"column":2},"end":{"line":68,"column":68}},"30":{"start":{"line":69,"column":2},"end":{"line":69,"column":50}},"31":{"start":{"line":71,"column":19},"end":{"line":71,"column":83}},"32":{"start":{"line":71,"column":34},"end":{"line":71,"column":83}},"33":{"start":{"line":73,"column":0},"end":{"line":77,"column":2}}},"fnMap":{"0":{"name":"httpStatusFor","decl":{"start":{"line":24,"column":9},"end":{"line":24,"column":22}},"loc":{"start":{"line":24,"column":29},"end":{"line":32,"column":1}},"line":24},"1":{"name":"apiResp","decl":{"start":{"line":41,"column":9},"end":{"line":41,"column":16}},"loc":{"start":{"line":41,"column":43},"end":{"line":56,"column":1}},"line":41},"2":{"name":"(anonymous_2)","decl":{"start":{"line":59,"column":11},"end":{"line":59,"column":12}},"loc":{"start":{"line":59,"column":31},"end":{"line":59,"column":57}},"line":59},"3":{"name":"(anonymous_3)","decl":{"start":{"line":60,"column":13},"end":{"line":60,"column":14}},"loc":{"start":{"line":60,"column":33},"end":{"line":60,"column":62}},"line":60},"4":{"name":"(anonymous_4)","decl":{"start":{"line":61,"column":12},"end":{"line":61,"column":13}},"loc":{"start":{"line":61,"column":26},"end":{"line":61,"column":57}},"line":61},"5":{"name":"(anonymous_5)","decl":{"start":{"line":62,"column":15},"end":{"line":62,"column":16}},"loc":{"start":{"line":62,"column":38},"end":{"line":62,"column":69}},"line":62},"6":{"name":"(anonymous_6)","decl":{"start":{"line":63,"column":16},"end":{"line":63,"column":17}},"loc":{"start":{"line":63,"column":25},"end":{"line":63,"column":60}},"line":63},"7":{"name":"(anonymous_7)","decl":{"start":{"line":64,"column":15},"end":{"line":64,"column":16}},"loc":{"start":{"line":64,"column":38},"end":{"line":64,"column":69}},"line":64},"8":{"name":"(anonymous_8)","decl":{"start":{"line":65,"column":17},"end":{"line":65,"column":18}},"loc":{"start":{"line":65,"column":41},"end":{"line":65,"column":72}},"line":65},"9":{"name":"(anonymous_9)","decl":{"start":{"line":66,"column":18},"end":{"line":66,"column":19}},"loc":{"start":{"line":66,"column":27},"end":{"line":66,"column":69}},"line":66},"10":{"name":"(anonymous_10)","decl":{"start":{"line":67,"column":18},"end":{"line":67,"column":19}},"loc":{"start":{"line":67,"column":30},"end":{"line":70,"column":1}},"line":67},"11":{"name":"(anonymous_11)","decl":{"start":{"line":71,"column":19},"end":{"line":71,"column":20}},"loc":{"start":{"line":71,"column":34},"end":{"line":71,"column":83}},"line":71}},"branchMap":{"0":{"loc":{"start":{"line":25,"column":2},"end":{"line":25,"column":29}},"type":"if","locations":[{"start":{"line":25,"column":2},"end":{"line":25,"column":29}},{"start":{},"end":{}}],"line":25},"1":{"loc":{"start":{"line":31,"column":9},"end":{"line":31,"column":27}},"type":"binary-expr","locations":[{"start":{"line":31,"column":9},"end":{"line":31,"column":20}},{"start":{"line":31,"column":24},"end":{"line":31,"column":27}}],"line":31},"2":{"loc":{"start":{"line":45,"column":13},"end":{"line":45,"column":52}},"type":"binary-expr","locations":[{"start":{"line":45,"column":13},"end":{"line":45,"column":20}},{"start":{"line":45,"column":25},"end":{"line":45,"column":51}}],"line":45},"3":{"loc":{"start":{"line":45,"column":25},"end":{"line":45,"column":51}},"type":"cond-expr","locations":[{"start":{"line":45,"column":38},"end":{"line":45,"column":42}},{"start":{"line":45,"column":45},"end":{"line":45,"column":51}}],"line":45},"4":{"loc":{"start":{"line":46,"column":10},"end":{"line":46,"column":42}},"type":"cond-expr","locations":[{"start":{"line":46,"column":31},"end":{"line":46,"column":35}},{"start":{"line":46,"column":38},"end":{"line":46,"column":42}}],"line":46},"5":{"loc":{"start":{"line":47,"column":13},"end":{"line":47,"column":39}},"type":"binary-expr","locations":[{"start":{"line":47,"column":13},"end":{"line":47,"column":31}},{"start":{"line":47,"column":35},"end":{"line":47,"column":39}}],"line":47},"6":{"loc":{"start":{"line":51,"column":2},"end":{"line":54,"column":3}},"type":"if","locations":[{"start":{"line":51,"column":2},"end":{"line":54,"column":3}},{"start":{},"end":{}}],"line":51},"7":{"loc":{"start":{"line":51,"column":6},"end":{"line":51,"column":76}},"type":"binary-expr","locations":[{"start":{"line":51,"column":6},"end":{"line":51,"column":16}},{"start":{"line":51,"column":20},"end":{"line":51,"column":24}},{"start":{"line":51,"column":28},"end":{"line":51,"column":52}},{"start":{"line":51,"column":56},"end":{"line":51,"column":76}}],"line":51},"8":{"loc":{"start":{"line":62,"column":21},"end":{"line":62,"column":33}},"type":"default-arg","locations":[{"start":{"line":62,"column":27},"end":{"line":62,"column":33}}],"line":62},"9":{"loc":{"start":{"line":64,"column":21},"end":{"line":64,"column":33}},"type":"default-arg","locations":[{"start":{"line":64,"column":27},"end":{"line":64,"column":33}}],"line":64},"10":{"loc":{"start":{"line":65,"column":23},"end":{"line":65,"column":36}},"type":"default-arg","locations":[{"start":{"line":65,"column":29},"end":{"line":65,"column":36}}],"line":65}},"s":{"0":5,"1":5,"2":75,"3":29,"4":46,"5":46,"6":46,"7":50,"8":50,"9":50,"10":25,"11":25,"12":5,"13":15,"14":5,"15":5,"16":5,"17":5,"18":5,"19":1,"20":5,"21":1,"22":5,"23":1,"24":5,"25":1,"26":5,"27":1,"28":5,"29":1,"30":1,"31":5,"32":1,"33":5},"f":{"0":75,"1":50,"2":15,"3":5,"4":5,"5":1,"6":1,"7":1,"8":1,"9":1,"10":1,"11":1},"b":{"0":[29,46],"1":[46,5],"2":[50,3],"3":[2,1],"4":[1,49],"5":[50,50],"6":[25,25],"7":[50,26,25,25],"8":[1],"9":[0],"10":[1]},"_coverageSchema":"1a1c01bbd47fc00a2c39e90264f33305004495a9","hash":"d2398027d6125f7acf3f71a709b3c7477ef67cb9"}
,"/Users/tom/.openclaw-autoclaw/workspace/projects/mingli-baojian/server/case-quality.js": {"path":"/Users/tom/.openclaw-autoclaw/workspace/projects/mingli-baojian/server/case-quality.js","statementMap":{"0":{"start":{"line":5,"column":25},"end":{"line":5,"column":47}},"1":{"start":{"line":6,"column":13},"end":{"line":6,"column":28}},"2":{"start":{"line":7,"column":12},"end":{"line":7,"column":39}},"3":{"start":{"line":9,"column":11},"end":{"line":9,"column":73}},"4":{"start":{"line":12,"column":16},"end":{"line":16,"column":1}},"5":{"start":{"line":21,"column":10},"end":{"line":21,"column":75}},"6":{"start":{"line":22,"column":2},"end":{"line":22,"column":46}},"7":{"start":{"line":22,"column":10},"end":{"line":22,"column":46}},"8":{"start":{"line":25,"column":26},"end":{"line":25,"column":27}},"9":{"start":{"line":26,"column":28},"end":{"line":26,"column":30}},"10":{"start":{"line":29,"column":2},"end":{"line":29,"column":88}},"11":{"start":{"line":29,"column":22},"end":{"line":29,"column":47}},"12":{"start":{"line":29,"column":48},"end":{"line":29,"column":86}},"13":{"start":{"line":30,"column":2},"end":{"line":30,"column":92}},"14":{"start":{"line":30,"column":26},"end":{"line":30,"column":51}},"15":{"start":{"line":30,"column":52},"end":{"line":30,"column":90}},"16":{"start":{"line":31,"column":2},"end":{"line":31,"column":84}},"17":{"start":{"line":31,"column":20},"end":{"line":31,"column":45}},"18":{"start":{"line":31,"column":46},"end":{"line":31,"column":82}},"19":{"start":{"line":32,"column":2},"end":{"line":32,"column":88}},"20":{"start":{"line":32,"column":24},"end":{"line":32,"column":49}},"21":{"start":{"line":32,"column":50},"end":{"line":32,"column":86}},"22":{"start":{"line":33,"column":2},"end":{"line":33,"column":93}},"23":{"start":{"line":33,"column":27},"end":{"line":33,"column":52}},"24":{"start":{"line":33,"column":53},"end":{"line":33,"column":91}},"25":{"start":{"line":34,"column":2},"end":{"line":34,"column":94}},"26":{"start":{"line":34,"column":28},"end":{"line":34,"column":53}},"27":{"start":{"line":34,"column":54},"end":{"line":34,"column":92}},"28":{"start":{"line":35,"column":2},"end":{"line":35,"column":72}},"29":{"start":{"line":38,"column":22},"end":{"line":38,"column":23}},"30":{"start":{"line":39,"column":24},"end":{"line":39,"column":26}},"31":{"start":{"line":41,"column":23},"end":{"line":41,"column":78}},"32":{"start":{"line":42,"column":24},"end":{"line":42,"column":48}},"33":{"start":{"line":43,"column":27},"end":{"line":43,"column":54}},"34":{"start":{"line":44,"column":24},"end":{"line":44,"column":81}},"35":{"start":{"line":45,"column":18},"end":{"line":45,"column":65}},"36":{"start":{"line":47,"column":21},"end":{"line":47,"column":23}},"37":{"start":{"line":48,"column":2},"end":{"line":48,"column":60}},"38":{"start":{"line":48,"column":8},"end":{"line":48,"column":45}},"39":{"start":{"line":51,"column":2},"end":{"line":58,"column":3}},"40":{"start":{"line":52,"column":4},"end":{"line":52,"column":97}},"41":{"start":{"line":52,"column":39},"end":{"line":52,"column":60}},"42":{"start":{"line":52,"column":61},"end":{"line":52,"column":95}},"43":{"start":{"line":53,"column":4},"end":{"line":53,"column":97}},"44":{"start":{"line":53,"column":39},"end":{"line":53,"column":60}},"45":{"start":{"line":53,"column":61},"end":{"line":53,"column":95}},"46":{"start":{"line":55,"column":4},"end":{"line":55,"column":100}},"47":{"start":{"line":55,"column":42},"end":{"line":55,"column":63}},"48":{"start":{"line":55,"column":64},"end":{"line":55,"column":98}},"49":{"start":{"line":57,"column":4},"end":{"line":57,"column":105}},"50":{"start":{"line":57,"column":47},"end":{"line":57,"column":68}},"51":{"start":{"line":57,"column":69},"end":{"line":57,"column":103}},"52":{"start":{"line":61,"column":2},"end":{"line":63,"column":3}},"53":{"start":{"line":62,"column":4},"end":{"line":62,"column":25}},"54":{"start":{"line":62,"column":26},"end":{"line":62,"column":60}},"55":{"start":{"line":66,"column":2},"end":{"line":66,"column":89}},"56":{"start":{"line":66,"column":31},"end":{"line":66,"column":52}},"57":{"start":{"line":66,"column":53},"end":{"line":66,"column":87}},"58":{"start":{"line":67,"column":2},"end":{"line":67,"column":88}},"59":{"start":{"line":67,"column":30},"end":{"line":67,"column":51}},"60":{"start":{"line":67,"column":52},"end":{"line":67,"column":86}},"61":{"start":{"line":68,"column":2},"end":{"line":70,"column":3}},"62":{"start":{"line":69,"column":4},"end":{"line":69,"column":25}},"63":{"start":{"line":69,"column":26},"end":{"line":69,"column":60}},"64":{"start":{"line":72,"column":2},"end":{"line":72,"column":66}},"65":{"start":{"line":75,"column":27},"end":{"line":75,"column":28}},"66":{"start":{"line":76,"column":29},"end":{"line":76,"column":31}},"67":{"start":{"line":78,"column":12},"end":{"line":78,"column":39}},"68":{"start":{"line":80,"column":2},"end":{"line":85,"column":47}},"69":{"start":{"line":80,"column":18},"end":{"line":80,"column":43}},"70":{"start":{"line":80,"column":44},"end":{"line":80,"column":84}},"71":{"start":{"line":81,"column":7},"end":{"line":85,"column":47}},"72":{"start":{"line":81,"column":23},"end":{"line":81,"column":48}},"73":{"start":{"line":81,"column":49},"end":{"line":81,"column":86}},"74":{"start":{"line":82,"column":7},"end":{"line":85,"column":47}},"75":{"start":{"line":82,"column":23},"end":{"line":82,"column":48}},"76":{"start":{"line":82,"column":49},"end":{"line":82,"column":88}},"77":{"start":{"line":83,"column":7},"end":{"line":85,"column":47}},"78":{"start":{"line":83,"column":23},"end":{"line":83,"column":48}},"79":{"start":{"line":83,"column":49},"end":{"line":83,"column":86}},"80":{"start":{"line":84,"column":7},"end":{"line":85,"column":47}},"81":{"start":{"line":84,"column":23},"end":{"line":84,"column":48}},"82":{"start":{"line":84,"column":49},"end":{"line":84,"column":86}},"83":{"start":{"line":85,"column":9},"end":{"line":85,"column":45}},"84":{"start":{"line":87,"column":2},"end":{"line":87,"column":75}},"85":{"start":{"line":90,"column":19},"end":{"line":90,"column":97}},"86":{"start":{"line":92,"column":2},"end":{"line":92,"column":53}},"87":{"start":{"line":93,"column":22},"end":{"line":93,"column":45}},"88":{"start":{"line":96,"column":2},"end":{"line":101,"column":56}},"89":{"start":{"line":103,"column":2},"end":{"line":112,"column":4}},"90":{"start":{"line":117,"column":14},"end":{"line":117,"column":89}},"91":{"start":{"line":118,"column":16},"end":{"line":118,"column":18}},"92":{"start":{"line":119,"column":2},"end":{"line":122,"column":5}},"93":{"start":{"line":120,"column":17},"end":{"line":120,"column":32}},"94":{"start":{"line":121,"column":4},"end":{"line":121,"column":25}},"95":{"start":{"line":123,"column":2},"end":{"line":128,"column":4}},"96":{"start":{"line":126,"column":47},"end":{"line":126,"column":72}},"97":{"start":{"line":134,"column":2},"end":{"line":134,"column":60}},"98":{"start":{"line":134,"column":32},"end":{"line":134,"column":60}},"99":{"start":{"line":136,"column":2},"end":{"line":136,"column":98}},"100":{"start":{"line":139,"column":20},"end":{"line":139,"column":37}},"101":{"start":{"line":141,"column":2},"end":{"line":146,"column":4}},"102":{"start":{"line":151,"column":14},"end":{"line":151,"column":82}},"103":{"start":{"line":152,"column":18},"end":{"line":152,"column":114}},"104":{"start":{"line":153,"column":20},"end":{"line":153,"column":114}},"105":{"start":{"line":154,"column":17},"end":{"line":154,"column":115}},"106":{"start":{"line":157,"column":21},"end":{"line":171,"column":10}},"107":{"start":{"line":173,"column":2},"end":{"line":179,"column":4}},"108":{"start":{"line":185,"column":2},"end":{"line":192,"column":11}},"109":{"start":{"line":195,"column":0},"end":{"line":202,"column":2}}},"fnMap":{"0":{"name":"scoreCase","decl":{"start":{"line":20,"column":9},"end":{"line":20,"column":18}},"loc":{"start":{"line":20,"column":27},"end":{"line":113,"column":1}},"line":20},"1":{"name":"scoreAllCases","decl":{"start":{"line":116,"column":9},"end":{"line":116,"column":22}},"loc":{"start":{"line":116,"column":25},"end":{"line":129,"column":1}},"line":116},"2":{"name":"(anonymous_2)","decl":{"start":{"line":119,"column":16},"end":{"line":119,"column":17}},"loc":{"start":{"line":119,"column":28},"end":{"line":122,"column":3}},"line":119},"3":{"name":"(anonymous_3)","decl":{"start":{"line":126,"column":33},"end":{"line":126,"column":34}},"loc":{"start":{"line":126,"column":45},"end":{"line":126,"column":74}},"line":126},"4":{"name":"updateEffectiveness","decl":{"start":{"line":132,"column":9},"end":{"line":132,"column":28}},"loc":{"start":{"line":132,"column":45},"end":{"line":147,"column":1}},"line":132},"5":{"name":"getQualityStats","decl":{"start":{"line":150,"column":9},"end":{"line":150,"column":24}},"loc":{"start":{"line":150,"column":27},"end":{"line":180,"column":1}},"line":150},"6":{"name":"getCasesNeedingFollowUp","decl":{"start":{"line":184,"column":9},"end":{"line":184,"column":32}},"loc":{"start":{"line":184,"column":35},"end":{"line":193,"column":1}},"line":184}},"branchMap":{"0":{"loc":{"start":{"line":22,"column":2},"end":{"line":22,"column":46}},"type":"if","locations":[{"start":{"line":22,"column":2},"end":{"line":22,"column":46}},{"start":{},"end":{}}],"line":22},"1":{"loc":{"start":{"line":29,"column":2},"end":{"line":29,"column":88}},"type":"if","locations":[{"start":{"line":29,"column":2},"end":{"line":29,"column":88}},{"start":{},"end":{}}],"line":29},"2":{"loc":{"start":{"line":30,"column":2},"end":{"line":30,"column":92}},"type":"if","locations":[{"start":{"line":30,"column":2},"end":{"line":30,"column":92}},{"start":{},"end":{}}],"line":30},"3":{"loc":{"start":{"line":31,"column":2},"end":{"line":31,"column":84}},"type":"if","locations":[{"start":{"line":31,"column":2},"end":{"line":31,"column":84}},{"start":{},"end":{}}],"line":31},"4":{"loc":{"start":{"line":32,"column":2},"end":{"line":32,"column":88}},"type":"if","locations":[{"start":{"line":32,"column":2},"end":{"line":32,"column":88}},{"start":{},"end":{}}],"line":32},"5":{"loc":{"start":{"line":33,"column":2},"end":{"line":33,"column":93}},"type":"if","locations":[{"start":{"line":33,"column":2},"end":{"line":33,"column":93}},{"start":{},"end":{}}],"line":33},"6":{"loc":{"start":{"line":34,"column":2},"end":{"line":34,"column":94}},"type":"if","locations":[{"start":{"line":34,"column":2},"end":{"line":34,"column":94}},{"start":{},"end":{}}],"line":34},"7":{"loc":{"start":{"line":41,"column":23},"end":{"line":41,"column":78}},"type":"cond-expr","locations":[{"start":{"line":41,"column":43},"end":{"line":41,"column":73}},{"start":{"line":41,"column":76},"end":{"line":41,"column":78}}],"line":41},"8":{"loc":{"start":{"line":42,"column":24},"end":{"line":42,"column":48}},"type":"binary-expr","locations":[{"start":{"line":42,"column":24},"end":{"line":42,"column":42}},{"start":{"line":42,"column":46},"end":{"line":42,"column":48}}],"line":42},"9":{"loc":{"start":{"line":43,"column":27},"end":{"line":43,"column":54}},"type":"binary-expr","locations":[{"start":{"line":43,"column":27},"end":{"line":43,"column":48}},{"start":{"line":43,"column":52},"end":{"line":43,"column":54}}],"line":43},"10":{"loc":{"start":{"line":44,"column":24},"end":{"line":44,"column":81}},"type":"cond-expr","locations":[{"start":{"line":44,"column":45},"end":{"line":44,"column":76}},{"start":{"line":44,"column":79},"end":{"line":44,"column":81}}],"line":44},"11":{"loc":{"start":{"line":45,"column":18},"end":{"line":45,"column":65}},"type":"cond-expr","locations":[{"start":{"line":45,"column":33},"end":{"line":45,"column":58}},{"start":{"line":45,"column":61},"end":{"line":45,"column":65}}],"line":45},"12":{"loc":{"start":{"line":51,"column":2},"end":{"line":58,"column":3}},"type":"if","locations":[{"start":{"line":51,"column":2},"end":{"line":58,"column":3}},{"start":{},"end":{}}],"line":51},"13":{"loc":{"start":{"line":52,"column":4},"end":{"line":52,"column":97}},"type":"if","locations":[{"start":{"line":52,"column":4},"end":{"line":52,"column":97}},{"start":{},"end":{}}],"line":52},"14":{"loc":{"start":{"line":53,"column":4},"end":{"line":53,"column":97}},"type":"if","locations":[{"start":{"line":53,"column":4},"end":{"line":53,"column":97}},{"start":{},"end":{}}],"line":53},"15":{"loc":{"start":{"line":55,"column":4},"end":{"line":55,"column":100}},"type":"if","locations":[{"start":{"line":55,"column":4},"end":{"line":55,"column":100}},{"start":{},"end":{}}],"line":55},"16":{"loc":{"start":{"line":57,"column":4},"end":{"line":57,"column":105}},"type":"if","locations":[{"start":{"line":57,"column":4},"end":{"line":57,"column":105}},{"start":{},"end":{}}],"line":57},"17":{"loc":{"start":{"line":61,"column":2},"end":{"line":63,"column":3}},"type":"if","locations":[{"start":{"line":61,"column":2},"end":{"line":63,"column":3}},{"start":{},"end":{}}],"line":61},"18":{"loc":{"start":{"line":61,"column":6},"end":{"line":61,"column":58}},"type":"binary-expr","locations":[{"start":{"line":61,"column":6},"end":{"line":61,"column":24}},{"start":{"line":61,"column":28},"end":{"line":61,"column":58}}],"line":61},"19":{"loc":{"start":{"line":66,"column":2},"end":{"line":66,"column":89}},"type":"if","locations":[{"start":{"line":66,"column":2},"end":{"line":66,"column":89}},{"start":{},"end":{}}],"line":66},"20":{"loc":{"start":{"line":67,"column":2},"end":{"line":67,"column":88}},"type":"if","locations":[{"start":{"line":67,"column":2},"end":{"line":67,"column":88}},{"start":{},"end":{}}],"line":67},"21":{"loc":{"start":{"line":68,"column":2},"end":{"line":70,"column":3}},"type":"if","locations":[{"start":{"line":68,"column":2},"end":{"line":70,"column":3}},{"start":{},"end":{}}],"line":68},"22":{"loc":{"start":{"line":68,"column":6},"end":{"line":68,"column":65}},"type":"binary-expr","locations":[{"start":{"line":68,"column":6},"end":{"line":68,"column":28}},{"start":{"line":68,"column":32},"end":{"line":68,"column":65}}],"line":68},"23":{"loc":{"start":{"line":78,"column":12},"end":{"line":78,"column":39}},"type":"binary-expr","locations":[{"start":{"line":78,"column":12},"end":{"line":78,"column":34}},{"start":{"line":78,"column":38},"end":{"line":78,"column":39}}],"line":78},"24":{"loc":{"start":{"line":80,"column":2},"end":{"line":85,"column":47}},"type":"if","locations":[{"start":{"line":80,"column":2},"end":{"line":85,"column":47}},{"start":{"line":81,"column":7},"end":{"line":85,"column":47}}],"line":80},"25":{"loc":{"start":{"line":81,"column":7},"end":{"line":85,"column":47}},"type":"if","locations":[{"start":{"line":81,"column":7},"end":{"line":85,"column":47}},{"start":{"line":82,"column":7},"end":{"line":85,"column":47}}],"line":81},"26":{"loc":{"start":{"line":82,"column":7},"end":{"line":85,"column":47}},"type":"if","locations":[{"start":{"line":82,"column":7},"end":{"line":85,"column":47}},{"start":{"line":83,"column":7},"end":{"line":85,"column":47}}],"line":82},"27":{"loc":{"start":{"line":83,"column":7},"end":{"line":85,"column":47}},"type":"if","locations":[{"start":{"line":83,"column":7},"end":{"line":85,"column":47}},{"start":{"line":84,"column":7},"end":{"line":85,"column":47}}],"line":83},"28":{"loc":{"start":{"line":84,"column":7},"end":{"line":85,"column":47}},"type":"if","locations":[{"start":{"line":84,"column":7},"end":{"line":85,"column":47}},{"start":{"line":85,"column":7},"end":{"line":85,"column":47}}],"line":84},"29":{"loc":{"start":{"line":93,"column":22},"end":{"line":93,"column":45}},"type":"cond-expr","locations":[{"start":{"line":93,"column":40},"end":{"line":93,"column":41}},{"start":{"line":93,"column":44},"end":{"line":93,"column":45}}],"line":93},"30":{"loc":{"start":{"line":134,"column":2},"end":{"line":134,"column":60}},"type":"if","locations":[{"start":{"line":134,"column":2},"end":{"line":134,"column":60}},{"start":{},"end":{}}],"line":134},"31":{"loc":{"start":{"line":134,"column":6},"end":{"line":134,"column":30}},"type":"binary-expr","locations":[{"start":{"line":134,"column":6},"end":{"line":134,"column":16}},{"start":{"line":134,"column":20},"end":{"line":134,"column":30}}],"line":134},"32":{"loc":{"start":{"line":177,"column":15},"end":{"line":177,"column":60}},"type":"cond-expr","locations":[{"start":{"line":177,"column":26},"end":{"line":177,"column":56}},{"start":{"line":177,"column":59},"end":{"line":177,"column":60}}],"line":177}},"s":{"0":4,"1":4,"2":4,"3":4,"4":4,"5":15,"6":15,"7":2,"8":13,"9":13,"10":13,"11":3,"12":3,"13":13,"14":3,"15":3,"16":13,"17":3,"18":3,"19":13,"20":3,"21":3,"22":13,"23":5,"24":5,"25":13,"26":3,"27":3,"28":13,"29":13,"30":13,"31":13,"32":13,"33":13,"34":13,"35":13,"36":13,"37":13,"38":13,"39":13,"40":5,"41":4,"42":4,"43":5,"44":2,"45":2,"46":5,"47":4,"48":4,"49":5,"50":4,"51":4,"52":13,"53":3,"54":3,"55":13,"56":4,"57":4,"58":13,"59":4,"60":4,"61":13,"62":4,"63":4,"64":13,"65":13,"66":13,"67":13,"68":13,"69":3,"70":3,"71":10,"72":1,"73":1,"74":9,"75":2,"76":2,"77":7,"78":0,"79":0,"80":7,"81":0,"82":0,"83":7,"84":13,"85":13,"86":13,"87":13,"88":13,"89":13,"90":2,"91":2,"92":2,"93":2,"94":2,"95":2,"96":2,"97":5,"98":2,"99":3,"100":3,"101":3,"102":3,"103":3,"104":3,"105":3,"106":3,"107":3,"108":3,"109":4},"f":{"0":15,"1":2,"2":2,"3":2,"4":5,"5":3,"6":3},"b":{"0":[2,13],"1":[3,10],"2":[3,10],"3":[3,10],"4":[3,10],"5":[5,8],"6":[3,10],"7":[5,8],"8":[13,12],"9":[13,9],"10":[3,10],"11":[4,9],"12":[5,8],"13":[4,1],"14":[2,3],"15":[4,1],"16":[4,1],"17":[3,10],"18":[13,4],"19":[4,9],"20":[4,9],"21":[4,9],"22":[13,4],"23":[13,7],"24":[3,10],"25":[1,9],"26":[2,7],"27":[0,7],"28":[0,7],"29":[3,10],"30":[2,3],"31":[5,4],"32":[2,1]},"_coverageSchema":"1a1c01bbd47fc00a2c39e90264f33305004495a9","hash":"9f7ba70f7166c0c3535202bc436b52714544ac87"}
,"/Users/tom/.openclaw-autoclaw/workspace/projects/mingli-baojian/server/data-export-guard.js": {"path":"/Users/tom/.openclaw-autoclaw/workspace/projects/mingli-baojian/server/data-export-guard.js","statementMap":{"0":{"start":{"line":19,"column":25},"end":{"line":19,"column":47}},"1":{"start":{"line":20,"column":15},"end":{"line":20,"column":32}},"2":{"start":{"line":21,"column":13},"end":{"line":21,"column":28}},"3":{"start":{"line":22,"column":12},"end":{"line":22,"column":39}},"4":{"start":{"line":23,"column":15},"end":{"line":23,"column":37}},"5":{"start":{"line":25,"column":16},"end":{"line":25,"column":60}},"6":{"start":{"line":26,"column":11},"end":{"line":26,"column":36}},"7":{"start":{"line":28,"column":16},"end":{"line":28,"column":94}},"8":{"start":{"line":32,"column":25},"end":{"line":80,"column":1}},"9":{"start":{"line":83,"column":20},"end":{"line":93,"column":1}},"10":{"start":{"line":98,"column":2},"end":{"line":98,"column":25}},"11":{"start":{"line":98,"column":13},"end":{"line":98,"column":25}},"12":{"start":{"line":99,"column":2},"end":{"line":99,"column":36}},"13":{"start":{"line":99,"column":24},"end":{"line":99,"column":36}},"14":{"start":{"line":100,"column":2},"end":{"line":100,"column":46}},"15":{"start":{"line":100,"column":25},"end":{"line":100,"column":46}},"16":{"start":{"line":101,"column":2},"end":{"line":101,"column":71}},"17":{"start":{"line":105,"column":2},"end":{"line":105,"column":25}},"18":{"start":{"line":105,"column":13},"end":{"line":105,"column":25}},"19":{"start":{"line":107,"column":16},"end":{"line":107,"column":36}},"20":{"start":{"line":108,"column":2},"end":{"line":108,"column":84}},"21":{"start":{"line":108,"column":25},"end":{"line":108,"column":84}},"22":{"start":{"line":109,"column":2},"end":{"line":109,"column":39}},"23":{"start":{"line":113,"column":2},"end":{"line":113,"column":21}},"24":{"start":{"line":113,"column":11},"end":{"line":113,"column":21}},"25":{"start":{"line":114,"column":12},"end":{"line":114,"column":22}},"26":{"start":{"line":115,"column":2},"end":{"line":115,"column":34}},"27":{"start":{"line":115,"column":20},"end":{"line":115,"column":34}},"28":{"start":{"line":116,"column":2},"end":{"line":116,"column":82}},"29":{"start":{"line":120,"column":2},"end":{"line":120,"column":25}},"30":{"start":{"line":120,"column":13},"end":{"line":120,"column":25}},"31":{"start":{"line":122,"column":15},"end":{"line":122,"column":27}},"32":{"start":{"line":124,"column":2},"end":{"line":124,"column":91}},"33":{"start":{"line":124,"column":47},"end":{"line":124,"column":89}},"34":{"start":{"line":126,"column":2},"end":{"line":126,"column":100}},"35":{"start":{"line":126,"column":48},"end":{"line":126,"column":98}},"36":{"start":{"line":128,"column":2},"end":{"line":128,"column":110}},"37":{"start":{"line":128,"column":51},"end":{"line":128,"column":108}},"38":{"start":{"line":129,"column":2},"end":{"line":129,"column":76}},"39":{"start":{"line":133,"column":2},"end":{"line":133,"column":25}},"40":{"start":{"line":133,"column":13},"end":{"line":133,"column":25}},"41":{"start":{"line":135,"column":15},"end":{"line":135,"column":27}},"42":{"start":{"line":136,"column":2},"end":{"line":136,"column":91}},"43":{"start":{"line":136,"column":47},"end":{"line":136,"column":89}},"44":{"start":{"line":137,"column":2},"end":{"line":137,"column":57}},"45":{"start":{"line":138,"column":2},"end":{"line":138,"column":16}},"46":{"start":{"line":142,"column":2},"end":{"line":142,"column":21}},"47":{"start":{"line":142,"column":11},"end":{"line":142,"column":21}},"48":{"start":{"line":143,"column":12},"end":{"line":143,"column":22}},"49":{"start":{"line":144,"column":2},"end":{"line":144,"column":64}},"50":{"start":{"line":148,"column":2},"end":{"line":148,"column":58}},"51":{"start":{"line":148,"column":45},"end":{"line":148,"column":58}},"52":{"start":{"line":149,"column":2},"end":{"line":149,"column":39}},"53":{"start":{"line":149,"column":26},"end":{"line":149,"column":39}},"54":{"start":{"line":150,"column":2},"end":{"line":150,"column":35}},"55":{"start":{"line":150,"column":22},"end":{"line":150,"column":35}},"56":{"start":{"line":153,"column":2},"end":{"line":155,"column":3}},"57":{"start":{"line":154,"column":4},"end":{"line":154,"column":40}},"58":{"start":{"line":158,"column":2},"end":{"line":169,"column":3}},"59":{"start":{"line":159,"column":22},"end":{"line":159,"column":50}},"60":{"start":{"line":160,"column":22},"end":{"line":160,"column":45}},"61":{"start":{"line":161,"column":22},"end":{"line":161,"column":54}},"62":{"start":{"line":162,"column":22},"end":{"line":162,"column":48}},"63":{"start":{"line":163,"column":22},"end":{"line":163,"column":47}},"64":{"start":{"line":164,"column":22},"end":{"line":164,"column":49}},"65":{"start":{"line":165,"column":22},"end":{"line":165,"column":48}},"66":{"start":{"line":166,"column":22},"end":{"line":166,"column":47}},"67":{"start":{"line":167,"column":22},"end":{"line":167,"column":66}},"68":{"start":{"line":168,"column":22},"end":{"line":168,"column":35}},"69":{"start":{"line":177,"column":2},"end":{"line":177,"column":27}},"70":{"start":{"line":177,"column":14},"end":{"line":177,"column":27}},"71":{"start":{"line":178,"column":12},"end":{"line":178,"column":25}},"72":{"start":{"line":179,"column":2},"end":{"line":190,"column":3}},"73":{"start":{"line":180,"column":22},"end":{"line":180,"column":97}},"74":{"start":{"line":181,"column":22},"end":{"line":181,"column":31}},"75":{"start":{"line":182,"column":22},"end":{"line":182,"column":75}},"76":{"start":{"line":183,"column":22},"end":{"line":183,"column":44}},"77":{"start":{"line":184,"column":22},"end":{"line":184,"column":101}},"78":{"start":{"line":185,"column":22},"end":{"line":185,"column":44}},"79":{"start":{"line":186,"column":22},"end":{"line":186,"column":31}},"80":{"start":{"line":187,"column":22},"end":{"line":187,"column":77}},"81":{"start":{"line":188,"column":22},"end":{"line":188,"column":63}},"82":{"start":{"line":189,"column":22},"end":{"line":189,"column":31}},"83":{"start":{"line":201,"column":2},"end":{"line":201,"column":50}},"84":{"start":{"line":201,"column":39},"end":{"line":201,"column":50}},"85":{"start":{"line":202,"column":17},"end":{"line":202,"column":46}},"86":{"start":{"line":204,"column":20},"end":{"line":204,"column":75}},"87":{"start":{"line":204,"column":54},"end":{"line":204,"column":73}},"88":{"start":{"line":205,"column":20},"end":{"line":205,"column":30}},"89":{"start":{"line":206,"column":2},"end":{"line":210,"column":3}},"90":{"start":{"line":207,"column":4},"end":{"line":209,"column":5}},"91":{"start":{"line":208,"column":6},"end":{"line":208,"column":80}},"92":{"start":{"line":211,"column":2},"end":{"line":211,"column":19}},"93":{"start":{"line":215,"column":2},"end":{"line":215,"column":57}},"94":{"start":{"line":215,"column":23},"end":{"line":215,"column":55}},"95":{"start":{"line":224,"column":2},"end":{"line":241,"column":3}},"96":{"start":{"line":225,"column":22},"end":{"line":225,"column":87}},"97":{"start":{"line":226,"column":4},"end":{"line":236,"column":6}},"98":{"start":{"line":237,"column":4},"end":{"line":237,"column":21}},"99":{"start":{"line":239,"column":4},"end":{"line":239,"column":80}},"100":{"start":{"line":240,"column":4},"end":{"line":240,"column":16}},"101":{"start":{"line":248,"column":13},"end":{"line":248,"column":23}},"102":{"start":{"line":249,"column":18},"end":{"line":249,"column":73}},"103":{"start":{"line":250,"column":14},"end":{"line":250,"column":97}},"104":{"start":{"line":251,"column":2},"end":{"line":256,"column":4}},"105":{"start":{"line":265,"column":2},"end":{"line":265,"column":35}},"106":{"start":{"line":265,"column":18},"end":{"line":265,"column":35}},"107":{"start":{"line":266,"column":2},"end":{"line":266,"column":32}},"108":{"start":{"line":270,"column":2},"end":{"line":270,"column":37}},"109":{"start":{"line":270,"column":19},"end":{"line":270,"column":37}},"110":{"start":{"line":271,"column":2},"end":{"line":271,"column":33}},"111":{"start":{"line":277,"column":2},"end":{"line":277,"column":27}},"112":{"start":{"line":278,"column":16},"end":{"line":278,"column":54}},"113":{"start":{"line":279,"column":20},"end":{"line":279,"column":79}},"114":{"start":{"line":280,"column":2},"end":{"line":286,"column":4}},"115":{"start":{"line":287,"column":2},"end":{"line":287,"column":42}},"116":{"start":{"line":293,"column":2},"end":{"line":293,"column":44}},"117":{"start":{"line":293,"column":34},"end":{"line":293,"column":44}},"118":{"start":{"line":294,"column":17},"end":{"line":294,"column":37}},"119":{"start":{"line":295,"column":17},"end":{"line":295,"column":33}},"120":{"start":{"line":296,"column":16},"end":{"line":296,"column":24}},"121":{"start":{"line":297,"column":2},"end":{"line":306,"column":3}},"122":{"start":{"line":298,"column":17},"end":{"line":304,"column":16}},"123":{"start":{"line":299,"column":14},"end":{"line":299,"column":18}},"124":{"start":{"line":300,"column":6},"end":{"line":300,"column":51}},"125":{"start":{"line":300,"column":41},"end":{"line":300,"column":51}},"126":{"start":{"line":301,"column":6},"end":{"line":301,"column":40}},"127":{"start":{"line":302,"column":6},"end":{"line":302,"column":82}},"128":{"start":{"line":302,"column":66},"end":{"line":302,"column":82}},"129":{"start":{"line":303,"column":6},"end":{"line":303,"column":15}},"130":{"start":{"line":305,"column":4},"end":{"line":305,"column":21}},"131":{"start":{"line":308,"column":2},"end":{"line":308,"column":87}},"132":{"start":{"line":309,"column":2},"end":{"line":309,"column":26}},"133":{"start":{"line":313,"column":2},"end":{"line":316,"column":14}},"134":{"start":{"line":320,"column":0},"end":{"line":334,"column":2}}},"fnMap":{"0":{"name":"maskName","decl":{"start":{"line":97,"column":9},"end":{"line":97,"column":17}},"loc":{"start":{"line":97,"column":24},"end":{"line":102,"column":1}},"line":97},"1":{"name":"maskAddress","decl":{"start":{"line":104,"column":9},"end":{"line":104,"column":20}},"loc":{"start":{"line":104,"column":27},"end":{"line":110,"column":1}},"line":104},"2":{"name":"maskIDCard","decl":{"start":{"line":112,"column":9},"end":{"line":112,"column":19}},"loc":{"start":{"line":112,"column":24},"end":{"line":117,"column":1}},"line":112},"3":{"name":"maskTextHigh","decl":{"start":{"line":119,"column":9},"end":{"line":119,"column":21}},"loc":{"start":{"line":119,"column":28},"end":{"line":130,"column":1}},"line":119},"4":{"name":"(anonymous_4)","decl":{"start":{"line":124,"column":42},"end":{"line":124,"column":43}},"loc":{"start":{"line":124,"column":47},"end":{"line":124,"column":89}},"line":124},"5":{"name":"(anonymous_5)","decl":{"start":{"line":126,"column":43},"end":{"line":126,"column":44}},"loc":{"start":{"line":126,"column":48},"end":{"line":126,"column":98}},"line":126},"6":{"name":"(anonymous_6)","decl":{"start":{"line":128,"column":46},"end":{"line":128,"column":47}},"loc":{"start":{"line":128,"column":51},"end":{"line":128,"column":108}},"line":128},"7":{"name":"maskTextMid","decl":{"start":{"line":132,"column":9},"end":{"line":132,"column":20}},"loc":{"start":{"line":132,"column":27},"end":{"line":139,"column":1}},"line":132},"8":{"name":"(anonymous_8)","decl":{"start":{"line":136,"column":42},"end":{"line":136,"column":43}},"loc":{"start":{"line":136,"column":47},"end":{"line":136,"column":89}},"line":136},"9":{"name":"maskCaseNo","decl":{"start":{"line":141,"column":9},"end":{"line":141,"column":19}},"loc":{"start":{"line":141,"column":24},"end":{"line":145,"column":1}},"line":141},"10":{"name":"sanitizeField","decl":{"start":{"line":147,"column":9},"end":{"line":147,"column":22}},"loc":{"start":{"line":147,"column":60},"end":{"line":170,"column":1}},"line":147},"11":{"name":"semiMask","decl":{"start":{"line":176,"column":9},"end":{"line":176,"column":17}},"loc":{"start":{"line":176,"column":31},"end":{"line":191,"column":1}},"line":176},"12":{"name":"sanitizeRow","decl":{"start":{"line":200,"column":9},"end":{"line":200,"column":20}},"loc":{"start":{"line":200,"column":44},"end":{"line":212,"column":1}},"line":200},"13":{"name":"(anonymous_13)","decl":{"start":{"line":204,"column":49},"end":{"line":204,"column":50}},"loc":{"start":{"line":204,"column":54},"end":{"line":204,"column":73}},"line":204},"14":{"name":"sanitizeRows","decl":{"start":{"line":214,"column":9},"end":{"line":214,"column":21}},"loc":{"start":{"line":214,"column":46},"end":{"line":216,"column":1}},"line":214},"15":{"name":"(anonymous_15)","decl":{"start":{"line":215,"column":18},"end":{"line":215,"column":19}},"loc":{"start":{"line":215,"column":23},"end":{"line":215,"column":55}},"line":215},"16":{"name":"logExport","decl":{"start":{"line":223,"column":9},"end":{"line":223,"column":18}},"loc":{"start":{"line":223,"column":115},"end":{"line":242,"column":1}},"line":223},"17":{"name":"generateWatermark","decl":{"start":{"line":247,"column":9},"end":{"line":247,"column":26}},"loc":{"start":{"line":247,"column":59},"end":{"line":257,"column":1}},"line":247},"18":{"name":"encryptArchive","decl":{"start":{"line":264,"column":9},"end":{"line":264,"column":23}},"loc":{"start":{"line":264,"column":35},"end":{"line":267,"column":1}},"line":264},"19":{"name":"decryptArchive","decl":{"start":{"line":269,"column":9},"end":{"line":269,"column":23}},"loc":{"start":{"line":269,"column":36},"end":{"line":272,"column":1}},"line":269},"20":{"name":"generateUnlockToken","decl":{"start":{"line":276,"column":9},"end":{"line":276,"column":28}},"loc":{"start":{"line":276,"column":71},"end":{"line":288,"column":1}},"line":276},"21":{"name":"rowsToCSV","decl":{"start":{"line":292,"column":9},"end":{"line":292,"column":18}},"loc":{"start":{"line":292,"column":36},"end":{"line":310,"column":1}},"line":292},"22":{"name":"(anonymous_22)","decl":{"start":{"line":298,"column":28},"end":{"line":298,"column":29}},"loc":{"start":{"line":298,"column":33},"end":{"line":304,"column":5}},"line":298},"23":{"name":"rowsToJSON","decl":{"start":{"line":312,"column":9},"end":{"line":312,"column":19}},"loc":{"start":{"line":312,"column":37},"end":{"line":317,"column":1}},"line":312}},"branchMap":{"0":{"loc":{"start":{"line":28,"column":16},"end":{"line":28,"column":94}},"type":"binary-expr","locations":[{"start":{"line":28,"column":16},"end":{"line":28,"column":42}},{"start":{"line":28,"column":46},"end":{"line":28,"column":57}},{"start":{"line":28,"column":61},"end":{"line":28,"column":94}}],"line":28},"1":{"loc":{"start":{"line":98,"column":2},"end":{"line":98,"column":25}},"type":"if","locations":[{"start":{"line":98,"column":2},"end":{"line":98,"column":25}},{"start":{},"end":{}}],"line":98},"2":{"loc":{"start":{"line":99,"column":2},"end":{"line":99,"column":36}},"type":"if","locations":[{"start":{"line":99,"column":2},"end":{"line":99,"column":36}},{"start":{},"end":{}}],"line":99},"3":{"loc":{"start":{"line":100,"column":2},"end":{"line":100,"column":46}},"type":"if","locations":[{"start":{"line":100,"column":2},"end":{"line":100,"column":46}},{"start":{},"end":{}}],"line":100},"4":{"loc":{"start":{"line":105,"column":2},"end":{"line":105,"column":25}},"type":"if","locations":[{"start":{"line":105,"column":2},"end":{"line":105,"column":25}},{"start":{},"end":{}}],"line":105},"5":{"loc":{"start":{"line":108,"column":2},"end":{"line":108,"column":84}},"type":"if","locations":[{"start":{"line":108,"column":2},"end":{"line":108,"column":84}},{"start":{},"end":{}}],"line":108},"6":{"loc":{"start":{"line":108,"column":44},"end":{"line":108,"column":73}},"type":"cond-expr","locations":[{"start":{"line":108,"column":65},"end":{"line":108,"column":68}},{"start":{"line":108,"column":71},"end":{"line":108,"column":73}}],"line":108},"7":{"loc":{"start":{"line":113,"column":2},"end":{"line":113,"column":21}},"type":"if","locations":[{"start":{"line":113,"column":2},"end":{"line":113,"column":21}},{"start":{},"end":{}}],"line":113},"8":{"loc":{"start":{"line":115,"column":2},"end":{"line":115,"column":34}},"type":"if","locations":[{"start":{"line":115,"column":2},"end":{"line":115,"column":34}},{"start":{},"end":{}}],"line":115},"9":{"loc":{"start":{"line":120,"column":2},"end":{"line":120,"column":25}},"type":"if","locations":[{"start":{"line":120,"column":2},"end":{"line":120,"column":25}},{"start":{},"end":{}}],"line":120},"10":{"loc":{"start":{"line":129,"column":37},"end":{"line":129,"column":74}},"type":"cond-expr","locations":[{"start":{"line":129,"column":59},"end":{"line":129,"column":69}},{"start":{"line":129,"column":72},"end":{"line":129,"column":74}}],"line":129},"11":{"loc":{"start":{"line":133,"column":2},"end":{"line":133,"column":25}},"type":"if","locations":[{"start":{"line":133,"column":2},"end":{"line":133,"column":25}},{"start":{},"end":{}}],"line":133},"12":{"loc":{"start":{"line":142,"column":2},"end":{"line":142,"column":21}},"type":"if","locations":[{"start":{"line":142,"column":2},"end":{"line":142,"column":21}},{"start":{},"end":{}}],"line":142},"13":{"loc":{"start":{"line":148,"column":2},"end":{"line":148,"column":58}},"type":"if","locations":[{"start":{"line":148,"column":2},"end":{"line":148,"column":58}},{"start":{},"end":{}}],"line":148},"14":{"loc":{"start":{"line":148,"column":6},"end":{"line":148,"column":43}},"type":"binary-expr","locations":[{"start":{"line":148,"column":6},"end":{"line":148,"column":20}},{"start":{"line":148,"column":24},"end":{"line":148,"column":43}}],"line":148},"15":{"loc":{"start":{"line":149,"column":2},"end":{"line":149,"column":39}},"type":"if","locations":[{"start":{"line":149,"column":2},"end":{"line":149,"column":39}},{"start":{},"end":{}}],"line":149},"16":{"loc":{"start":{"line":150,"column":2},"end":{"line":150,"column":35}},"type":"if","locations":[{"start":{"line":150,"column":2},"end":{"line":150,"column":35}},{"start":{},"end":{}}],"line":150},"17":{"loc":{"start":{"line":153,"column":2},"end":{"line":155,"column":3}},"type":"if","locations":[{"start":{"line":153,"column":2},"end":{"line":155,"column":3}},{"start":{},"end":{}}],"line":153},"18":{"loc":{"start":{"line":158,"column":2},"end":{"line":169,"column":3}},"type":"switch","locations":[{"start":{"line":159,"column":4},"end":{"line":159,"column":50}},{"start":{"line":160,"column":4},"end":{"line":160,"column":45}},{"start":{"line":161,"column":4},"end":{"line":161,"column":54}},{"start":{"line":162,"column":4},"end":{"line":162,"column":48}},{"start":{"line":163,"column":4},"end":{"line":163,"column":47}},{"start":{"line":164,"column":4},"end":{"line":164,"column":49}},{"start":{"line":165,"column":4},"end":{"line":165,"column":48}},{"start":{"line":166,"column":4},"end":{"line":166,"column":47}},{"start":{"line":167,"column":4},"end":{"line":167,"column":66}},{"start":{"line":168,"column":4},"end":{"line":168,"column":35}}],"line":158},"19":{"loc":{"start":{"line":177,"column":2},"end":{"line":177,"column":27}},"type":"if","locations":[{"start":{"line":177,"column":2},"end":{"line":177,"column":27}},{"start":{},"end":{}}],"line":177},"20":{"loc":{"start":{"line":179,"column":2},"end":{"line":190,"column":3}},"type":"switch","locations":[{"start":{"line":180,"column":4},"end":{"line":180,"column":97}},{"start":{"line":181,"column":4},"end":{"line":181,"column":31}},{"start":{"line":182,"column":4},"end":{"line":182,"column":75}},{"start":{"line":183,"column":4},"end":{"line":183,"column":44}},{"start":{"line":184,"column":4},"end":{"line":184,"column":101}},{"start":{"line":185,"column":4},"end":{"line":185,"column":44}},{"start":{"line":186,"column":4},"end":{"line":186,"column":31}},{"start":{"line":187,"column":4},"end":{"line":187,"column":77}},{"start":{"line":188,"column":4},"end":{"line":188,"column":63}},{"start":{"line":189,"column":4},"end":{"line":189,"column":31}}],"line":179},"21":{"loc":{"start":{"line":180,"column":29},"end":{"line":180,"column":96}},"type":"cond-expr","locations":[{"start":{"line":180,"column":45},"end":{"line":180,"column":92}},{"start":{"line":180,"column":95},"end":{"line":180,"column":96}}],"line":180},"22":{"loc":{"start":{"line":182,"column":29},"end":{"line":182,"column":74}},"type":"cond-expr","locations":[{"start":{"line":182,"column":45},"end":{"line":182,"column":70}},{"start":{"line":182,"column":73},"end":{"line":182,"column":74}}],"line":182},"23":{"loc":{"start":{"line":184,"column":29},"end":{"line":184,"column":100}},"type":"cond-expr","locations":[{"start":{"line":184,"column":45},"end":{"line":184,"column":96}},{"start":{"line":184,"column":99},"end":{"line":184,"column":100}}],"line":184},"24":{"loc":{"start":{"line":201,"column":2},"end":{"line":201,"column":50}},"type":"if","locations":[{"start":{"line":201,"column":2},"end":{"line":201,"column":50}},{"start":{},"end":{}}],"line":201},"25":{"loc":{"start":{"line":201,"column":6},"end":{"line":201,"column":37}},"type":"binary-expr","locations":[{"start":{"line":201,"column":6},"end":{"line":201,"column":10}},{"start":{"line":201,"column":14},"end":{"line":201,"column":37}}],"line":201},"26":{"loc":{"start":{"line":202,"column":17},"end":{"line":202,"column":46}},"type":"binary-expr","locations":[{"start":{"line":202,"column":17},"end":{"line":202,"column":40}},{"start":{"line":202,"column":44},"end":{"line":202,"column":46}}],"line":202},"27":{"loc":{"start":{"line":204,"column":54},"end":{"line":204,"column":73}},"type":"binary-expr","locations":[{"start":{"line":204,"column":54},"end":{"line":204,"column":68}},{"start":{"line":204,"column":72},"end":{"line":204,"column":73}}],"line":204},"28":{"loc":{"start":{"line":207,"column":4},"end":{"line":209,"column":5}},"type":"if","locations":[{"start":{"line":207,"column":4},"end":{"line":209,"column":5}},{"start":{},"end":{}}],"line":207},"29":{"loc":{"start":{"line":229,"column":6},"end":{"line":229,"column":18}},"type":"binary-expr","locations":[{"start":{"line":229,"column":6},"end":{"line":229,"column":13}},{"start":{"line":229,"column":17},"end":{"line":229,"column":18}}],"line":229},"30":{"loc":{"start":{"line":230,"column":6},"end":{"line":230,"column":24}},"type":"binary-expr","locations":[{"start":{"line":230,"column":6},"end":{"line":230,"column":12}},{"start":{"line":230,"column":16},"end":{"line":230,"column":24}}],"line":230},"31":{"loc":{"start":{"line":265,"column":2},"end":{"line":265,"column":35}},"type":"if","locations":[{"start":{"line":265,"column":2},"end":{"line":265,"column":35}},{"start":{},"end":{}}],"line":265},"32":{"loc":{"start":{"line":270,"column":2},"end":{"line":270,"column":37}},"type":"if","locations":[{"start":{"line":270,"column":2},"end":{"line":270,"column":37}},{"start":{},"end":{}}],"line":270},"33":{"loc":{"start":{"line":277,"column":13},"end":{"line":277,"column":26}},"type":"binary-expr","locations":[{"start":{"line":277,"column":13},"end":{"line":277,"column":21}},{"start":{"line":277,"column":25},"end":{"line":277,"column":26}}],"line":277},"34":{"loc":{"start":{"line":293,"column":2},"end":{"line":293,"column":44}},"type":"if","locations":[{"start":{"line":293,"column":2},"end":{"line":293,"column":44}},{"start":{},"end":{}}],"line":293},"35":{"loc":{"start":{"line":293,"column":6},"end":{"line":293,"column":32}},"type":"binary-expr","locations":[{"start":{"line":293,"column":6},"end":{"line":293,"column":11}},{"start":{"line":293,"column":15},"end":{"line":293,"column":32}}],"line":293},"36":{"loc":{"start":{"line":300,"column":6},"end":{"line":300,"column":51}},"type":"if","locations":[{"start":{"line":300,"column":6},"end":{"line":300,"column":51}},{"start":{},"end":{}}],"line":300},"37":{"loc":{"start":{"line":300,"column":10},"end":{"line":300,"column":39}},"type":"binary-expr","locations":[{"start":{"line":300,"column":10},"end":{"line":300,"column":20}},{"start":{"line":300,"column":24},"end":{"line":300,"column":39}}],"line":300},"38":{"loc":{"start":{"line":302,"column":6},"end":{"line":302,"column":82}},"type":"if","locations":[{"start":{"line":302,"column":6},"end":{"line":302,"column":82}},{"start":{},"end":{}}],"line":302},"39":{"loc":{"start":{"line":302,"column":10},"end":{"line":302,"column":64}},"type":"binary-expr","locations":[{"start":{"line":302,"column":10},"end":{"line":302,"column":25}},{"start":{"line":302,"column":29},"end":{"line":302,"column":45}},{"start":{"line":302,"column":49},"end":{"line":302,"column":64}}],"line":302}},"s":{"0":4,"1":4,"2":4,"3":4,"4":4,"5":4,"6":4,"7":4,"8":4,"9":4,"10":9,"11":2,"12":7,"13":1,"14":6,"15":3,"16":3,"17":3,"18":1,"19":2,"20":2,"21":1,"22":1,"23":3,"24":1,"25":2,"26":2,"27":1,"28":1,"29":3,"30":1,"31":2,"32":2,"33":1,"34":2,"35":0,"36":2,"37":1,"38":2,"39":2,"40":0,"41":2,"42":2,"43":1,"44":2,"45":2,"46":0,"47":0,"48":0,"49":0,"50":9,"51":0,"52":9,"53":1,"54":8,"55":2,"56":6,"57":0,"58":6,"59":3,"60":3,"61":0,"62":0,"63":0,"64":0,"65":0,"66":0,"67":0,"68":0,"69":0,"70":0,"71":0,"72":0,"73":0,"74":0,"75":0,"76":0,"77":0,"78":0,"79":0,"80":0,"81":0,"82":0,"83":6,"84":1,"85":5,"86":5,"87":5,"88":5,"89":5,"90":44,"91":9,"92":5,"93":1,"94":2,"95":0,"96":0,"97":0,"98":0,"99":0,"100":0,"101":4,"102":4,"103":4,"104":4,"105":0,"106":0,"107":0,"108":0,"109":0,"110":0,"111":0,"112":0,"113":0,"114":0,"115":0,"116":3,"117":1,"118":2,"119":2,"120":2,"121":2,"122":3,"123":5,"124":5,"125":0,"126":5,"127":5,"128":0,"129":5,"130":3,"131":2,"132":2,"133":2,"134":4},"f":{"0":9,"1":3,"2":3,"3":3,"4":1,"5":0,"6":1,"7":2,"8":1,"9":0,"10":9,"11":0,"12":6,"13":5,"14":1,"15":2,"16":0,"17":4,"18":0,"19":0,"20":0,"21":3,"22":5,"23":2},"b":{"0":[4,4,4],"1":[2,7],"2":[1,6],"3":[3,3],"4":[1,2],"5":[1,1],"6":[0,1],"7":[1,2],"8":[1,1],"9":[1,2],"10":[0,2],"11":[0,2],"12":[0,0],"13":[0,9],"14":[9,9],"15":[1,8],"16":[2,6],"17":[0,6],"18":[3,3,0,0,0,0,0,0,0,0],"19":[0,0],"20":[0,0,0,0,0,0,0,0,0,0],"21":[0,0],"22":[0,0],"23":[0,0],"24":[1,5],"25":[6,5],"26":[5,1],"27":[5,0],"28":[9,35],"29":[0,0],"30":[0,0],"31":[0,0],"32":[0,0],"33":[0,0],"34":[1,2],"35":[3,3],"36":[0,5],"37":[5,5],"38":[0,5],"39":[5,5,5]},"_coverageSchema":"1a1c01bbd47fc00a2c39e90264f33305004495a9","hash":"786e351d81ffffdf38229aff6c57c06529e7ea1d"}
,"/Users/tom/.openclaw-autoclaw/workspace/projects/mingli-baojian/server/distillation-engine.js": {"path":"/Users/tom/.openclaw-autoclaw/workspace/projects/mingli-baojian/server/distillation-engine.js","statementMap":{"0":{"start":{"line":5,"column":25},"end":{"line":5,"column":47}},"1":{"start":{"line":6,"column":15},"end":{"line":6,"column":32}},"2":{"start":{"line":7,"column":11},"end":{"line":7,"column":24}},"3":{"start":{"line":8,"column":13},"end":{"line":8,"column":28}},"4":{"start":{"line":9,"column":12},"end":{"line":9,"column":39}},"5":{"start":{"line":11,"column":11},"end":{"line":11,"column":73}},"6":{"start":{"line":14,"column":21},"end":{"line":22,"column":1}},"7":{"start":{"line":24,"column":15},"end":{"line":24,"column":54}},"8":{"start":{"line":28,"column":2},"end":{"line":28,"column":79}},"9":{"start":{"line":32,"column":2},"end":{"line":32,"column":29}},"10":{"start":{"line":32,"column":13},"end":{"line":32,"column":29}},"11":{"start":{"line":33,"column":2},"end":{"line":33,"column":65}},"12":{"start":{"line":33,"column":8},"end":{"line":33,"column":32}},"13":{"start":{"line":33,"column":47},"end":{"line":33,"column":63}},"14":{"start":{"line":39,"column":2},"end":{"line":39,"column":30}},"15":{"start":{"line":40,"column":21},"end":{"line":40,"column":49}},"16":{"start":{"line":41,"column":27},"end":{"line":41,"column":55}},"17":{"start":{"line":44,"column":14},"end":{"line":56,"column":38}},"18":{"start":{"line":59,"column":2},"end":{"line":73,"column":3}},"19":{"start":{"line":60,"column":4},"end":{"line":72,"column":13}},"20":{"start":{"line":76,"column":2},"end":{"line":97,"column":5}},"21":{"start":{"line":77,"column":4},"end":{"line":96,"column":6}},"22":{"start":{"line":103,"column":2},"end":{"line":103,"column":46}},"23":{"start":{"line":103,"column":36},"end":{"line":103,"column":46}},"24":{"start":{"line":106,"column":17},"end":{"line":106,"column":19}},"25":{"start":{"line":107,"column":2},"end":{"line":152,"column":5}},"26":{"start":{"line":108,"column":17},"end":{"line":108,"column":46}},"27":{"start":{"line":109,"column":23},"end":{"line":109,"column":50}},"28":{"start":{"line":110,"column":19},"end":{"line":110,"column":21}},"29":{"start":{"line":112,"column":4},"end":{"line":117,"column":5}},"30":{"start":{"line":113,"column":6},"end":{"line":113,"column":39}},"31":{"start":{"line":114,"column":11},"end":{"line":117,"column":5}},"32":{"start":{"line":115,"column":14},"end":{"line":115,"column":74}},"33":{"start":{"line":116,"column":6},"end":{"line":116,"column":29}},"34":{"start":{"line":116,"column":13},"end":{"line":116,"column":29}},"35":{"start":{"line":118,"column":4},"end":{"line":118,"column":40}},"36":{"start":{"line":118,"column":19},"end":{"line":118,"column":40}},"37":{"start":{"line":120,"column":14},"end":{"line":120,"column":58}},"38":{"start":{"line":121,"column":4},"end":{"line":134,"column":5}},"39":{"start":{"line":122,"column":6},"end":{"line":133,"column":8}},"40":{"start":{"line":135,"column":13},"end":{"line":135,"column":26}},"41":{"start":{"line":136,"column":4},"end":{"line":136,"column":24}},"42":{"start":{"line":137,"column":4},"end":{"line":137,"column":15}},"43":{"start":{"line":138,"column":4},"end":{"line":138,"column":59}},"44":{"start":{"line":141,"column":4},"end":{"line":143,"column":5}},"45":{"start":{"line":142,"column":6},"end":{"line":142,"column":45}},"46":{"start":{"line":145,"column":4},"end":{"line":147,"column":5}},"47":{"start":{"line":146,"column":6},"end":{"line":146,"column":65}},"48":{"start":{"line":149,"column":4},"end":{"line":151,"column":5}},"49":{"start":{"line":150,"column":6},"end":{"line":150,"column":47}},"50":{"start":{"line":155,"column":17},"end":{"line":155,"column":19}},"51":{"start":{"line":156,"column":2},"end":{"line":198,"column":5}},"52":{"start":{"line":157,"column":28},"end":{"line":157,"column":85}},"53":{"start":{"line":160,"column":23},"end":{"line":160,"column":64}},"54":{"start":{"line":161,"column":21},"end":{"line":161,"column":79}},"55":{"start":{"line":164,"column":22},"end":{"line":164,"column":24}},"56":{"start":{"line":165,"column":4},"end":{"line":168,"column":7}},"57":{"start":{"line":166,"column":16},"end":{"line":166,"column":34}},"58":{"start":{"line":167,"column":6},"end":{"line":167,"column":53}},"59":{"start":{"line":169,"column":22},"end":{"line":172,"column":40}},"60":{"start":{"line":170,"column":29},"end":{"line":170,"column":48}},"61":{"start":{"line":172,"column":25},"end":{"line":172,"column":37}},"62":{"start":{"line":175,"column":23},"end":{"line":175,"column":25}},"63":{"start":{"line":176,"column":4},"end":{"line":178,"column":7}},"64":{"start":{"line":177,"column":6},"end":{"line":177,"column":51}},"65":{"start":{"line":179,"column":23},"end":{"line":182,"column":40}},"66":{"start":{"line":180,"column":29},"end":{"line":180,"column":48}},"67":{"start":{"line":182,"column":25},"end":{"line":182,"column":37}},"68":{"start":{"line":184,"column":4},"end":{"line":197,"column":7}},"69":{"start":{"line":201,"column":2},"end":{"line":201,"column":72}},"70":{"start":{"line":201,"column":33},"end":{"line":201,"column":68}},"71":{"start":{"line":202,"column":2},"end":{"line":202,"column":18}},"72":{"start":{"line":208,"column":2},"end":{"line":208,"column":77}},"73":{"start":{"line":208,"column":42},"end":{"line":208,"column":77}},"74":{"start":{"line":210,"column":14},"end":{"line":210,"column":16}},"75":{"start":{"line":211,"column":17},"end":{"line":211,"column":19}},"76":{"start":{"line":214,"column":19},"end":{"line":214,"column":21}},"77":{"start":{"line":215,"column":2},"end":{"line":220,"column":5}},"78":{"start":{"line":216,"column":19},"end":{"line":216,"column":44}},"79":{"start":{"line":217,"column":4},"end":{"line":219,"column":5}},"80":{"start":{"line":218,"column":6},"end":{"line":218,"column":61}},"81":{"start":{"line":222,"column":2},"end":{"line":262,"column":5}},"82":{"start":{"line":223,"column":27},"end":{"line":223,"column":29}},"83":{"start":{"line":226,"column":4},"end":{"line":228,"column":5}},"84":{"start":{"line":227,"column":6},"end":{"line":227,"column":65}},"85":{"start":{"line":231,"column":4},"end":{"line":233,"column":5}},"86":{"start":{"line":232,"column":6},"end":{"line":232,"column":63}},"87":{"start":{"line":236,"column":23},"end":{"line":236,"column":37}},"88":{"start":{"line":237,"column":4},"end":{"line":237,"column":31}},"89":{"start":{"line":239,"column":4},"end":{"line":246,"column":5}},"90":{"start":{"line":240,"column":28},"end":{"line":240,"column":52}},"91":{"start":{"line":241,"column":23},"end":{"line":241,"column":78}},"92":{"start":{"line":242,"column":6},"end":{"line":244,"column":7}},"93":{"start":{"line":243,"column":8},"end":{"line":243,"column":89}},"94":{"start":{"line":245,"column":6},"end":{"line":245,"column":68}},"95":{"start":{"line":249,"column":4},"end":{"line":254,"column":5}},"96":{"start":{"line":250,"column":26},"end":{"line":250,"column":71}},"97":{"start":{"line":251,"column":6},"end":{"line":253,"column":7}},"98":{"start":{"line":252,"column":8},"end":{"line":252,"column":56}},"99":{"start":{"line":256,"column":4},"end":{"line":261,"column":5}},"100":{"start":{"line":257,"column":6},"end":{"line":257,"column":45}},"101":{"start":{"line":258,"column":6},"end":{"line":258,"column":23}},"102":{"start":{"line":260,"column":6},"end":{"line":260,"column":20}},"103":{"start":{"line":264,"column":2},"end":{"line":264,"column":46}},"104":{"start":{"line":269,"column":14},"end":{"line":270,"column":96}},"105":{"start":{"line":273,"column":2},"end":{"line":275,"column":3}},"106":{"start":{"line":274,"column":4},"end":{"line":274,"column":38}},"107":{"start":{"line":276,"column":2},"end":{"line":278,"column":3}},"108":{"start":{"line":277,"column":4},"end":{"line":277,"column":36}},"109":{"start":{"line":279,"column":2},"end":{"line":281,"column":3}},"110":{"start":{"line":280,"column":4},"end":{"line":280,"column":38}},"111":{"start":{"line":282,"column":2},"end":{"line":284,"column":3}},"112":{"start":{"line":283,"column":4},"end":{"line":283,"column":39}},"113":{"start":{"line":285,"column":2},"end":{"line":287,"column":3}},"114":{"start":{"line":286,"column":4},"end":{"line":286,"column":33}},"115":{"start":{"line":288,"column":2},"end":{"line":290,"column":3}},"116":{"start":{"line":289,"column":4},"end":{"line":289,"column":32}},"117":{"start":{"line":291,"column":2},"end":{"line":291,"column":43}},"118":{"start":{"line":296,"column":14},"end":{"line":305,"column":3}},"119":{"start":{"line":306,"column":2},"end":{"line":306,"column":26}},"120":{"start":{"line":313,"column":16},"end":{"line":313,"column":25}},"121":{"start":{"line":314,"column":18},"end":{"line":314,"column":65}},"122":{"start":{"line":315,"column":17},"end":{"line":315,"column":53}},"123":{"start":{"line":316,"column":4},"end":{"line":322,"column":7}},"124":{"start":{"line":317,"column":6},"end":{"line":321,"column":7}},"125":{"start":{"line":318,"column":8},"end":{"line":320,"column":9}},"126":{"start":{"line":318,"column":21},"end":{"line":318,"column":22}},"127":{"start":{"line":319,"column":10},"end":{"line":319,"column":43}},"128":{"start":{"line":323,"column":4},"end":{"line":323,"column":17}},"129":{"start":{"line":326,"column":13},"end":{"line":326,"column":32}},"130":{"start":{"line":327,"column":13},"end":{"line":327,"column":32}},"131":{"start":{"line":328,"column":2},"end":{"line":328,"column":51}},"132":{"start":{"line":328,"column":42},"end":{"line":328,"column":51}},"133":{"start":{"line":330,"column":21},"end":{"line":330,"column":22}},"134":{"start":{"line":331,"column":2},"end":{"line":331,"column":65}},"135":{"start":{"line":331,"column":29},"end":{"line":331,"column":61}},"136":{"start":{"line":331,"column":46},"end":{"line":331,"column":61}},"137":{"start":{"line":332,"column":14},"end":{"line":332,"column":50}},"138":{"start":{"line":333,"column":2},"end":{"line":333,"column":46}},"139":{"start":{"line":338,"column":24},"end":{"line":344,"column":3}},"140":{"start":{"line":347,"column":23},"end":{"line":347,"column":53}},"141":{"start":{"line":348,"column":23},"end":{"line":348,"column":32}},"142":{"start":{"line":349,"column":2},"end":{"line":352,"column":5}},"143":{"start":{"line":350,"column":17},"end":{"line":350,"column":40}},"144":{"start":{"line":351,"column":4},"end":{"line":351,"column":59}},"145":{"start":{"line":351,"column":33},"end":{"line":351,"column":55}},"146":{"start":{"line":355,"column":24},"end":{"line":355,"column":28}},"147":{"start":{"line":356,"column":18},"end":{"line":356,"column":71}},"148":{"start":{"line":357,"column":2},"end":{"line":362,"column":3}},"149":{"start":{"line":357,"column":15},"end":{"line":357,"column":16}},"150":{"start":{"line":358,"column":4},"end":{"line":361,"column":5}},"151":{"start":{"line":359,"column":6},"end":{"line":359,"column":37}},"152":{"start":{"line":360,"column":6},"end":{"line":360,"column":12}},"153":{"start":{"line":365,"column":2},"end":{"line":371,"column":3}},"154":{"start":{"line":366,"column":4},"end":{"line":370,"column":5}},"155":{"start":{"line":369,"column":6},"end":{"line":369,"column":18}},"156":{"start":{"line":373,"column":2},"end":{"line":373,"column":14}},"157":{"start":{"line":379,"column":2},"end":{"line":381,"column":3}},"158":{"start":{"line":380,"column":4},"end":{"line":380,"column":37}},"159":{"start":{"line":383,"column":16},"end":{"line":383,"column":33}},"160":{"start":{"line":384,"column":14},"end":{"line":384,"column":16}},"161":{"start":{"line":385,"column":16},"end":{"line":385,"column":17}},"162":{"start":{"line":388,"column":17},"end":{"line":388,"column":19}},"163":{"start":{"line":389,"column":2},"end":{"line":394,"column":5}},"164":{"start":{"line":390,"column":17},"end":{"line":390,"column":46}},"165":{"start":{"line":391,"column":4},"end":{"line":391,"column":60}},"166":{"start":{"line":391,"column":53},"end":{"line":391,"column":60}},"167":{"start":{"line":392,"column":4},"end":{"line":392,"column":49}},"168":{"start":{"line":392,"column":27},"end":{"line":392,"column":49}},"169":{"start":{"line":393,"column":4},"end":{"line":393,"column":29}},"170":{"start":{"line":396,"column":2},"end":{"line":436,"column":5}},"171":{"start":{"line":397,"column":19},"end":{"line":397,"column":35}},"172":{"start":{"line":398,"column":19},"end":{"line":398,"column":44}},"173":{"start":{"line":400,"column":4},"end":{"line":403,"column":5}},"174":{"start":{"line":401,"column":6},"end":{"line":401,"column":70}},"175":{"start":{"line":402,"column":6},"end":{"line":402,"column":13}},"176":{"start":{"line":405,"column":26},"end":{"line":405,"column":59}},"177":{"start":{"line":408,"column":18},"end":{"line":408,"column":73}},"178":{"start":{"line":408,"column":45},"end":{"line":408,"column":63}},"179":{"start":{"line":409,"column":24},"end":{"line":409,"column":105}},"180":{"start":{"line":409,"column":57},"end":{"line":409,"column":81}},"181":{"start":{"line":410,"column":4},"end":{"line":410,"column":58}},"182":{"start":{"line":412,"column":25},"end":{"line":412,"column":90}},"183":{"start":{"line":415,"column":21},"end":{"line":415,"column":82}},"184":{"start":{"line":418,"column":15},"end":{"line":432,"column":5}},"185":{"start":{"line":434,"column":4},"end":{"line":434,"column":21}},"186":{"start":{"line":435,"column":4},"end":{"line":435,"column":14}},"187":{"start":{"line":438,"column":2},"end":{"line":438,"column":63}},"188":{"start":{"line":443,"column":14},"end":{"line":443,"column":16}},"189":{"start":{"line":444,"column":2},"end":{"line":444,"column":17}},"190":{"start":{"line":445,"column":2},"end":{"line":445,"column":126}},"191":{"start":{"line":446,"column":2},"end":{"line":446,"column":53}},"192":{"start":{"line":447,"column":2},"end":{"line":447,"column":73}},"193":{"start":{"line":448,"column":2},"end":{"line":448,"column":17}},"194":{"start":{"line":450,"column":2},"end":{"line":467,"column":5}},"195":{"start":{"line":451,"column":4},"end":{"line":451,"column":51}},"196":{"start":{"line":452,"column":4},"end":{"line":452,"column":123}},"197":{"start":{"line":453,"column":4},"end":{"line":453,"column":37}},"198":{"start":{"line":454,"column":4},"end":{"line":454,"column":43}},"199":{"start":{"line":455,"column":4},"end":{"line":455,"column":39}},"200":{"start":{"line":456,"column":4},"end":{"line":456,"column":64}},"201":{"start":{"line":457,"column":4},"end":{"line":459,"column":5}},"202":{"start":{"line":458,"column":6},"end":{"line":458,"column":59}},"203":{"start":{"line":460,"column":4},"end":{"line":462,"column":5}},"204":{"start":{"line":461,"column":6},"end":{"line":461,"column":59}},"205":{"start":{"line":463,"column":4},"end":{"line":465,"column":5}},"206":{"start":{"line":464,"column":6},"end":{"line":464,"column":64}},"207":{"start":{"line":466,"column":4},"end":{"line":466,"column":19}},"208":{"start":{"line":469,"column":2},"end":{"line":469,"column":63}},"209":{"start":{"line":470,"column":2},"end":{"line":470,"column":17}},"210":{"start":{"line":471,"column":2},"end":{"line":471,"column":26}},"211":{"start":{"line":480,"column":18},"end":{"line":480,"column":20}},"212":{"start":{"line":483,"column":18},"end":{"line":483,"column":51}},"213":{"start":{"line":484,"column":2},"end":{"line":486,"column":3}},"214":{"start":{"line":485,"column":4},"end":{"line":485,"column":26}},"215":{"start":{"line":489,"column":2},"end":{"line":491,"column":3}},"216":{"start":{"line":490,"column":4},"end":{"line":490,"column":51}},"217":{"start":{"line":494,"column":15},"end":{"line":494,"column":54}},"218":{"start":{"line":495,"column":14},"end":{"line":495,"column":50}},"219":{"start":{"line":498,"column":2},"end":{"line":498,"column":55}},"220":{"start":{"line":504,"column":17},"end":{"line":504,"column":42}},"221":{"start":{"line":505,"column":23},"end":{"line":505,"column":25}},"222":{"start":{"line":506,"column":2},"end":{"line":508,"column":3}},"223":{"start":{"line":507,"column":4},"end":{"line":507,"column":55}},"224":{"start":{"line":511,"column":20},"end":{"line":513,"column":16}},"225":{"start":{"line":515,"column":21},"end":{"line":515,"column":91}},"226":{"start":{"line":516,"column":2},"end":{"line":516,"column":47}},"227":{"start":{"line":517,"column":19},"end":{"line":517,"column":41}},"228":{"start":{"line":520,"column":17},"end":{"line":520,"column":44}},"229":{"start":{"line":521,"column":20},"end":{"line":521,"column":84}},"230":{"start":{"line":523,"column":15},"end":{"line":526,"column":75}},"231":{"start":{"line":528,"column":2},"end":{"line":534,"column":4}},"232":{"start":{"line":539,"column":15},"end":{"line":539,"column":82}},"233":{"start":{"line":540,"column":2},"end":{"line":540,"column":41}},"234":{"start":{"line":540,"column":15},"end":{"line":540,"column":41}},"235":{"start":{"line":542,"column":17},"end":{"line":542,"column":50}},"236":{"start":{"line":543,"column":24},"end":{"line":543,"column":52}},"237":{"start":{"line":546,"column":2},"end":{"line":554,"column":3}},"238":{"start":{"line":547,"column":25},"end":{"line":547,"column":58}},"239":{"start":{"line":548,"column":22},"end":{"line":548,"column":86}},"240":{"start":{"line":549,"column":4},"end":{"line":553,"column":29}},"241":{"start":{"line":557,"column":2},"end":{"line":557,"column":54}},"242":{"start":{"line":560,"column":2},"end":{"line":560,"column":110}},"243":{"start":{"line":562,"column":2},"end":{"line":562,"column":83}},"244":{"start":{"line":567,"column":2},"end":{"line":573,"column":3}},"245":{"start":{"line":568,"column":4},"end":{"line":572,"column":19}},"246":{"start":{"line":574,"column":2},"end":{"line":579,"column":11}},"247":{"start":{"line":584,"column":16},"end":{"line":584,"column":33}},"248":{"start":{"line":585,"column":20},"end":{"line":585,"column":43}},"249":{"start":{"line":586,"column":21},"end":{"line":586,"column":45}},"250":{"start":{"line":587,"column":25},"end":{"line":589,"column":3}},"251":{"start":{"line":588,"column":31},"end":{"line":588,"column":95}},"252":{"start":{"line":591,"column":15},"end":{"line":594,"column":62}},"253":{"start":{"line":596,"column":2},"end":{"line":596,"column":59}},"254":{"start":{"line":601,"column":16},"end":{"line":601,"column":30}},"255":{"start":{"line":602,"column":15},"end":{"line":602,"column":23}},"256":{"start":{"line":604,"column":2},"end":{"line":616,"column":3}},"257":{"start":{"line":606,"column":4},"end":{"line":615,"column":5}},"258":{"start":{"line":607,"column":6},"end":{"line":607,"column":45}},"259":{"start":{"line":608,"column":6},"end":{"line":608,"column":33}},"260":{"start":{"line":609,"column":11},"end":{"line":615,"column":5}},"261":{"start":{"line":610,"column":6},"end":{"line":610,"column":45}},"262":{"start":{"line":611,"column":6},"end":{"line":611,"column":33}},"263":{"start":{"line":612,"column":11},"end":{"line":615,"column":5}},"264":{"start":{"line":613,"column":6},"end":{"line":613,"column":44}},"265":{"start":{"line":614,"column":6},"end":{"line":614,"column":33}},"266":{"start":{"line":617,"column":2},"end":{"line":619,"column":3}},"267":{"start":{"line":618,"column":4},"end":{"line":618,"column":63}},"268":{"start":{"line":620,"column":2},"end":{"line":620,"column":23}},"269":{"start":{"line":622,"column":2},"end":{"line":622,"column":109}},"270":{"start":{"line":627,"column":2},"end":{"line":627,"column":22}},"271":{"start":{"line":628,"column":2},"end":{"line":635,"column":16}},"272":{"start":{"line":640,"column":14},"end":{"line":640,"column":128}},"273":{"start":{"line":641,"column":2},"end":{"line":641,"column":26}},"274":{"start":{"line":641,"column":14},"end":{"line":641,"column":26}},"275":{"start":{"line":643,"column":2},"end":{"line":643,"column":49}},"276":{"start":{"line":644,"column":2},"end":{"line":644,"column":69}},"277":{"start":{"line":645,"column":2},"end":{"line":645,"column":67}},"278":{"start":{"line":646,"column":2},"end":{"line":646,"column":15}},"279":{"start":{"line":652,"column":14},"end":{"line":652,"column":45}},"280":{"start":{"line":653,"column":2},"end":{"line":655,"column":3}},"281":{"start":{"line":654,"column":4},"end":{"line":654,"column":35}},"282":{"start":{"line":658,"column":17},"end":{"line":658,"column":39}},"283":{"start":{"line":659,"column":2},"end":{"line":661,"column":3}},"284":{"start":{"line":660,"column":4},"end":{"line":660,"column":37}},"285":{"start":{"line":664,"column":19},"end":{"line":664,"column":46}},"286":{"start":{"line":667,"column":16},"end":{"line":667,"column":55}},"287":{"start":{"line":667,"column":40},"end":{"line":667,"column":52}},"288":{"start":{"line":668,"column":14},"end":{"line":668,"column":56}},"289":{"start":{"line":669,"column":2},"end":{"line":669,"column":49}},"290":{"start":{"line":672,"column":17},"end":{"line":672,"column":43}},"291":{"start":{"line":673,"column":2},"end":{"line":675,"column":3}},"292":{"start":{"line":674,"column":4},"end":{"line":674,"column":39}},"293":{"start":{"line":678,"column":2},"end":{"line":698,"column":4}},"294":{"start":{"line":685,"column":6},"end":{"line":691,"column":8}},"295":{"start":{"line":695,"column":8},"end":{"line":695,"column":76}},"296":{"start":{"line":703,"column":14},"end":{"line":703,"column":37}},"297":{"start":{"line":704,"column":2},"end":{"line":704,"column":40}},"298":{"start":{"line":704,"column":14},"end":{"line":704,"column":40}},"299":{"start":{"line":706,"column":2},"end":{"line":708,"column":3}},"300":{"start":{"line":707,"column":4},"end":{"line":707,"column":54}},"301":{"start":{"line":711,"column":2},"end":{"line":713,"column":3}},"302":{"start":{"line":712,"column":4},"end":{"line":712,"column":37}},"303":{"start":{"line":715,"column":17},"end":{"line":715,"column":47}},"304":{"start":{"line":716,"column":22},"end":{"line":716,"column":83}},"305":{"start":{"line":716,"column":52},"end":{"line":716,"column":80}},"306":{"start":{"line":719,"column":17},"end":{"line":719,"column":40}},"307":{"start":{"line":720,"column":17},"end":{"line":720,"column":19}},"308":{"start":{"line":722,"column":2},"end":{"line":733,"column":5}},"309":{"start":{"line":723,"column":4},"end":{"line":732,"column":5}},"310":{"start":{"line":724,"column":21},"end":{"line":724,"column":52}},"311":{"start":{"line":726,"column":20},"end":{"line":726,"column":53}},"312":{"start":{"line":728,"column":6},"end":{"line":728,"column":59}},"313":{"start":{"line":730,"column":6},"end":{"line":730,"column":123}},"314":{"start":{"line":731,"column":6},"end":{"line":731,"column":29}},"315":{"start":{"line":735,"column":2},"end":{"line":735,"column":79}},"316":{"start":{"line":737,"column":2},"end":{"line":742,"column":4}},"317":{"start":{"line":745,"column":0},"end":{"line":761,"column":2}}},"fnMap":{"0":{"name":"generateBatchId","decl":{"start":{"line":27,"column":9},"end":{"line":27,"column":24}},"loc":{"start":{"line":27,"column":27},"end":{"line":29,"column":1}},"line":27},"1":{"name":"parseJSON","decl":{"start":{"line":31,"column":9},"end":{"line":31,"column":18}},"loc":{"start":{"line":31,"column":35},"end":{"line":34,"column":1}},"line":31},"2":{"name":"scanHighQualityCases","decl":{"start":{"line":38,"column":9},"end":{"line":38,"column":29}},"loc":{"start":{"line":38,"column":41},"end":{"line":98,"column":1}},"line":38},"3":{"name":"(anonymous_3)","decl":{"start":{"line":76,"column":19},"end":{"line":76,"column":20}},"loc":{"start":{"line":76,"column":31},"end":{"line":97,"column":3}},"line":76},"4":{"name":"extractPatterns","decl":{"start":{"line":102,"column":9},"end":{"line":102,"column":24}},"loc":{"start":{"line":102,"column":32},"end":{"line":203,"column":1}},"line":102},"5":{"name":"(anonymous_5)","decl":{"start":{"line":107,"column":16},"end":{"line":107,"column":17}},"loc":{"start":{"line":107,"column":28},"end":{"line":152,"column":3}},"line":107},"6":{"name":"(anonymous_6)","decl":{"start":{"line":156,"column":34},"end":{"line":156,"column":35}},"loc":{"start":{"line":156,"column":47},"end":{"line":198,"column":3}},"line":156},"7":{"name":"(anonymous_7)","decl":{"start":{"line":165,"column":24},"end":{"line":165,"column":25}},"loc":{"start":{"line":165,"column":36},"end":{"line":168,"column":5}},"line":165},"8":{"name":"(anonymous_8)","decl":{"start":{"line":170,"column":12},"end":{"line":170,"column":13}},"loc":{"start":{"line":170,"column":27},"end":{"line":170,"column":50}},"line":170},"9":{"name":"(anonymous_9)","decl":{"start":{"line":172,"column":11},"end":{"line":172,"column":12}},"loc":{"start":{"line":172,"column":23},"end":{"line":172,"column":39}},"line":172},"10":{"name":"(anonymous_10)","decl":{"start":{"line":176,"column":25},"end":{"line":176,"column":26}},"loc":{"start":{"line":176,"column":37},"end":{"line":178,"column":5}},"line":176},"11":{"name":"(anonymous_11)","decl":{"start":{"line":180,"column":12},"end":{"line":180,"column":13}},"loc":{"start":{"line":180,"column":27},"end":{"line":180,"column":50}},"line":180},"12":{"name":"(anonymous_12)","decl":{"start":{"line":182,"column":11},"end":{"line":182,"column":12}},"loc":{"start":{"line":182,"column":23},"end":{"line":182,"column":39}},"line":182},"13":{"name":"(anonymous_13)","decl":{"start":{"line":201,"column":16},"end":{"line":201,"column":17}},"loc":{"start":{"line":201,"column":31},"end":{"line":201,"column":70}},"line":201},"14":{"name":"validateKnowledge","decl":{"start":{"line":207,"column":9},"end":{"line":207,"column":26}},"loc":{"start":{"line":207,"column":37},"end":{"line":265,"column":1}},"line":207},"15":{"name":"(anonymous_15)","decl":{"start":{"line":215,"column":23},"end":{"line":215,"column":24}},"loc":{"start":{"line":215,"column":40},"end":{"line":220,"column":3}},"line":215},"16":{"name":"(anonymous_16)","decl":{"start":{"line":222,"column":19},"end":{"line":222,"column":20}},"loc":{"start":{"line":222,"column":31},"end":{"line":262,"column":3}},"line":222},"17":{"name":"matchKbFile","decl":{"start":{"line":268,"column":9},"end":{"line":268,"column":20}},"loc":{"start":{"line":268,"column":30},"end":{"line":292,"column":1}},"line":268},"18":{"name":"buildPatternText","decl":{"start":{"line":295,"column":9},"end":{"line":295,"column":25}},"loc":{"start":{"line":295,"column":35},"end":{"line":307,"column":1}},"line":295},"19":{"name":"computeSimilarity","decl":{"start":{"line":310,"column":9},"end":{"line":310,"column":26}},"loc":{"start":{"line":310,"column":41},"end":{"line":334,"column":1}},"line":310},"20":{"name":"extractTerms","decl":{"start":{"line":312,"column":11},"end":{"line":312,"column":23}},"loc":{"start":{"line":312,"column":30},"end":{"line":324,"column":3}},"line":312},"21":{"name":"(anonymous_21)","decl":{"start":{"line":316,"column":19},"end":{"line":316,"column":20}},"loc":{"start":{"line":316,"column":31},"end":{"line":322,"column":5}},"line":316},"22":{"name":"(anonymous_22)","decl":{"start":{"line":331,"column":15},"end":{"line":331,"column":16}},"loc":{"start":{"line":331,"column":27},"end":{"line":331,"column":63}},"line":331},"23":{"name":"checkLogicalConsistency","decl":{"start":{"line":337,"column":9},"end":{"line":337,"column":32}},"loc":{"start":{"line":337,"column":51},"end":{"line":374,"column":1}},"line":337},"24":{"name":"(anonymous_24)","decl":{"start":{"line":349,"column":25},"end":{"line":349,"column":26}},"loc":{"start":{"line":349,"column":38},"end":{"line":352,"column":3}},"line":349},"25":{"name":"(anonymous_25)","decl":{"start":{"line":351,"column":19},"end":{"line":351,"column":20}},"loc":{"start":{"line":351,"column":31},"end":{"line":351,"column":57}},"line":351},"26":{"name":"updateKB","decl":{"start":{"line":378,"column":9},"end":{"line":378,"column":17}},"loc":{"start":{"line":378,"column":37},"end":{"line":439,"column":1}},"line":378},"27":{"name":"(anonymous_27)","decl":{"start":{"line":389,"column":28},"end":{"line":389,"column":29}},"loc":{"start":{"line":389,"column":40},"end":{"line":394,"column":3}},"line":389},"28":{"name":"(anonymous_28)","decl":{"start":{"line":396,"column":32},"end":{"line":396,"column":33}},"loc":{"start":{"line":396,"column":49},"end":{"line":436,"column":3}},"line":396},"29":{"name":"(anonymous_29)","decl":{"start":{"line":408,"column":31},"end":{"line":408,"column":32}},"loc":{"start":{"line":408,"column":43},"end":{"line":408,"column":65}},"line":408},"30":{"name":"(anonymous_30)","decl":{"start":{"line":409,"column":40},"end":{"line":409,"column":41}},"loc":{"start":{"line":40
[...]
:42},"end":{"line":216,"column":1}},"line":153},"8":{"name":"(anonymous_8)","decl":{"start":{"line":158,"column":17},"end":{"line":158,"column":18}},"loc":{"start":{"line":158,"column":21},"end":{"line":158,"column":93}},"line":158},"9":{"name":"(anonymous_9)","decl":{"start":{"line":159,"column":20},"end":{"line":159,"column":21}},"loc":{"start":{"line":159,"column":24},"end":{"line":159,"column":101}},"line":159},"10":{"name":"(anonymous_10)","decl":{"start":{"line":160,"column":20},"end":{"line":160,"column":21}},"loc":{"start":{"line":160,"column":24},"end":{"line":160,"column":94}},"line":160},"11":{"name":"(anonymous_11)","decl":{"start":{"line":161,"column":47},"end":{"line":161,"column":48}},"loc":{"start":{"line":161,"column":54},"end":{"line":161,"column":63}},"line":161},"12":{"name":"getLikes","decl":{"start":{"line":219,"column":9},"end":{"line":219,"column":17}},"loc":{"start":{"line":219,"column":27},"end":{"line":222,"column":1}},"line":219},"13":{"name":"hasPushed","decl":{"start":{"line":225,"column":9},"end":{"line":225,"column":18}},"loc":{"start":{"line":225,"column":36},"end":{"line":228,"column":1}},"line":225},"14":{"name":"savePush","decl":{"start":{"line":231,"column":9},"end":{"line":231,"column":17}},"loc":{"start":{"line":231,"column":61},"end":{"line":244,"column":1}},"line":231}},"branchMap":{"0":{"loc":{"start":{"line":44,"column":21},"end":{"line":44,"column":98}},"type":"binary-expr","locations":[{"start":{"line":44,"column":21},"end":{"line":44,"column":92}},{"start":{"line":44,"column":96},"end":{"line":44,"column":98}}],"line":44},"1":{"loc":{"start":{"line":48,"column":4},"end":{"line":63,"column":5}},"type":"if","locations":[{"start":{"line":48,"column":4},"end":{"line":63,"column":5}},{"start":{},"end":{}}],"line":48},"2":{"loc":{"start":{"line":48,"column":7},"end":{"line":48,"column":51}},"type":"binary-expr","locations":[{"start":{"line":48,"column":7},"end":{"line":48,"column":17}},{"start":{"line":48,"column":21},"end":{"line":48,"column":51}}],"line":48},"3":{"loc":{"start":{"line":49,"column":18},"end":{"line":49,"column":86}},"type":"binary-expr","locations":[{"start":{"line":49,"column":18},"end":{"line":49,"column":38}},{"start":{"line":49,"column":42},"end":{"line":49,"column":63}},{"start":{"line":49,"column":67},"end":{"line":49,"column":80}},{"start":{"line":49,"column":84},"end":{"line":49,"column":86}}],"line":49},"4":{"loc":{"start":{"line":51,"column":6},"end":{"line":51,"column":56}},"type":"if","locations":[{"start":{"line":51,"column":6},"end":{"line":51,"column":56}},{"start":{},"end":{}}],"line":51},"5":{"loc":{"start":{"line":53,"column":14},"end":{"line":53,"column":80}},"type":"binary-expr","locations":[{"start":{"line":53,"column":14},"end":{"line":53,"column":19}},{"start":{"line":53,"column":23},"end":{"line":53,"column":40}},{"start":{"line":53,"column":44},"end":{"line":53,"column":57}},{"start":{"line":53,"column":61},"end":{"line":53,"column":74}},{"start":{"line":53,"column":78},"end":{"line":53,"column":80}}],"line":53},"6":{"loc":{"start":{"line":54,"column":14},"end":{"line":54,"column":59}},"type":"binary-expr","locations":[{"start":{"line":54,"column":14},"end":{"line":54,"column":19}},{"start":{"line":54,"column":23},"end":{"line":54,"column":36}},{"start":{"line":54,"column":40},"end":{"line":54,"column":53}},{"start":{"line":54,"column":57},"end":{"line":54,"column":59}}],"line":54},"7":{"loc":{"start":{"line":56,"column":13},"end":{"line":56,"column":95}},"type":"binary-expr","locations":[{"start":{"line":56,"column":13},"end":{"line":56,"column":28}},{"start":{"line":56,"column":32},"end":{"line":56,"column":50}},{"start":{"line":56,"column":54},"end":{"line":56,"column":72}},{"start":{"line":56,"column":76},"end":{"line":56,"column":89}},{"start":{"line":56,"column":93},"end":{"line":56,"column":95}}],"line":56},"8":{"loc":{"start":{"line":57,"column":6},"end":{"line":60,"column":7}},"type":"if","locations":[{"start":{"line":57,"column":6},"end":{"line":60,"column":7}},{"start":{},"end":{}}],"line":57},"9":{"loc":{"start":{"line":57,"column":9},"end":{"line":57,"column":35}},"type":"binary-expr","locations":[{"start":{"line":57,"column":9},"end":{"line":57,"column":14}},{"start":{"line":57,"column":18},"end":{"line":57,"column":35}}],"line":57},"10":{"loc":{"start":{"line":62,"column":15},"end":{"line":62,"column":79}},"type":"binary-expr","locations":[{"start":{"line":62,"column":15},"end":{"line":62,"column":35}},{"start":{"line":62,"column":39},"end":{"line":62,"column":56}},{"start":{"line":62,"column":60},"end":{"line":62,"column":73}},{"start":{"line":62,"column":77},"end":{"line":62,"column":79}}],"line":62},"11":{"loc":{"start":{"line":68,"column":29},"end":{"line":68,"column":57}},"type":"binary-expr","locations":[{"start":{"line":68,"column":29},"end":{"line":68,"column":49}},{"start":{"line":68,"column":53},"end":{"line":68,"column":57}}],"line":68},"12":{"loc":{"start":{"line":72,"column":4},"end":{"line":72,"column":34}},"type":"if","locations":[{"start":{"line":72,"column":4},"end":{"line":72,"column":34}},{"start":{},"end":{}}],"line":72},"13":{"loc":{"start":{"line":74,"column":4},"end":{"line":82,"column":5}},"type":"if","locations":[{"start":{"line":74,"column":4},"end":{"line":82,"column":5}},{"start":{},"end":{}}],"line":74},"14":{"loc":{"start":{"line":77,"column":8},"end":{"line":80,"column":9}},"type":"if","locations":[{"start":{"line":77,"column":8},"end":{"line":80,"column":9}},{"start":{},"end":{}}],"line":77},"15":{"loc":{"start":{"line":79,"column":10},"end":{"line":79,"column":32}},"type":"if","locations":[{"start":{"line":79,"column":10},"end":{"line":79,"column":32}},{"start":{},"end":{}}],"line":79},"16":{"loc":{"start":{"line":87,"column":29},"end":{"line":87,"column":62}},"type":"binary-expr","locations":[{"start":{"line":87,"column":29},"end":{"line":87,"column":54}},{"start":{"line":87,"column":58},"end":{"line":87,"column":62}}],"line":87},"17":{"loc":{"start":{"line":90,"column":4},"end":{"line":96,"column":5}},"type":"if","locations":[{"start":{"line":90,"column":4},"end":{"line":96,"column":5}},{"start":{},"end":{}}],"line":90},"18":{"loc":{"start":{"line":93,"column":10},"end":{"line":93,"column":56}},"type":"if","locations":[{"start":{"line":93,"column":10},"end":{"line":93,"column":56}},{"start":{},"end":{}}],"line":93},"19":{"loc":{"start":{"line":100,"column":28},"end":{"line":100,"column":54}},"type":"binary-expr","locations":[{"start":{"line":100,"column":28},"end":{"line":100,"column":46}},{"start":{"line":100,"column":50},"end":{"line":100,"column":54}}],"line":100},"20":{"loc":{"start":{"line":102,"column":22},"end":{"line":102,"column":41}},"type":"binary-expr","locations":[{"start":{"line":102,"column":22},"end":{"line":102,"column":36}},{"start":{"line":102,"column":40},"end":{"line":102,"column":41}}],"line":102},"21":{"loc":{"start":{"line":107,"column":6},"end":{"line":107,"column":42}},"type":"if","locations":[{"start":{"line":107,"column":6},"end":{"line":107,"column":42}},{"start":{},"end":{}}],"line":107},"22":{"loc":{"start":{"line":111,"column":19},"end":{"line":111,"column":53}},"type":"binary-expr","locations":[{"start":{"line":111,"column":19},"end":{"line":111,"column":41}},{"start":{"line":111,"column":45},"end":{"line":111,"column":53}}],"line":111},"23":{"loc":{"start":{"line":113,"column":83},"end":{"line":113,"column":97}},"type":"binary-expr","locations":[{"start":{"line":113,"column":83},"end":{"line":113,"column":94}},{"start":{"line":113,"column":96},"end":{"line":113,"column":97}}],"line":113},"24":{"loc":{"start":{"line":114,"column":4},"end":{"line":116,"column":54}},"type":"if","locations":[{"start":{"line":114,"column":4},"end":{"line":116,"column":54}},{"start":{"line":115,"column":9},"end":{"line":116,"column":54}}],"line":114},"25":{"loc":{"start":{"line":115,"column":9},"end":{"line":116,"column":54}},"type":"if","locations":[{"start":{"line":115,"column":9},"end":{"line":116,"column":54}},{"start":{"line":116,"column":9},"end":{"line":116,"column":54}}],"line":115},"26":{"loc":{"start":{"line":116,"column":9},"end":{"line":116,"column":54}},"type":"if","locations":[{"start":{"line":116,"column":9},"end":{"line":116,"column":54}},{"start":{},"end":{}}],"line":116},"27":{"loc":{"start":{"line":121,"column":4},"end":{"line":144,"column":5}},"type":"if","locations":[{"start":{"line":121,"column":4},"end":{"line":144,"column":5}},{"start":{"line":136,"column":9},"end":{"line":144,"column":5}}],"line":121},"28":{"loc":{"start":{"line":154,"column":15},"end":{"line":154,"column":62}},"type":"binary-expr","locations":[{"start":{"line":154,"column":15},"end":{"line":154,"column":29}},{"start":{"line":154,"column":33},"end":{"line":154,"column":56}},{"start":{"line":154,"column":60},"end":{"line":154,"column":62}}],"line":154},"29":{"loc":{"start":{"line":155,"column":18},"end":{"line":155,"column":85}},"type":"binary-expr","locations":[{"start":{"line":155,"column":18},"end":{"line":155,"column":45}},{"start":{"line":155,"column":49},"end":{"line":155,"column":65}},{"start":{"line":155,"column":69},"end":{"line":155,"column":85}}],"line":155},"30":{"loc":{"start":{"line":156,"column":17},"end":{"line":156,"column":39}},"type":"binary-expr","locations":[{"start":{"line":156,"column":17},"end":{"line":156,"column":31}},{"start":{"line":156,"column":35},"end":{"line":156,"column":39}}],"line":156},"31":{"loc":{"start":{"line":157,"column":15},"end":{"line":157,"column":45}},"type":"binary-expr","locations":[{"start":{"line":157,"column":15},"end":{"line":157,"column":34}},{"start":{"line":157,"column":38},"end":{"line":157,"column":45}}],"line":157},"32":{"loc":{"start":{"line":158,"column":44},"end":{"line":158,"column":69}},"type":"binary-expr","locations":[{"start":{"line":158,"column":44},"end":{"line":158,"column":63}},{"start":{"line":158,"column":65},"end":{"line":158,"column":69}}],"line":158},"33":{"loc":{"start":{"line":159,"column":47},"end":{"line":159,"column":77}},"type":"binary-expr","locations":[{"start":{"line":159,"column":47},"end":{"line":159,"column":71}},{"start":{"line":159,"column":73},"end":{"line":159,"column":77}}],"line":159},"34":{"loc":{"start":{"line":160,"column":47},"end":{"line":160,"column":70}},"type":"binary-expr","locations":[{"start":{"line":160,"column":47},"end":{"line":160,"column":64}},{"start":{"line":160,"column":66},"end":{"line":160,"column":70}}],"line":160},"35":{"loc":{"start":{"line":162,"column":21},"end":{"line":162,"column":178}},"type":"cond-expr","locations":[{"start":{"line":162,"column":30},"end":{"line":162,"column":171}},{"start":{"line":162,"column":174},"end":{"line":162,"column":178}}],"line":162},"36":{"loc":{"start":{"line":162,"column":30},"end":{"line":162,"column":171}},"type":"binary-expr","locations":[{"start":{"line":162,"column":30},"end":{"line":162,"column":158}},{"start":{"line":162,"column":162},"end":{"line":162,"column":171}}],"line":162},"37":{"loc":{"start":{"line":166,"column":2},"end":{"line":171,"column":40}},"type":"if","locations":[{"start":{"line":166,"column":2},"end":{"line":171,"column":40}},{"start":{"line":167,"column":7},"end":{"line":171,"column":40}}],"line":166},"38":{"loc":{"start":{"line":167,"column":7},"end":{"line":171,"column":40}},"type":"if","locations":[{"start":{"line":167,"column":7},"end":{"line":171,"column":40}},{"start":{"line":168,"column":7},"end":{"line":171,"column":40}}],"line":167},"39":{"loc":{"start":{"line":168,"column":7},"end":{"line":171,"column":40}},"type":"if","locations":[{"start":{"line":168,"column":7},"end":{"line":171,"column":40}},{"start":{"line":169,"column":7},"end":{"line":171,"column":40}}],"line":168},"40":{"loc":{"start":{"line":169,"column":7},"end":{"line":171,"column":40}},"type":"if","locations":[{"start":{"line":169,"column":7},"end":{"line":171,"column":40}},{"start":{"line":170,"column":7},"end":{"line":171,"column":40}}],"line":169},"41":{"loc":{"start":{"line":170,"column":7},"end":{"line":171,"column":40}},"type":"if","locations":[{"start":{"line":170,"column":7},"end":{"line":171,"column":40}},{"start":{"line":171,"column":7},"end":{"line":171,"column":40}}],"line":170},"42":{"loc":{"start":{"line":175,"column":2},"end":{"line":179,"column":3}},"type":"if","locations":[{"start":{"line":175,"column":2},"end":{"line":179,"column":3}},{"start":{},"end":{}}],"line":175},"43":{"loc":{"start":{"line":175,"column":5},"end":{"line":175,"column":27}},"type":"binary-expr","locations":[{"start":{"line":175,"column":5},"end":{"line":175,"column":9}},{"start":{"line":175,"column":13},"end":{"line":175,"column":27}}],"line":175},"44":{"loc":{"start":{"line":178,"column":4},"end":{"line":178,"column":111}},"type":"if","locations":[{"start":{"line":178,"column":4},"end":{"line":178,"column":111}},{"start":{},"end":{}}],"line":178},"45":{"loc":{"start":{"line":183,"column":2},"end":{"line":185,"column":3}},"type":"if","locations":[{"start":{"line":183,"column":2},"end":{"line":185,"column":3}},{"start":{},"end":{}}],"line":183},"46":{"loc":{"start":{"line":183,"column":5},"end":{"line":183,"column":69}},"type":"binary-expr","locations":[{"start":{"line":183,"column":5},"end":{"line":183,"column":25}},{"start":{"line":183,"column":27},"end":{"line":183,"column":47}},{"start":{"line":183,"column":49},"end":{"line":183,"column":69}}],"line":183},"47":{"loc":{"start":{"line":184,"column":30},"end":{"line":184,"column":55}},"type":"binary-expr","locations":[{"start":{"line":184,"column":30},"end":{"line":184,"column":48}},{"start":{"line":184,"column":50},"end":{"line":184,"column":55}}],"line":184},"48":{"loc":{"start":{"line":186,"column":2},"end":{"line":188,"column":3}},"type":"if","locations":[{"start":{"line":186,"column":2},"end":{"line":188,"column":3}},{"start":{},"end":{}}],"line":186},"49":{"loc":{"start":{"line":187,"column":27},"end":{"line":187,"column":46}},"type":"binary-expr","locations":[{"start":{"line":187,"column":27},"end":{"line":187,"column":41}},{"start":{"line":187,"column":43},"end":{"line":187,"column":46}}],"line":187},"50":{"loc":{"start":{"line":189,"column":2},"end":{"line":191,"column":3}},"type":"if","locations":[{"start":{"line":189,"column":2},"end":{"line":191,"column":3}},{"start":{},"end":{}}],"line":189},"51":{"loc":{"start":{"line":190,"column":27},"end":{"line":190,"column":46}},"type":"binary-expr","locations":[{"start":{"line":190,"column":27},"end":{"line":190,"column":41}},{"start":{"line":190,"column":43},"end":{"line":190,"column":46}}],"line":190},"52":{"loc":{"start":{"line":190,"column":74},"end":{"line":190,"column":150}},"type":"cond-expr","locations":[{"start":{"line":190,"column":88},"end":{"line":190,"column":91}},{"start":{"line":190,"column":92},"end":{"line":190,"column":150}}],"line":190},"53":{"loc":{"start":{"line":190,"column":92},"end":{"line":190,"column":150}},"type":"cond-expr","locations":[{"start":{"line":190,"column":106},"end":{"line":190,"column":109}},{"start":{"line":190,"column":110},"end":{"line":190,"column":150}}],"line":190},"54":{"loc":{"start":{"line":190,"column":110},"end":{"line":190,"column":150}},"type":"cond-expr","locations":[{"start":{"line":190,"column":124},"end":{"line":190,"column":127}},{"start":{"line":190,"column":128},"end":{"line":190,"column":150}}],"line":190},"55":{"loc":{"start":{"line":190,"column":128},"end":{"line":190,"column":150}},"type":"cond-expr","locations":[{"start":{"line":190,"column":142},"end":{"line":190,"column":145}},{"start":{"line":190,"column":146},"end":{"line":190,"column":150}}],"line":190},"56":{"loc":{"start":{"line":190,"column":173},"end":{"line":190,"column":193}},"type":"binary-expr","locations":[{"start":{"line":190,"column":173},"end":{"line":190,"column":187}},{"start":{"line":190,"column":189},"end":{"line":190,"column":193}}],"line":190},"57":{"loc":{"start":{"line":192,"column":2},"end":{"line":194,"column":3}},"type":"if","locations":[{"start":{"line":192,"column":2},"end":{"line":194,"column":3}},{"start":{},"end":{}}],"line":192},"58":{"loc":{"start":{"line":192,"column":5},"end":{"line":192,"column":47}},"type":"binary-expr","locations":[{"start":{"line":192,"column":5},"end":{"line":192,"column":25}},{"start":{"line":192,"column":27},"end":{"line":192,"column":47}}],"line":192},"59":{"loc":{"start":{"line":195,"column":2},"end":{"line":197,"column":3}},"type":"if","locations":[{"start":{"line":195,"column":2},"end":{"line":197,"column":3}},{"start":{},"end":{}}],"line":195},"60":{"loc":{"start":{"line":201,"column":2},"end":{"line":203,"column":3}},"type":"if","locations":[{"start":{"line":201,"column":2},"end":{"line":203,"column":3}},{"start":{},"end":{}}],"line":201},"61":{"loc":{"start":{"line":201,"column":5},"end":{"line":201,"column":27}},"type":"binary-expr","locations":[{"start":{"line":201,"column":5},"end":{"line":201,"column":11}},{"start":{"line":201,"column":15},"end":{"line":201,"column":27}}],"line":201},"62":{"loc":{"start":{"line":207,"column":2},"end":{"line":210,"column":3}},"type":"if","locations":[{"start":{"line":207,"column":2},"end":{"line":210,"column":3}},{"start":{},"end":{}}],"line":207},"63":{"loc":{"start":{"line":215,"column":122},"end":{"line":215,"column":148}},"type":"binary-expr","locations":[{"start":{"line":215,"column":122},"end":{"line":215,"column":142}},{"start":{"line":215,"column":144},"end":{"line":215,"column":148}}],"line":215},"64":{"loc":{"start":{"line":221,"column":9},"end":{"line":221,"column":32}},"type":"binary-expr","locations":[{"start":{"line":221,"column":9},"end":{"line":221,"column":22}},{"start":{"line":221,"column":26},"end":{"line":221,"column":32}}],"line":221},"65":{"loc":{"start":{"line":234,"column":4},"end":{"line":240,"column":5}},"type":"if","locations":[{"start":{"line":234,"column":4},"end":{"line":240,"column":5}},{"start":{"line":237,"column":9},"end":{"line":240,"column":5}}],"line":234}},"s":{"0":3,"1":3,"2":3,"3":3,"4":3,"5":8,"6":8,"7":7,"8":7,"9":7,"10":7,"11":7,"12":7,"13":7,"14":7,"15":7,"16":2,"17":7,"18":7,"19":7,"20":7,"21":0,"22":0,"23":0,"24":7,"25":7,"26":7,"27":7,"28":7,"29":5,"30":7,"31":7,"32":7,"33":7,"34":3,"35":3,"36":21,"37":128,"38":4,"39":4,"40":4,"41":7,"42":7,"43":7,"44":7,"45":1,"46":7,"47":3,"48":21,"49":153,"50":5,"51":7,"52":7,"53":7,"54":0,"55":7,"56":7,"57":7,"58":7,"59":11,"60":7,"61":7,"62":7,"63":7,"64":7,"65":35,"66":7,"67":1,"68":6,"69":1,"70":5,"71":3,"72":7,"73":7,"74":7,"75":4,"76":3,"77":7,"78":1,"79":5,"80":5,"81":5,"82":5,"83":5,"84":5,"85":5,"86":0,"87":5,"88":5,"89":5,"90":0,"91":5,"92":5,"93":5,"94":0,"95":5,"96":0,"97":5,"98":5,"99":5,"100":1,"101":4,"102":2,"103":2,"104":0,"105":2,"106":1,"107":1,"108":0,"109":1,"110":5,"111":5,"112":1,"113":1,"114":1,"115":1,"116":5,"117":5,"118":3,"119":5,"120":0,"121":5,"122":1,"123":5,"124":0,"125":5,"126":1,"127":5,"128":5,"129":1,"130":5,"131":5,"132":2,"133":2,"134":5,"135":5,"136":0,"137":0,"138":5,"139":4,"140":3,"141":3,"142":2,"143":1,"144":1,"145":1,"146":1,"147":1,"148":3},"f":{"0":8,"1":0,"2":5,"3":128,"4":1,"5":7,"6":35,"7":5,"8":5,"9":5,"10":5,"11":0,"12":0,"13":5,"14":3},"b":{"0":[8,3],"1":[7,0],"2":[7,7],"3":[7,5,5,5],"4":[2,5],"5":[7,5,5,5,5],"6":[7,7,7,7],"7":[7,7,7,7,7],"8":[0,7],"9":[7,7],"10":[7,7,7,7],"11":[7,3],"12":[7,0],"13":[3,4],"14":[4,17],"15":[4,0],"16":[7,3],"17":[3,4],"18":[5,148],"19":[7,3],"20":[7,6],"21":[7,4],"22":[7,3],"23":[35,32],"24":[1,6],"25":[1,5],"26":[3,2],"27":[4,3],"28":[5,1,1],"29":[5,1,1],"30":[5,1],"31":[5,4],"32":[5,0],"33":[5,0],"34":[5,0],"35":[1,4],"36":[1,0],"37":[1,4],"38":[2,2],"39":[0,2],"40":[1,1],"41":[0,1],"42":[1,4],"43":[5,5],"44":[1,0],"45":[3,2],"46":[5,3,2],"47":[3,0],"48":[0,5],"49":[0,0],"50":[1,4],"51":[1,0],"52":[0,1],"53":[0,1],"54":[0,1],"55":[0,1],"56":[1,1],"57":[0,5],"58":[5,5],"59":[1,4],"60":[1,4],"61":[5,1],"62":[2,3],"63":[5,4],"64":[0,0],"65":[1,1]},"_coverageSchema":"1a1c01bbd47fc00a2c39e90264f33305004495a9","hash":"acf8b92b2786c7f9b19897ea1a6bd681692b04d2"}
}
