TN:
SF:server/api-response.js
FN:24,httpStatusFor
FN:41,apiResp
FN:59,(anonymous_2)
FN:60,(anonymous_3)
FN:61,(anonymous_4)
FN:62,(anonymous_5)
FN:63,(anonymous_6)
FN:64,(anonymous_7)
FN:65,(anonymous_8)
FN:66,(anonymous_9)
FN:67,(anonymous_10)
FN:71,(anonymous_11)
FNF:12
FNH:12
FNDA:75,httpStatusFor
FNDA:50,apiResp
FNDA:15,(anonymous_2)
FNDA:5,(anonymous_3)
FNDA:5,(anonymous_4)
FNDA:1,(anonymous_5)
FNDA:1,(anonymous_6)
FNDA:1,(anonymous_7)
FNDA:1,(anonymous_8)
FNDA:1,(anonymous_9)
FNDA:1,(anonymous_10)
FNDA:1,(anonymous_11)
DA:7,5
DA:8,5
DA:25,75
DA:26,46
DA:27,46
DA:31,46
DA:42,50
DA:43,50
DA:51,50
DA:53,25
DA:55,25
DA:59,15
DA:60,5
DA:61,5
DA:62,5
DA:63,5
DA:64,5
DA:65,5
DA:66,5
DA:67,5
DA:68,1
DA:69,1
DA:71,5
DA:73,5
LF:24
LH:24
BRDA:25,0,0,29
BRDA:25,0,1,46
BRDA:31,1,0,46
BRDA:31,1,1,5
BRDA:45,2,0,50
BRDA:45,2,1,3
BRDA:45,3,0,2
BRDA:45,3,1,1
BRDA:46,4,0,1
BRDA:46,4,1,49
BRDA:47,5,0,50
BRDA:47,5,1,50
BRDA:51,6,0,25
BRDA:51,6,1,25
BRDA:51,7,0,50
BRDA:51,7,1,26
BRDA:51,7,2,25
BRDA:51,7,3,25
BRDA:62,8,0,1
BRDA:64,9,0,0
BRDA:65,10,0,1
BRF:21
BRH:20
end_of_record
TN:
SF:server/case-quality.js
FN:20,scoreCase
FN:116,scoreAllCases
FN:119,(anonymous_2)
FN:126,(anonymous_3)
FN:132,updateEffectiveness
FN:150,getQualityStats
FN:184,getCasesNeedingFollowUp
FNF:7
FNH:7
FNDA:15,scoreCase
FNDA:2,scoreAllCases
FNDA:2,(anonymous_2)
FNDA:2,(anonymous_3)
FNDA:5,updateEffectiveness
FNDA:3,getQualityStats
FNDA:3,getCasesNeedingFollowUp
DA:5,4
DA:6,4
DA:7,4
DA:9,4
DA:12,4
DA:21,15
DA:22,15
DA:25,13
DA:26,13
DA:29,13
DA:30,13
DA:31,13
DA:32,13
DA:33,13
DA:34,13
DA:35,13
DA:38,13
DA:39,13
DA:41,13
DA:42,13
DA:43,13
DA:44,13
DA:45,13
DA:47,13
DA:48,13
DA:51,13
DA:52,5
DA:53,5
DA:55,5
DA:57,5
DA:61,13
DA:62,3
DA:66,13
DA:67,13
DA:68,13
DA:69,4
DA:72,13
DA:75,13
DA:76,13
DA:78,13
DA:80,13
DA:81,10
DA:82,9
DA:83,7
DA:84,7
DA:85,7
DA:87,13
DA:90,13
DA:92,13
DA:93,13
DA:96,13
DA:103,13
DA:117,2
DA:118,2
DA:119,2
DA:120,2
DA:121,2
DA:123,2
DA:126,2
DA:134,5
DA:136,3
DA:139,3
DA:141,3
DA:151,3
DA:152,3
DA:153,3
DA:154,3
DA:157,3
DA:173,3
DA:185,3
DA:195,4
LF:71
LH:71
BRDA:22,0,0,2
BRDA:22,0,1,13
BRDA:29,1,0,3
BRDA:29,1,1,10
BRDA:30,2,0,3
BRDA:30,2,1,10
BRDA:31,3,0,3
BRDA:31,3,1,10
BRDA:32,4,0,3
BRDA:32,4,1,10
BRDA:33,5,0,5
BRDA:33,5,1,8
BRDA:34,6,0,3
BRDA:34,6,1,10
BRDA:41,7,0,5
BRDA:41,7,1,8
BRDA:42,8,0,13
BRDA:42,8,1,12
BRDA:43,9,0,13
BRDA:43,9,1,9
BRDA:44,10,0,3
BRDA:44,10,1,10
BRDA:45,11,0,4
BRDA:45,11,1,9
BRDA:51,12,0,5
BRDA:51,12,1,8
BRDA:52,13,0,4
BRDA:52,13,1,1
BRDA:53,14,0,2
BRDA:53,14,1,3
BRDA:55,15,0,4
BRDA:55,15,1,1
BRDA:57,16,0,4
BRDA:57,16,1,1
BRDA:61,17,0,3
BRDA:61,17,1,10
BRDA:61,18,0,13
BRDA:61,18,1,4
BRDA:66,19,0,4
BRDA:66,19,1,9
BRDA:67,20,0,4
BRDA:67,20,1,9
BRDA:68,21,0,4
BRDA:68,21,1,9
BRDA:68,22,0,13
BRDA:68,22,1,4
BRDA:78,23,0,13
BRDA:78,23,1,7
BRDA:80,24,0,3
BRDA:80,24,1,10
BRDA:81,25,0,1
BRDA:81,25,1,9
BRDA:82,26,0,2
BRDA:82,26,1,7
BRDA:83,27,0,0
BRDA:83,27,1,7
BRDA:84,28,0,0
BRDA:84,28,1,7
BRDA:93,29,0,3
BRDA:93,29,1,10
BRDA:134,30,0,2
BRDA:134,30,1,3
BRDA:134,31,0,5
BRDA:134,31,1,4
BRDA:177,32,0,2
BRDA:177,32,1,1
BRF:66
BRH:64
end_of_record
TN:
SF:server/data-export-guard.js
FN:97,maskName
FN:104,maskAddress
FN:112,maskIDCard
FN:119,maskTextHigh
FN:124,(anonymous_4)
FN:126,(anonymous_5)
FN:128,(anonymous_6)
FN:132,maskTextMid
FN:136,(anonymous_8)
FN:141,maskCaseNo
FN:147,sanitizeField
FN:176,semiMask
FN:200,sanitizeRow
FN:204,(anonymous_13)
FN:214,sanitizeRows
FN:215,(anonymous_15)
FN:223,logExport
FN:247,generateWatermark
FN:264,encryptArchive
FN:269,decryptArchive
FN:276,generateUnlockToken
FN:292,rowsToCSV
FN:298,(anonymous_22)
FN:312,rowsToJSON
FNF:24
FNH:17
FNDA:9,maskName
FNDA:3,maskAddress
FNDA:3,maskIDCard
FNDA:3,maskTextHigh
FNDA:1,(anonymous_4)
FNDA:0,(anonymous_5)
FNDA:1,(anonymous_6)
FNDA:2,maskTextMid
FNDA:1,(anonymous_8)
FNDA:0,maskCaseNo
FNDA:9,sanitizeField
FNDA:0,semiMask
FNDA:6,sanitizeRow
FNDA:5,(anonymous_13)
FNDA:1,sanitizeRows
FNDA:2,(anonymous_15)
FNDA:0,logExport
FNDA:4,generateWatermark
FNDA:0,encryptArchive
FNDA:0,decryptArchive
FNDA:0,generateUnlockToken
FNDA:3,rowsToCSV
FNDA:5,(anonymous_22)
FNDA:2,rowsToJSON
DA:19,4
DA:20,4
DA:21,4
DA:22,4
DA:23,4
DA:25,4
DA:26,4
DA:28,4
DA:32,4
DA:83,4
DA:98,9
DA:99,7
DA:100,6
DA:101,3
DA:105,3
DA:107,2
DA:108,2
DA:109,1
DA:113,3
DA:114,2
DA:115,2
DA:116,1
DA:120,3
DA:122,2
DA:124,2
DA:126,2
DA:128,2
DA:129,2
DA:133,2
DA:135,2
DA:136,2
DA:137,2
DA:138,2
DA:142,0
DA:143,0
DA:144,0
DA:148,9
DA:149,9
DA:150,8
DA:153,6
DA:154,0
DA:158,6
DA:159,3
DA:160,3
DA:161,0
DA:162,0
DA:163,0
DA:164,0
DA:165,0
DA:166,0
DA:167,0
DA:168,0
DA:177,0
DA:178,0
DA:179,0
DA:180,0
DA:181,0
DA:182,0
DA:183,0
DA:184,0
DA:185,0
DA:186,0
DA:187,0
DA:188,0
DA:189,0
DA:201,6
DA:202,5
DA:204,5
DA:205,5
DA:206,5
DA:207,44
DA:208,9
DA:211,5
DA:215,2
DA:224,0
DA:225,0
DA:226,0
DA:237,0
DA:239,0
DA:240,0
DA:248,4
DA:249,4
DA:250,4
DA:251,4
DA:265,0
DA:266,0
DA:270,0
DA:271,0
DA:277,0
DA:278,0
DA:279,0
DA:280,0
DA:287,0
DA:293,3
DA:294,2
DA:295,2
DA:296,2
DA:297,2
DA:298,3
DA:299,5
DA:300,5
DA:301,5
DA:302,5
DA:303,5
DA:305,3
DA:308,2
DA:309,2
DA:313,2
DA:320,4
LF:109
LH:69
BRDA:28,0,0,4
BRDA:28,0,1,4
BRDA:28,0,2,4
BRDA:98,1,0,2
BRDA:98,1,1,7
BRDA:99,2,0,1
BRDA:99,2,1,6
BRDA:100,3,0,3
BRDA:100,3,1,3
BRDA:105,4,0,1
BRDA:105,4,1,2
BRDA:108,5,0,1
BRDA:108,5,1,1
BRDA:108,6,0,0
BRDA:108,6,1,1
BRDA:113,7,0,1
BRDA:113,7,1,2
BRDA:115,8,0,1
BRDA:115,8,1,1
BRDA:120,9,0,1
BRDA:120,9,1,2
BRDA:129,10,0,0
BRDA:129,10,1,2
BRDA:133,11,0,0
BRDA:133,11,1,2
BRDA:142,12,0,0
BRDA:142,12,1,0
BRDA:148,13,0,0
BRDA:148,13,1,9
BRDA:148,14,0,9
BRDA:148,14,1,9
BRDA:149,15,0,1
BRDA:149,15,1,8
BRDA:150,16,0,2
BRDA:150,16,1,6
BRDA:153,17,0,0
BRDA:153,17,1,6
BRDA:158,18,0,3
BRDA:158,18,1,3
BRDA:158,18,2,0
BRDA:158,18,3,0
BRDA:158,18,4,0
BRDA:158,18,5,0
BRDA:158,18,6,0
BRDA:158,18,7,0
BRDA:158,18,8,0
BRDA:158,18,9,0
BRDA:177,19,0,0
BRDA:177,19,1,0
BRDA:179,20,0,0
BRDA:179,20,1,0
BRDA:179,20,2,0
BRDA:179,20,3,0
BRDA:179,20,4,0
BRDA:179,20,5,0
BRDA:179,20,6,0
BRDA:179,20,7,0
BRDA:179,20,8,0
BRDA:179,20,9,0
BRDA:180,21,0,0
BRDA:180,21,1,0
BRDA:182,22,0,0
BRDA:182,22,1,0
BRDA:184,23,0,0
BRDA:184,23,1,0
BRDA:201,24,0,1
BRDA:201,24,1,5
BRDA:201,25,0,6
BRDA:201,25,1,5
BRDA:202,26,0,5
BRDA:202,26,1,1
BRDA:204,27,0,5
BRDA:204,27,1,0
BRDA:207,28,0,9
BRDA:207,28,1,35
BRDA:229,29,0,0
BRDA:229,29,1,0
BRDA:230,30,0,0
BRDA:230,30,1,0
BRDA:265,31,0,0
BRDA:265,31,1,0
BRDA:270,32,0,0
BRDA:270,32,1,0
BRDA:277,33,0,0
BRDA:277,33,1,0
BRDA:293,34,0,1
BRDA:293,34,1,2
BRDA:293,35,0,3
BRDA:293,35,1,3
BRDA:300,36,0,0
BRDA:300,36,1,5
BRDA:300,37,0,5
BRDA:300,37,1,5
BRDA:302,38,0,0
BRDA:302,38,1,5
BRDA:302,39,0,5
BRDA:302,39,1,5
BRDA:302,39,2,5
BRF:98
BRH:52
end_of_record
TN:
SF:server/distillation-engine.js
FN:27,generateBatchId
FN:31,parseJSON
FN:38,scanHighQualityCases
FN:76,(anonymous_3)
FN:102,extractPatterns
FN:107,(anonymous_5)
FN:156,(anonymous_6)
FN:165,(anonymous_7)
FN:170,(anonymous_8)
FN:172,(anonymous_9)
FN:176,(anonymous_10)
FN:180,(anonymous_11)
FN:182,(anonymous_12)
FN:201,(anonymous_13)
FN:207,validateKnowledge
FN:215,(anonymous_15)
FN:222,(anonymous_16)
FN:268,matchKbFile
FN:295,buildPatternText
FN:310,computeSimilarity
FN:312,extractTerms
FN:316,(anonymous_21)
FN:331,(anonymous_22)
FN:337,checkLogicalConsistency
FN:349,(anonymous_24)
FN:351,(anonymous_25)
FN:378,updateKB
FN:389,(anonymous_27)
FN:396,(anonymous_28)
FN:408,(anonymous_29)
FN:409,(anonymous_30)
FN:442,generateKnowledgeBlock
FN:450,(anonymous_32)
FN:475,insertKnowledgeBlock
FN:503,createVersion
FN:538,rollbackVersion
FN:566,getKBVersions
FN:583,createBatch
FN:588,(anonymous_38)
FN:600,updateBatchStatus
FN:626,getBatches
FN:639,getBatchDetail
FN:650,runFullDistillation
FN:667,(anonymous_43)
FN:684,(anonymous_44)
FN:694,(anonymous_45)
FN:702,applyDistillation
FN:716,(anonymous_47)
FN:722,(anonymous_48)
FNF:49
FNH:36
FNDA:7,generateBatchId
FNDA:6,parseJSON
FNDA:6,scanHighQualityCases
FNDA:6,(anonymous_3)
FNDA:7,extractPatterns
FNDA:7,(anonymous_5)
FNDA:6,(anonymous_6)
FNDA:2,(anonymous_7)
FNDA:0,(anonymous_8)
FNDA:1,(anonymous_9)
FNDA:3,(anonymous_10)
FNDA:1,(anonymous_11)
FNDA:2,(anonymous_12)
FNDA:1,(anonymous_13)
FNDA:5,validateKnowledge
FNDA:28,(anonymous_15)
FNDA:4,(anonymous_16)
FNDA:4,matchKbFile
FNDA:4,buildPatternText
FNDA:4,computeSimilarity
FNDA:8,extractTerms
FNDA:92288,(anonymous_21)
FNDA:87,(anonymous_22)
FNDA:4,checkLogicalConsistency
FNDA:3,(anonymous_24)
FNDA:6,(anonymous_25)
FNDA:2,updateKB
FNDA:0,(anonymous_27)
FNDA:0,(anonymous_28)
FNDA:0,(anonymous_29)
FNDA:0,(anonymous_30)
FNDA:0,generateKnowledgeBlock
FNDA:0,(anonymous_32)
FNDA:0,insertKnowledgeBlock
FNDA:0,createVersion
FNDA:1,rollbackVersion
FNDA:3,getKBVersions
FNDA:4,createBatch
FNDA:3,(anonymous_38)
FNDA:4,updateBatchStatus
FNDA:2,getBatches
FNDA:6,getBatchDetail
FNDA:2,runFullDistillation
FNDA:2,(anonymous_43)
FNDA:0,(anonymous_44)
FNDA:2,(anonymous_45)
FNDA:0,applyDistillation
FNDA:0,(anonymous_47)
FNDA:0,(anonymous_48)
DA:5,4
DA:6,4
DA:7,4
DA:8,4
DA:9,4
DA:11,4
DA:14,4
DA:24,4
DA:28,7
DA:32,6
DA:33,6
DA:39,6
DA:40,6
DA:41,6
DA:44,6
DA:59,6
DA:60,6
DA:76,6
DA:77,6
DA:103,7
DA:106,5
DA:107,5
DA:108,7
DA:109,7
DA:110,7
DA:112,7
DA:113,4
DA:114,3
DA:115,3
DA:116,3
DA:118,7
DA:120,7
DA:121,7
DA:122,6
DA:135,7
DA:136,7
DA:137,7
DA:138,7
DA:141,7
DA:142,2
DA:145,7
DA:146,2
DA:149,7
DA:150,0
DA:155,5
DA:156,5
DA:157,6
DA:160,6
DA:161,6
DA:164,6
DA:165,6
DA:166,2
DA:167,2
DA:169,6
DA:170,0
DA:172,1
DA:175,6
DA:176,6
DA:177,3
DA:179,6
DA:180,1
DA:182,2
DA:184,6
DA:201,5
DA:202,5
DA:208,5
DA:210,4
DA:211,4
DA:214,4
DA:215,4
DA:216,28
DA:217,28
DA:218,24
DA:222,4
DA:223,4
DA:226,4
DA:227,3
DA:231,4
DA:232,3
DA:236,4
DA:237,4
DA:239,4
DA:240,4
DA:241,4
DA:242,4
DA:243,0
DA:245,4
DA:249,4
DA:250,4
DA:251,4
DA:252,0
DA:256,4
DA:257,3
DA:258,3
DA:260,1
DA:264,4
DA:269,4
DA:273,4
DA:274,2
DA:276,2
DA:277,0
DA:279,2
DA:280,0
DA:282,2
DA:283,0
DA:285,2
DA:286,0
DA:288,2
DA:289,0
DA:291,2
DA:296,4
DA:306,4
DA:313,8
DA:314,8
DA:315,8
DA:316,8
DA:317,92288
DA:318,84596
DA:319,393218
DA:323,8
DA:326,4
DA:327,4
DA:328,4
DA:330,4
DA:331,87
DA:332,4
DA:333,4
DA:338,4
DA:347,4
DA:348,4
DA:349,4
DA:350,3
DA:351,6
DA:355,4
DA:356,4
DA:357,4
DA:358,22
DA:359,2
DA:360,2
DA:365,4
DA:366,2
DA:369,0
DA:373,4
DA:379,2
DA:380,2
DA:383,0
DA:384,0
DA:385,0
DA:388,0
DA:389,0
DA:390,0
DA:391,0
DA:392,0
DA:393,0
DA:396,0
DA:397,0
DA:398,0
DA:400,0
DA:401,0
DA:402,0
DA:405,0
DA:408,0
DA:409,0
DA:410,0
DA:412,0
DA:415,0
DA:418,0
DA:434,0
DA:435,0
DA:438,0
DA:443,0
DA:444,0
DA:445,0
DA:446,0
DA:447,0
DA:448,0
DA:450,0
DA:451,0
DA:452,0
DA:453,0
DA:454,0
DA:455,0
DA:456,0
DA:457,0
DA:458,0
DA:460,0
DA:461,0
DA:463,0
DA:464,0
DA:466,0
DA:469,0
DA:470,0
DA:471,0
DA:480,0
DA:483,0
DA:484,0
DA:485,0
DA:489,0
DA:490,0
DA:494,0
DA:495,0
DA:498,0
DA:504,0
DA:505,0
DA:506,0
DA:507,0
DA:511,0
DA:515,0
DA:516,0
DA:517,0
DA:520,0
DA:521,0
DA:523,0
DA:528,0
DA:539,1
DA:540,1
DA:542,0
DA:543,0
DA:546,0
DA:547,0
DA:548,0
DA:549,0
DA:557,0
DA:560,0
DA:562,0
DA:567,3
DA:568,1
DA:574,2
DA:584,4
DA:585,4
DA:586,4
DA:587,4
DA:588,3
DA:591,4
DA:596,4
DA:601,4
DA:602,4
DA:604,4
DA:606,0
DA:607,0
DA:608,0
DA:609,0
DA:610,0
DA:611,0
DA:612,0
DA:613,0
DA:614,0
DA:617,4
DA:618,0
DA:620,4
DA:622,4
DA:627,2
DA:628,2
DA:640,6
DA:641,6
DA:643,0
DA:644,0
DA:645,0
DA:646,0
DA:652,2
DA:653,2
DA:654,0
DA:658,2
DA:659,2
DA:660,0
DA:664,2
DA:667,2
DA:668,2
DA:669,2
DA:672,2
DA:673,2
DA:674,0
DA:678,2
DA:685,0
DA:695,2
DA:703,0
DA:704,0
DA:706,0
DA:707,0
DA:711,0
DA:712,0
DA:715,0
DA:716,0
DA:719,0
DA:720,0
DA:722,0
DA:723,0
DA:724,0
DA:726,0
DA:728,0
DA:730,0
DA:731,0
DA:735,0
DA:737,0
DA:745,4
LF:295
LH:170
BRDA:32,0,0,0
BRDA:32,0,1,6
BRDA:39,1,0,6
BRDA:39,1,1,0
BRDA:40,2,0,6
BRDA:40,2,1,0
BRDA:41,3,0,6
BRDA:41,3,1,1
BRDA:59,4,0,6
BRDA:59,4,1,0
BRDA:82,5,0,0
BRDA:82,5,1,6
BRDA:83,6,0,6
BRDA:83,6,1,6
BRDA:84,7,0,6
BRDA:84,7,1,0
BRDA:85,8,0,6
BRDA:85,8,1,0
BRDA:86,9,0,6
BRDA:86,9,1,0
BRDA:87,10,0,6
BRDA:87,10,1,0
BRDA:88,11,0,6
BRDA:88,11,1,0
BRDA:89,12,0,6
BRDA:89,12,1,0
BRDA:90,13,0,6
BRDA:90,13,1,0
BRDA:103,14,0,2
BRDA:103,14,1,5
BRDA:103,15,0,7
BRDA:103,15,1,6
BRDA:108,16,0,7
BRDA:108,16,1,3
BRDA:109,17,0,7
BRDA:109,17,1,0
BRDA:112,18,0,4
BRDA:112,18,1,3
BRDA:112,19,0,7
BRDA:112,19,1,7
BRDA:114,20,0,3
BRDA:114,20,1,0
BRDA:116,21,0,0
BRDA:116,21,1,3
BRDA:118,22,0,3
BRDA:118,22,1,4
BRDA:121,23,0,6
BRDA:121,23,1,1
BRDA:138,24,0,7
BRDA:138,24,1,3
BRDA:141,25,0,2
BRDA:141,25,1,5
BRDA:141,26,0,7
BRDA:141,26,1,7
BRDA:145,27,0,2
BRDA:145,27,1,5
BRDA:145,28,0,7
BRDA:145,28,1,7
BRDA:149,29,0,0
BRDA:149,29,1,7
BRDA:149,30,0,7
BRDA:149,30,1,7
BRDA:157,31,0,6
BRDA:157,31,1,0
BRDA:167,32,0,2
BRDA:167,32,1,1
BRDA:177,33,0,3
BRDA:177,33,1,2
BRDA:195,34,0,6
BRDA:195,34,1,6
BRDA:208,35,0,1
BRDA:208,35,1,4
BRDA:208,36,0,5
BRDA:208,36,1,5
BRDA:217,37,0,24
BRDA:217,37,1,4
BRDA:226,38,0,3
BRDA:226,38,1,1
BRDA:231,39,0,3
BRDA:231,39,1,1
BRDA:239,40,0,4
BRDA:239,40,1,0
BRDA:239,41,0,4
BRDA:239,41,1,4
BRDA:242,42,0,0
BRDA:242,42,1,4
BRDA:249,43,0,4
BRDA:249,43,1,0
BRDA:249,44,0,4
BRDA:249,44,1,4
BRDA:251,45,0,0
BRDA:251,45,1,4
BRDA:256,46,0,3
BRDA:256,46,1,1
BRDA:270,47,0,4
BRDA:270,47,1,0
BRDA:270,48,0,4
BRDA:270,48,1,0
BRDA:273,49,0,2
BRDA:273,49,1,2
BRDA:273,50,0,4
BRDA:273,50,1,2
BRDA:276,51,0,0
BRDA:276,51,1,2
BRDA:279,52,0,0
BRDA:279,52,1,2
BRDA:282,53,0,0
BRDA:282,53,1,2
BRDA:285,54,0,0
BRDA:285,54,1,2
BRDA:288,55,0,0
BRDA:288,55,1,2
BRDA:302,56,0,4
BRDA:302,56,1,0
BRDA:303,57,0,4
BRDA:303,57,1,0
BRDA:304,58,0,4
BRDA:304,58,1,4
BRDA:317,59,0,84596
BRDA:317,59,1,7692
BRDA:328,60,0,0
BRDA:328,60,1,4
BRDA:328,61,0,4
BRDA:328,61,1,4
BRDA:331,62,0,30
BRDA:331,62,1,57
BRDA:333,63,0,4
BRDA:333,63,1,0
BRDA:347,64,0,4
BRDA:347,64,1,2
BRDA:350,65,0,3
BRDA:350,65,1,0
BRDA:358,66,0,2
BRDA:358,66,1,20
BRDA:365,67,0,2
BRDA:365,67,1,2
BRDA:365,68,0,4
BRDA:365,68,1,2
BRDA:366,69,0,0
BRDA:366,69,1,2
BRDA:379,70,0,2
BRDA:379,70,1,0
BRDA:379,71,0,2
BRDA:379,71,1,2
BRDA:390,72,0,0
BRDA:390,72,1,0
BRDA:391,73,0,0
BRDA:391,73,1,0
BRDA:391,74,0,0
BRDA:391,74,1,0
BRDA:392,75,0,0
BRDA:392,75,1,0
BRDA:400,76,0,0
BRDA:400,76,1,0
BRDA:457,77,0,0
BRDA:457,77,1,0
BRDA:457,78,0,0
BRDA:457,78,1,0
BRDA:460,79,0,0
BRDA:460,79,1,0
BRDA:460,80,0,0
BRDA:460,80,1,0
BRDA:463,81,0,0
BRDA:463,81,1,0
BRDA:484,82,0,0
BRDA:484,82,1,0
BRDA:489,83,0,0
BRDA:489,83,1,0
BRDA:506,84,0,0
BRDA:506,84,1,0
BRDA:515,85,0,0
BRDA:515,85,1,0
BRDA:515,85,2,0
BRDA:516,86,0,0
BRDA:516,86,1,0
BRDA:540,87,0,1
BRDA:540,87,1,0
BRDA:546,88,0,0
BRDA:546,88,1,0
BRDA:567,89,0,1
BRDA:567,89,1,2
BRDA:604,90,0,0
BRDA:604,90,1,4
BRDA:606,91,0,0
BRDA:606,91,1,0
BRDA:609,92,0,0
BRDA:609,92,1,0
BRDA:612,93,0,0
BRDA:612,93,1,0
BRDA:612,94,0,0
BRDA:612,94,1,0
BRDA:617,95,0,0
BRDA:617,95,1,4
BRDA:627,96,0,2
BRDA:627,96,1,0
BRDA:640,97,0,6
BRDA:640,97,1,5
BRDA:641,98,0,6
BRDA:641,98,1,0
BRDA:653,99,0,0
BRDA:653,99,1,2
BRDA:659,100,0,0
BRDA:659,100,1,2
BRDA:673,101,0,0
BRDA:673,101,1,2
BRDA:704,102,0,0
BRDA:704,102,1,0
BRDA:706,103,0,0
BRDA:706,103,1,0
BRDA:711,104,0,0
BRDA:711,104,1,0
BRDA:711,105,0,0
BRDA:711,105,1,0
BRDA:711,105,2,0
BRDA:715,106,0,0
BRDA:715,106,1,0
BRDA:723,107,0,0
BRDA:723,107,1,0
BRF:218
BRH:121
end_of_record
TN:
SF:server/distillation-routes.js
FN:13,(anonymous_0)
FN:24,(anonymous_1)
FN:43,(anonymous_2)
FN:55,(anonymous_3)
FN:64,(anonymous_4)
FN:85,(anonymous_5)
FN:105,(anonymous_6)
FN:113,(anonymous_7)
FN:128,(anonymous_8)
FN:155,(anonymous_9)
FN:159,(anonymous_10)
FN:189,(anonymous_11)
FN:204,(anonymous_12)
FN:216,(anonymous_13)
FN:228,(anonymous_14)
FN:240,(anonymous_15)
FN:254,(anonymous_16)
FN:266,(anonymous_17)
FN:277,(anonymous_18)
FN:290,(anonymous_19)
FN:301,(anonymous_20)
FN:312,(anonymous_21)
FNF:22
FNH:17
FNDA:1,(anonymous_0)
FNDA:1,(anonymous_1)
FNDA:1,(anonymous_2)
FNDA:1,(anonymous_3)
FNDA:1,(anonymous_4)
FNDA:2,(anonymous_5)
FNDA:0,(anonymous_6)
FNDA:0,(anonymous_7)
FNDA:2,(anonymous_8)
FNDA:1,(anonymous_9)
FNDA:1,(anonymous_10)
FNDA:1,(anonymous_11)
FNDA:1,(anonymous_12)
FNDA:1,(anonymous_13)
FNDA:0,(anonymous_14)
FNDA:1,(anonymous_15)
FNDA:1,(anonymous_16)
FNDA:0,(anonymous_17)
FNDA:0,(anonymous_18)
FNDA:1,(anonymous_19)
FNDA:1,(anonymous_20)
FNDA:1,(anonymous_21)
DA:4,3
DA:5,3
DA:6,3
DA:7,3
DA:8,3
DA:9,3
DA:10,3
DA:13,3
DA:14,1
DA:15,1
DA:19,1
DA:20,1
DA:25,1
DA:37,0
DA:38,0
DA:43,3
DA:44,1
DA:45,1
DA:49,1
DA:50,1
DA:51,0
DA:54,1
DA:55,1
DA:56,1
DA:57,1
DA:59,1
DA:65,1
DA:79,0
DA:80,0
DA:85,3
DA:86,2
DA:87,2
DA:88,2
DA:90,1
DA:91,1
DA:93,0
DA:94,0
DA:97,0
DA:99,0
DA:106,0
DA:114,0
DA:122,0
DA:123,0
DA:128,3
DA:129,2
DA:130,2
DA:131,2
DA:133,1
DA:134,1
DA:137,0
DA:138,0
DA:146,0
DA:147,0
DA:149,0
DA:150,0
DA:155,3
DA:156,1
DA:157,1
DA:158,1
DA:159,1
DA:160,1
DA:163,1
DA:165,1
DA:166,1
DA:168,0
DA:169,0
DA:172,0
DA:173,0
DA:174,0
DA:177,0
DA:179,0
DA:180,0
DA:183,0
DA:184,0
DA:189,3
DA:190,1
DA:191,1
DA:195,1
DA:196,1
DA:198,0
DA:199,0
DA:204,3
DA:205,1
DA:206,1
DA:207,1
DA:208,1
DA:210,0
DA:211,0
DA:216,3
DA:217,1
DA:218,1
DA:219,1
DA:220,0
DA:222,0
DA:223,0
DA:228,3
DA:229,0
DA:230,0
DA:231,0
DA:232,0
DA:234,0
DA:235,0
DA:240,3
DA:241,1
DA:242,1
DA:243,1
DA:244,1
DA:246,0
DA:247,0
DA:254,3
DA:255,1
DA:256,1
DA:257,1
DA:258,1
DA:260,0
DA:261,0
DA:266,3
DA:267,0
DA:268,0
DA:269,0
DA:271,0
DA:272,0
DA:277,3
DA:278,0
DA:279,0
DA:280,0
DA:281,0
DA:282,0
DA:284,0
DA:285,0
DA:290,3
DA:291,1
DA:292,1
DA:293,1
DA:295,0
DA:296,0
DA:301,3
DA:302,1
DA:303,1
DA:304,1
DA:306,0
DA:307,0
DA:312,3
DA:313,1
DA:314,1
DA:315,1
DA:316,1
DA:317,1
DA:318,1
DA:319,1
DA:320,1
DA:321,1
DA:322,1
DA:333,0
DA:334,0
DA:338,3
LF:156
LH:92
BRDA:16,0,0,1
BRDA:16,0,1,0
BRDA:17,1,0,1
BRDA:17,1,1,0
BRDA:46,2,0,1
BRDA:46,2,1,0
BRDA:47,3,0,1
BRDA:47,3,1,0
BRDA:50,4,0,0
BRDA:50,4,1,1
BRDA:88,5,0,1
BRDA:88,5,1,1
BRDA:91,6,0,1
BRDA:91,6,1,0
BRDA:93,7,0,0
BRDA:93,7,1,0
BRDA:131,8,0,1
BRDA:131,8,1,1
BRDA:134,9,0,1
BRDA:134,9,1,0
BRDA:137,10,0,0
BRDA:137,10,1,0
BRDA:137,11,0,0
BRDA:137,11,1,0
BRDA:137,11,2,0
BRDA:163,12,0,0
BRDA:163,12,1,1
BRDA:166,13,0,1
BRDA:166,13,1,0
BRDA:168,14,0,0
BRDA:168,14,1,0
BRDA:173,15,0,0
BRDA:173,15,1,0
BRDA:173,16,0,0
BRDA:173,16,1,0
BRDA:173,16,2,0
BRDA:192,17,0,1
BRDA:192,17,1,0
BRDA:193,18,0,1
BRDA:193,18,1,0
BRDA:206,19,0,1
BRDA:206,19,1,0
BRDA:219,20,0,1
BRDA:219,20,1,0
BRF:44
BRH:17
end_of_record
TN:
SF:server/error-aggregator.js
FN:29,recordError
FN:69,_writeAlert
FN:91,purgeExpired
FNF:3
FNH:3
FNDA:13,recordError
FNDA:1,_writeAlert
FNDA:1,purgeExpired
DA:13,3
DA:14,3
DA:15,3
DA:17,3
DA:18,3
DA:19,3
DA:21,3
DA:30,13
DA:31,13
DA:33,13
DA:34,13
DA:35,2
DA:38,13
DA:39,13
DA:42,13
DA:43,1
DA:53,13
DA:54,1
DA:62,1
DA:70,1
DA:71,1
DA:72,1
DA:73,1
DA:74,1
DA:75,1
DA:82,1
DA:84,0
DA:92,1
DA:93,1
DA:94,2
DA:95,0
DA:100,3
LF:32
LH:30
BRDA:34,0,0,2
BRDA:34,0,1,11
BRDA:34,1,0,13
BRDA:34,1,1,11
BRDA:42,2,0,1
BRDA:42,2,1,12
BRDA:53,3,0,1
BRDA:53,3,1,12
BRDA:94,4,0,0
BRDA:94,4,1,2
BRF:10
BRH:9
end_of_record
TN:
SF:server/export-routes.js
FN:33,(anonymous_0)
FN:84,(anonymous_1)
FN:102,(anonymous_2)
FN:109,(anonymous_3)
FN:147,(anonymous_4)
FN:154,(anonymous_5)
FN:186,(anonymous_6)
FN:210,(anonymous_7)
FN:226,(anonymous_8)
FN:237,(anonymous_9)
FN:239,(anonymous_10)
FN:250,(anonymous_11)
FNF:12
FNH:6
FNDA:4,(anonymous_0)
FNDA:0,(anonymous_1)
FNDA:3,(anonymous_2)
FNDA:1,(anonymous_3)
FNDA:4,(anonymous_4)
FNDA:0,(anonymous_5)
FNDA:2,(anonymous_6)
FNDA:0,(anonymous_7)
FNDA:0,(anonymous_8)
FNDA:0,(anonymous_9)
FNDA:0,(anonymous_10)
FNDA:1,(anonymous_11)
DA:12,3
DA:13,3
DA:14,3
DA:15,3
DA:16,3
DA:17,3
DA:18,3
DA:20,3
DA:23,3
DA:33,3
DA:34,4
DA:35,4
DA:36,4
DA:37,2
DA:40,2
DA:41,2
DA:44,2
DA:46,2
DA:47,1
DA:49,1
DA:50,1
DA:54,0
DA:55,0
DA:56,0
DA:58,0
DA:59,0
DA:60,0
DA:62,0
DA:64,0
DA:65,0
DA:66,0
DA:67,0
DA:68,0
DA:69,0
DA:71,0
DA:75,0
DA:76,0
DA:78,0
DA:79,0
DA:81,0
DA:84,0
DA:90,0
DA:91,0
DA:92,0
DA:93,0
DA:94,0
DA:96,0
DA:97,0
DA:102,3
DA:103,3
DA:104,3
DA:105,3
DA:106,2
DA:108,1
DA:109,1
DA:110,1
DA:112,1
DA:113,1
DA:115,0
DA:116,0
DA:117,0
DA:118,0
DA:119,0
DA:120,0
DA:121,0
DA:124,0
DA:125,0
DA:126,0
DA:127,0
DA:129,0
DA:137,0
DA:138,0
DA:139,0
DA:140,0
DA:142,0
DA:147,3
DA:148,4
DA:149,4
DA:150,4
DA:151,2
DA:152,1
DA:154,0
DA:155,0
DA:158,0
DA:159,0
DA:161,0
DA:172,0
DA:181,0
DA:186,3
DA:187,2
DA:188,2
DA:189,2
DA:190,1
DA:192,0
DA:193,0
DA:195,0
DA:203,0
DA:205,0
DA:210,3
DA:211,0
DA:212,0
DA:213,0
DA:214,0
DA:221,0
DA:226,3
DA:227,0
DA:228,0
DA:229,0
DA:237,0
DA:240,0
DA:243,0
DA:245,0
DA:250,3
DA:251,1
DA:260,3
LF:115
LH:47
BRDA:35,0,0,4
BRDA:35,0,1,0
BRDA:36,1,0,2
BRDA:36,1,1,2
BRDA:36,2,0,4
BRDA:36,2,1,3
BRDA:41,3,0,2
BRDA:41,3,1,2
BRDA:41,3,2,2
BRDA:41,4,0,2
BRDA:41,4,1,0
BRDA:42,5,0,2
BRDA:42,5,1,0
BRDA:43,6,0,2
BRDA:43,6,1,0
BRDA:44,7,0,2
BRDA:44,7,1,0
BRDA:46,8,0,1
BRDA:46,8,1,1
BRDA:46,9,0,2
BRDA:46,9,1,1
BRDA:49,10,0,1
BRDA:49,10,1,0
BRDA:49,11,0,1
BRDA:49,11,1,1
BRDA:49,11,2,1
BRDA:56,12,0,0
BRDA:56,12,1,0
BRDA:56,13,0,0
BRDA:56,13,1,0
BRDA:58,14,0,0
BRDA:58,14,1,0
BRDA:58,15,0,0
BRDA:58,15,1,0
BRDA:58,15,2,0
BRDA:59,16,0,0
BRDA:59,16,1,0
BRDA:59,17,0,0
BRDA:59,17,1,0
BRDA:62,18,0,0
BRDA:62,18,1,0
BRDA:62,19,0,0
BRDA:62,19,1,0
BRDA:64,20,0,0
BRDA:64,20,1,0
BRDA:64,21,0,0
BRDA:64,21,1,0
BRDA:67,22,0,0
BRDA:67,22,1,0
BRDA:76,23,0,0
BRDA:76,23,1,0
BRDA:87,24,0,0
BRDA:87,24,1,0
BRDA:104,25,0,3
BRDA:104,25,1,0
BRDA:105,26,0,2
BRDA:105,26,1,1
BRDA:105,27,0,3
BRDA:105,27,1,2
BRDA:109,28,0,1
BRDA:109,28,1,0
BRDA:109,29,0,1
BRDA:109,29,1,1
BRDA:110,30,0,1
BRDA:110,30,1,0
BRDA:112,31,0,0
BRDA:112,31,1,1
BRDA:112,32,0,1
BRDA:112,32,1,0
BRDA:113,33,0,1
BRDA:113,33,1,0
BRDA:113,34,0,1
BRDA:113,34,1,1
BRDA:113,34,2,1
BRDA:117,35,0,0
BRDA:117,35,1,0
BRDA:117,36,0,0
BRDA:117,36,1,0
BRDA:117,36,2,0
BRDA:117,36,3,0
BRDA:117,36,4,0
BRDA:118,37,0,0
BRDA:118,37,1,0
BRDA:118,38,0,0
BRDA:118,38,1,0
BRDA:120,39,0,0
BRDA:120,39,1,0
BRDA:120,40,0,0
BRDA:120,40,1,0
BRDA:125,41,0,0
BRDA:125,41,1,0
BRDA:134,42,0,0
BRDA:134,42,1,0
BRDA:149,43,0,4
BRDA:149,43,1,0
BRDA:150,44,0,2
BRDA:150,44,1,2
BRDA:150,45,0,4
BRDA:150,45,1,3
BRDA:151,46,0,1
BRDA:151,46,1,1
BRDA:151,47,0,2
BRDA:151,47,1,1
BRDA:151,47,2,1
BRDA:152,48,0,1
BRDA:152,48,1,0
BRDA:188,49,0,2
BRDA:188,49,1,0
BRDA:189,50,0,1
BRDA:189,50,1,1
BRDA:190,51,0,1
BRDA:190,51,1,0
BRDA:212,52,0,0
BRDA:212,52,1,0
BRDA:213,53,0,0
BRDA:213,53,1,0
BRDA:217,54,0,0
BRDA:217,54,1,0
BRDA:228,55,0,0
BRDA:228,55,1,0
BRF:120
BRH:50
end_of_record
TN:
SF:server/glass-routes.js
FN:13,deviceAuth
FN:23,(anonymous_1)
FN:45,(anonymous_2)
FN:60,(anonymous_3)
FN:75,(anonymous_4)
FN:90,(anonymous_5)
FN:104,(anonymous_6)
FN:114,(anonymous_7)
FN:118,(anonymous_8)
FN:135,(anonymous_9)
FN:156,(anonymous_10)
FN:178,(anonymous_11)
FN:192,(anonymous_12)
FN:220,(anonymous_13)
FN:248,(anonymous_14)
FNF:15
FNH:11
FNDA:3,deviceAuth
FNDA:2,(anonymous_1)
FNDA:1,(anonymous_2)
FNDA:1,(anonymous_3)
FNDA:1,(anonymous_4)
FNDA:0,(anonymous_5)
FNDA:0,(anonymous_6)
FNDA:0,(anonymous_7)
FNDA:2,(anonymous_8)
FNDA:4,(anonymous_9)
FNDA:1,(anonymous_10)
FNDA:1,(anonymous_11)
FNDA:0,(anonymous_12)
FNDA:2,(anonymous_13)
FNDA:1,(anonymous_14)
DA:7,3
DA:8,3
DA:10,3
DA:14,3
DA:15,3
DA:16,2
DA:18,1
DA:19,1
DA:23,3
DA:24,2
DA:25,2
DA:26,2
DA:29,1
DA:38,1
DA:40,0
DA:45,3
DA:46,1
DA:47,1
DA:55,0
DA:60,3
DA:61,1
DA:62,1
DA:70,0
DA:75,3
DA:76,1
DA:77,1
DA:79,1
DA:85,0
DA:90,3
DA:91,0
DA:97,0
DA:99,0
DA:103,0
DA:104,0
DA:105,0
DA:106,0
DA:107,0
DA:108,0
DA:109,0
DA:111,0
DA:112,0
DA:114,0
DA:118,3
DA:119,2
DA:120,2
DA:121,2
DA:123,1
DA:130,0
DA:135,3
DA:136,4
DA:137,4
DA:138,4
DA:144,4
DA:151,0
DA:156,3
DA:157,1
DA:158,1
DA:159,1
DA:173,0
DA:178,3
DA:179,1
DA:180,1
DA:187,0
DA:192,3
DA:193,0
DA:194,0
DA:195,0
DA:196,0
DA:197,0
DA:206,0
DA:207,0
DA:208,0
DA:213,0
DA:215,0
DA:220,3
DA:221,2
DA:222,2
DA:223,2
DA:224,2
DA:225,2
DA:234,2
DA:235,2
DA:236,1
DA:237,1
DA:241,0
DA:243,1
DA:248,3
DA:249,1
DA:250,1
DA:272,0
DA:276,3
LF:91
LH:58
BRDA:15,0,0,2
BRDA:15,0,1,1
BRDA:15,1,0,3
BRDA:15,1,1,2
BRDA:25,2,0,1
BRDA:25,3,0,2
BRDA:25,3,1,0
BRDA:26,4,0,1
BRDA:26,4,1,1
BRDA:77,5,0,1
BRDA:77,5,1,0
BRDA:105,6,0,0
BRDA:105,6,1,0
BRDA:120,7,0,1
BRDA:120,8,0,2
BRDA:120,9,0,2
BRDA:120,9,1,0
BRDA:121,10,0,1
BRDA:121,10,1,1
BRDA:137,11,0,4
BRDA:137,11,1,1
BRDA:146,12,0,4
BRDA:146,12,1,1
BRDA:158,13,0,1
BRDA:158,13,1,0
BRDA:166,14,0,1
BRDA:166,14,1,0
BRDA:167,15,0,1
BRDA:167,15,1,0
BRDA:168,16,0,1
BRDA:168,16,1,0
BRDA:234,17,0,2
BRDA:234,18,0,2
BRDA:234,19,0,2
BRDA:234,19,1,0
BRDA:235,20,0,1
BRDA:235,20,1,1
BRF:37
BRH:27
end_of_record
TN:
SF:server/im-routes.js
FN:33,ensureSchema
FN:83,now
FN:85,getUserFromReq
FN:111,touchSession
FN:116,bumpUnread
FN:125,getOrCreateDirectSession
FN:145,(anonymous_6)
FN:165,(anonymous_7)
FN:170,(anonymous_8)
FN:178,(anonymous_9)
FN:200,(anonymous_10)
FN:211,(anonymous_11)
FN:245,(anonymous_12)
FN:260,(anonymous_13)
FN:277,(anonymous_14)
FN:327,(anonymous_15)
FN:351,(anonymous_16)
FN:366,(anonymous_17)
FN:377,(anonymous_18)
FN:414,(anonymous_19)
FN:423,(anonymous_20)
FN:442,(anonymous_21)
FNF:22
FNH:17
FNDA:3,ensureSchema
FNDA:2,now
FNDA:15,getUserFromReq
FNDA:0,touchSession
FNDA:0,bumpUnread
FNDA:1,getOrCreateDirectSession
FNDA:2,(anonymous_6)
FNDA:28,(anonymous_7)
FNDA:28,(anonymous_8)
FNDA:2,(anonymous_9)
FNDA:90,(anonymous_10)
FNDA:3,(anonymous_11)
FNDA:2,(anonymous_12)
FNDA:2,(anonymous_13)
FNDA:2,(anonymous_14)
FNDA:2,(anonymous_15)
FNDA:1,(anonymous_16)
FNDA:1,(anonymous_17)
FNDA:2,(anonymous_18)
FNDA:0,(anonymous_19)
FNDA:0,(anonymous_20)
FNDA:0,(anonymous_21)
DA:25,3
DA:26,3
DA:27,3
DA:29,3
DA:30,3
DA:34,3
DA:78,3
DA:81,3
DA:83,2
DA:87,15
DA:88,15
DA:89,14
DA:90,14
DA:91,14
DA:92,14
DA:93,14
DA:94,14
DA:96,14
DA:101,14
DA:104,1
DA:112,0
DA:118,0
DA:119,0
DA:121,0
DA:122,0
DA:126,1
DA:132,1
DA:133,0
DA:134,0
DA:136,0
DA:137,0
DA:138,0
DA:139,0
DA:145,3
DA:146,2
DA:147,2
DA:149,2
DA:159,2
DA:165,28
DA:168,2
DA:170,28
DA:171,2
DA:173,0
DA:178,3
DA:179,2
DA:180,2
DA:181,2
DA:182,2
DA:184,2
DA:200,2
DA:201,90
DA:202,90
DA:204,2
DA:206,0
DA:211,3
DA:212,3
DA:213,3
DA:214,3
DA:215,3
DA:216,3
DA:217,3
DA:218,3
DA:219,1
DA:221,2
DA:223,2
DA:224,1
DA:225,1
DA:226,1
DA:227,1
DA:230,1
DA:232,1
DA:233,1
DA:234,1
DA:235,2
DA:238,1
DA:240,0
DA:245,3
DA:246,2
DA:247,2
DA:248,2
DA:249,1
DA:250,1
DA:251,0
DA:252,0
DA:253,0
DA:255,0
DA:260,3
DA:261,2
DA:262,2
DA:263,2
DA:264,1
DA:265,1
DA:266,1
DA:268,1
DA:270,0
DA:277,3
DA:278,2
DA:279,2
DA:280,2
DA:282,1
DA:283,1
DA:284,1
DA:285,1
DA:286,1
DA:289,1
DA:297,1
DA:306,1
DA:315,1
DA:327,3
DA:328,2
DA:329,2
DA:330,2
DA:331,2
DA:332,1
DA:333,1
DA:335,0
DA:336,0
DA:338,0
DA:339,0
DA:343,0
DA:344,0
DA:346,0
DA:351,3
DA:352,1
DA:353,1
DA:354,1
DA:355,1
DA:356,0
DA:357,0
DA:358,0
DA:359,0
DA:361,0
DA:366,3
DA:367,1
DA:368,1
DA:369,1
DA:370,1
DA:372,0
DA:377,3
DA:378,2
DA:379,2
DA:380,2
DA:381,2
DA:382,1
DA:383,1
DA:385,0
DA:386,0
DA:389,0
DA:395,0
DA:396,0
DA:397,0
DA:399,0
DA:402,0
DA:406,0
DA:407,0
DA:409,0
DA:414,3
DA:415,0
DA:416,0
DA:417,0
DA:418,0
DA:419,0
DA:420,0
DA:422,0
DA:423,0
DA:424,0
DA:425,0
DA:431,0
DA:432,0
DA:433,0
DA:436,0
DA:438,0
DA:442,0
DA:445,3
LF:174
LH:115
BRDA:87,0,0,15
BRDA:87,0,1,1
BRDA:88,1,0,14
BRDA:88,1,1,1
BRDA:88,2,0,15
BRDA:88,2,1,14
BRDA:93,3,0,14
BRDA:93,3,1,0
BRDA:93,4,0,0
BRDA:93,4,1,0
BRDA:94,5,0,14
BRDA:94,5,1,0
BRDA:94,6,0,0
BRDA:94,6,1,0
BRDA:96,7,0,2
BRDA:96,7,1,12
BRDA:96,8,0,14
BRDA:96,8,1,14
BRDA:97,9,0,3
BRDA:97,9,1,9
BRDA:98,10,0,0
BRDA:98,10,1,9
BRDA:99,11,0,0
BRDA:99,11,1,9
BRDA:100,12,0,0
BRDA:100,12,1,9
BRDA:105,13,0,1
BRDA:105,13,1,0
BRDA:106,14,0,1
BRDA:106,14,1,0
BRDA:113,15,0,0
BRDA:113,15,1,0
BRDA:132,16,0,1
BRDA:132,16,1,0
BRDA:149,17,0,2
BRDA:149,17,1,0
BRDA:165,18,0,28
BRDA:165,18,1,0
BRDA:165,19,0,28
BRDA:165,19,1,6
BRDA:165,19,2,0
BRDA:170,20,0,28
BRDA:170,20,1,27
BRDA:181,21,0,2
BRDA:181,21,1,0
BRDA:182,22,0,2
BRDA:182,22,1,1
BRDA:182,22,2,1
BRDA:182,22,3,1
BRDA:184,23,0,1
BRDA:184,23,1,1
BRDA:214,24,0,3
BRDA:214,24,1,0
BRDA:215,25,0,3
BRDA:215,25,1,1
BRDA:218,26,0,1
BRDA:218,26,1,2
BRDA:218,27,0,3
BRDA:218,27,1,3
BRDA:223,28,0,1
BRDA:223,28,1,1
BRDA:223,29,0,2
BRDA:223,29,1,1
BRDA:225,30,0,1
BRDA:225,30,1,0
BRDA:231,31,0,1
BRDA:231,31,1,0
BRDA:231,32,0,1
BRDA:231,32,1,0
BRDA:236,33,0,2
BRDA:236,33,1,0
BRDA:248,34,0,1
BRDA:248,34,1,1
BRDA:250,35,0,1
BRDA:250,35,1,0
BRDA:263,36,0,1
BRDA:263,36,1,1
BRDA:264,37,0,1
BRDA:264,37,1,1
BRDA:265,38,0,1
BRDA:265,38,1,0
BRDA:279,39,0,2
BRDA:279,39,1,1
BRDA:279,39,2,1
BRDA:279,39,3,1
BRDA:279,40,0,1
BRDA:279,40,1,0
BRDA:279,41,0,1
BRDA:279,41,1,0
BRDA:280,42,0,1
BRDA:280,42,1,1
BRDA:331,43,0,1
BRDA:331,43,1,1
BRDA:333,44,0,1
BRDA:333,44,1,0
BRDA:335,45,0,0
BRDA:335,46,0,0
BRDA:335,47,0,0
BRDA:335,48,0,0
BRDA:335,49,0,0
BRDA:335,49,1,0
BRDA:336,50,0,0
BRDA:336,50,1,0
BRDA:336,51,0,0
BRDA:336,51,1,0
BRDA:342,52,0,0
BRDA:342,52,1,0
BRDA:342,53,0,0
BRDA:342,53,1,0
BRDA:355,54,0,1
BRDA:355,54,1,0
BRDA:370,55,0,1
BRDA:370,55,1,1
BRDA:381,56,0,1
BRDA:381,56,1,1
BRDA:383,57,0,1
BRDA:383,57,1,0
BRDA:385,58,0,0
BRDA:385,59,0,0
BRDA:385,60,0,0
BRDA:385,60,1,0
BRF:121
BRH:73
end_of_record
TN:
SF:server/kb-api.js
FN:38,isSafeFilename
FN:51,getUserMaxLevel
FN:89,canAccessLevel
FN:98,getKbFilePath
FN:107,fileMd5
FN:120,(anonymous_5)
FN:137,(anonymous_6)
FN:156,(anonymous_7)
FN:214,(anonymous_8)
FN:284,(anonymous_9)
FNF:10
FNH:9
FNDA:10,isSafeFilename
FNDA:12,getUserMaxLevel
FNDA:492,canAccessLevel
FNDA:2,getKbFilePath
FNDA:2,fileMd5
FNDA:8,(anonymous_5)
FNDA:996,(anonymous_6)
FNDA:4,(anonymous_7)
FNDA:6,(anonymous_8)
FNDA:0,(anonymous_9)
DA:13,1
DA:14,1
DA:15,1
DA:16,1
DA:18,1
DA:19,1
DA:20,1
DA:22,1
DA:27,1
DA:28,1
DA:39,10
DA:41,10
DA:43,8
DA:44,6
DA:52,12
DA:55,12
DA:58,9
DA:59,0
DA:63,9
DA:64,2
DA:68,7
DA:69,1
DA:73,6
DA:74,1
DA:78,5
DA:79,4
DA:83,1
DA:90,492
DA:91,492
DA:92,492
DA:99,2
DA:100,2
DA:101,2
DA:108,2
DA:109,2
DA:110,2
DA:112,0
DA:120,1
DA:121,8
DA:123,8
DA:125,8
DA:126,488
DA:127,354
DA:137,8
DA:138,996
DA:139,996
DA:140,996
DA:141,625
DA:144,8
DA:145,8
DA:156,1
DA:157,4
DA:160,4
DA:161,1
DA:164,3
DA:165,3
DA:166,1
DA:169,2
DA:170,2
DA:173,2
DA:182,2
DA:183,1
DA:184,1
DA:185,1
DA:186,1
DA:187,1
DA:188,1
DA:191,0
DA:192,0
DA:193,0
DA:194,0
DA:195,0
DA:196,0
DA:197,0
DA:202,1
DA:203,1
DA:206,2
DA:207,2
DA:214,1
DA:215,6
DA:218,6
DA:219,3
DA:223,3
DA:224,3
DA:225,1
DA:229,2
DA:230,2
DA:231,1
DA:241,1
DA:242,1
DA:245,1
DA:246,0
DA:247,0
DA:250,1
DA:251,0
DA:256,1
DA:257,1
DA:259,0
DA:260,0
DA:264,1
DA:265,1
DA:266,0
DA:270,1
DA:271,1
DA:272,1
DA:273,1
DA:275,1
DA:276,1
DA:278,1
DA:284,1
DA:285,0
DA:286,0
DA:289,1
LF:113
LH:96
BRDA:39,0,0,0
BRDA:39,0,1,10
BRDA:39,1,0,10
BRDA:39,1,1,10
BRDA:41,2,0,2
BRDA:41,2,1,8
BRDA:41,3,0,10
BRDA:41,3,1,8
BRDA:41,3,2,8
BRDA:43,4,0,2
BRDA:43,4,1,6
BRDA:52,5,0,0
BRDA:52,5,1,12
BRDA:52,6,0,12
BRDA:52,6,1,12
BRDA:55,7,0,3
BRDA:55,7,1,9
BRDA:58,8,0,0
BRDA:58,8,1,9
BRDA:58,9,0,9
BRDA:58,9,1,9
BRDA:63,10,0,2
BRDA:63,10,1,7
BRDA:63,11,0,9
BRDA:63,11,1,8
BRDA:68,12,0,1
BRDA:68,12,1,6
BRDA:73,13,0,1
BRDA:73,13,1,5
BRDA:78,14,0,4
BRDA:78,14,1,1
BRDA:90,15,0,492
BRDA:90,15,1,0
BRDA:91,16,0,492
BRDA:91,16,1,0
BRDA:100,17,0,0
BRDA:100,17,1,2
BRDA:126,18,0,354
BRDA:126,18,1,134
BRDA:138,19,0,996
BRDA:138,19,1,0
BRDA:139,20,0,996
BRDA:139,20,1,0
BRDA:140,21,0,371
BRDA:140,21,1,625
BRDA:160,22,0,1
BRDA:160,22,1,3
BRDA:165,23,0,1
BRDA:165,23,1,2
BRDA:182,24,0,1
BRDA:182,24,1,1
BRDA:184,25,0,1
BRDA:184,25,1,0
BRDA:184,26,0,1
BRDA:184,26,1,1
BRDA:192,27,0,0
BRDA:192,27,1,0
BRDA:218,28,0,3
BRDA:218,28,1,3
BRDA:224,29,0,1
BRDA:224,29,1,2
BRDA:230,30,0,1
BRDA:230,30,1,1
BRDA:245,31,0,0
BRDA:245,31,1,1
BRDA:245,32,0,1
BRDA:245,32,1,1
BRDA:250,33,0,0
BRDA:250,33,1,1
BRDA:265,34,0,0
BRDA:265,34,1,1
BRDA:265,35,0,1
BRDA:265,35,1,1
BRDA:272,36,0,1
BRDA:272,36,1,0
BRF:75
BRH:60
end_of_record
TN:
SF:server/kb-config.js
FNF:0
FNH:0
DA:14,4
DA:92,4
DA:105,4
DA:117,4
DA:129,4
DA:138,4
LF:6
LH:6
BRF:0
BRH:0
end_of_record
TN:
SF:server/kb-management-engine.js
FN:21,genId
FN:25,genSrcId
FN:30,parseJSON
FN:35,toJSON
FN:44,registerSource
FN:67,registerSources
FN:80,writeToStaging
FN:111,extractFromKBFile
FN:167,parseKBChunk
FN:170,(anonymous_9)
FN:171,(anonymous_10)
FN:205,detectCategory
FN:231,distillFromCases
FN:294,extractKeywords
FN:307,auditEntry
FN:364,rejectEntry
FN:372,promoteToFormal
FN:406,auditAllPending
FN:426,buildModel
FN:456,(anonymous_19)
FN:478,generateModelJS
FN:580,buildAllModels
FN:594,pushModel
FN:617,traceFromApp
FN:622,(anonymous_24)
FN:624,(anonymous_25)
FN:643,recordHit
FNF:27
FNH:22
FNDA:54,genId
FNDA:13,genSrcId
FNDA:830,parseJSON
FNDA:16,toJSON
FNDA:11,registerSource
FNDA:1,registerSources
FNDA:6,writeToStaging
FNDA:2,extractFromKBFile
FNDA:44,parseKBChunk
FNDA:1883,(anonymous_9)
FNDA:1883,(anonymous_10)
FNDA:44,detectCategory
FNDA:3,distillFromCases
FNDA:6,extractKeywords
FNDA:3,auditEntry
FNDA:2,rejectEntry
FNDA:0,promoteToFormal
FNDA:2,auditAllPending
FNDA:3,buildModel
FNDA:274,(anonymous_19)
FNDA:2,generateModelJS
FNDA:0,buildAllModels
FNDA:2,pushModel
FNDA:2,traceFromApp
FNDA:0,(anonymous_24)
FNDA:0,(anonymous_25)
FNDA:0,recordHit
DA:7,4
DA:8,4
DA:9,4
DA:10,4
DA:11,4
DA:13,4
DA:14,4
DA:15,4
DA:17,4
DA:22,54
DA:27,13
DA:31,830
DA:32,828
DA:35,16
DA:46,11
DA:49,11
DA:50,11
DA:52,11
DA:61,11
DA:68,1
DA:69,1
DA:70,2
DA:72,1
DA:82,6
DA:83,6
DA:86,0
DA:87,0
DA:88,0
DA:89,0
DA:91,0
DA:101,0
DA:112,2
DA:113,2
DA:114,2
DA:115,1
DA:116,1
DA:119,1
DA:120,1
DA:123,1
DA:124,1
DA:125,1
DA:127,1
DA:128,1927
DA:129,1927
DA:130,44
DA:131,44
DA:132,44
DA:133,44
DA:135,44
DA:136,44
DA:139,44
DA:143,1
DA:144,1
DA:145,0
DA:146,0
DA:147,0
DA:148,0
DA:153,1
DA:154,0
DA:155,0
DA:156,0
DA:158,0
DA:161,1
DA:169,44
DA:170,1883
DA:171,1883
DA:173,44
DA:176,44
DA:177,44
DA:180,44
DA:181,44
DA:183,44
DA:185,44
DA:206,44
DA:217,44
DA:218,44
DA:219,202
DA:221,6
DA:232,3
DA:234,3
DA:236,3
DA:238,3
DA:249,3
DA:250,3
DA:252,3
DA:253,6
DA:255,6
DA:256,6
DA:258,6
DA:275,6
DA:285,3
DA:286,3
DA:287,6
DA:289,3
DA:291,3
DA:295,6
DA:296,6
DA:297,6
DA:308,3
DA:309,3
DA:311,2
DA:312,2
DA:315,2
DA:316,0
DA:320,2
DA:321,2
DA:325,0
DA:326,0
DA:330,0
DA:331,0
DA:332,0
DA:336,0
DA:337,0
DA:338,0
DA:342,0
DA:347,0
DA:348,0
DA:352,0
DA:354,0
DA:355,0
DA:361,0
DA:365,2
DA:367,0
DA:369,0
DA:373,0
DA:374,0
DA:376,0
DA:388,0
DA:391,0
DA:394,0
DA:395,0
DA:407,2
DA:408,2
DA:410,2
DA:411,2
DA:412,0
DA:413,0
DA:416,0
DA:427,3
DA:434,3
DA:435,1
DA:439,2
DA:440,2
DA:442,2
DA:443,274
DA:444,274
DA:445,64
DA:446,64
DA:449,274
DA:450,274
DA:451,274
DA:455,2
DA:456,274
DA:459,2
DA:467,2
DA:469,2
DA:470,2
DA:472,2
DA:479,2
DA:480,2
DA:481,274
DA:493,2
DA:495,2
DA:581,0
DA:582,0
DA:583,0
DA:584,0
DA:586,0
DA:595,2
DA:596,2
DA:598,0
DA:599,0
DA:601,0
DA:604,0
DA:609,0
DA:618,2
DA:619,2
DA:621,0
DA:622,0
DA:623,0
DA:624,0
DA:626,0
DA:644,0
DA:647,0
DA:648,0
DA:656,4
LF:186
LH:126
BRDA:31,0,0,2
BRDA:31,0,1,828
BRDA:35,1,0,16
BRDA:35,1,1,2
BRDA:49,2,0,11
BRDA:49,2,1,0
BRDA:55,3,0,11
BRDA:55,3,1,0
BRDA:55,4,0,11
BRDA:55,4,1,10
BRDA:56,5,0,11
BRDA:56,5,1,11
BRDA:56,6,0,11
BRDA:56,6,1,11
BRDA:56,7,0,11
BRDA:56,7,1,11
BRDA:57,8,0,11
BRDA:57,8,1,4
BRDA:57,9,0,11
BRDA:57,9,1,4
BRDA:58,10,0,11
BRDA:58,10,1,5
BRDA:83,11,0,6
BRDA:83,11,1,0
BRDA:86,12,0,0
BRDA:86,12,1,0
BRDA:86,13,0,0
BRDA:86,13,1,0
BRDA:87,14,0,0
BRDA:87,14,1,0
BRDA:88,15,0,0
BRDA:88,15,1,0
BRDA:89,16,0,0
BRDA:89,16,1,0
BRDA:89,16,2,0
BRDA:89,16,3,0
BRDA:95,17,0,0
BRDA:95,17,1,0
BRDA:96,18,0,0
BRDA:96,18,1,0
BRDA:96,19,0,0
BRDA:96,19,1,0
BRDA:96,20,0,0
BRDA:96,20,1,0
BRDA:97,21,0,0
BRDA:97,21,1,0
BRDA:97,22,0,0
BRDA:97,22,1,0
BRDA:98,23,0,0
BRDA:98,23,1,0
BRDA:98,24,0,0
BRDA:98,24,1,0
BRDA:112,25,0,0
BRDA:112,25,1,2
BRDA:114,26,0,1
BRDA:114,26,1,1
BRDA:129,27,0,44
BRDA:129,27,1,1883
BRDA:129,28,0,1927
BRDA:129,28,1,79
BRDA:131,29,0,44
BRDA:131,29,1,0
BRDA:133,30,0,44
BRDA:133,30,1,0
BRDA:144,31,0,0
BRDA:144,31,1,1
BRDA:146,32,0,0
BRDA:146,32,1,0
BRDA:153,33,0,0
BRDA:153,33,1,1
BRDA:156,34,0,0
BRDA:156,34,1,0
BRDA:171,35,0,1883
BRDA:171,35,1,1848
BRDA:171,35,2,1773
BRDA:171,35,3,1772
BRDA:171,35,4,1771
BRDA:173,36,0,0
BRDA:173,36,1,44
BRDA:177,37,0,43
BRDA:177,37,1,1
BRDA:181,38,0,44
BRDA:181,38,1,3
BRDA:217,39,0,44
BRDA:217,39,1,0
BRDA:219,40,0,38
BRDA:219,40,1,164
BRDA:232,41,0,3
BRDA:232,41,1,1
BRDA:234,42,0,3
BRDA:234,42,1,2
BRDA:236,43,0,3
BRDA:236,43,1,2
BRDA:253,44,0,0
BRDA:253,44,1,6
BRDA:253,45,0,6
BRDA:253,45,1,6
BRDA:255,46,0,6
BRDA:255,46,1,0
BRDA:256,47,0,6
BRDA:256,47,1,0
BRDA:265,48,0,6
BRDA:265,48,1,0
BRDA:277,49,0,6
BRDA:277,49,1,0
BRDA:287,50,0,0
BRDA:287,50,1,6
BRDA:295,51,0,0
BRDA:295,51,1,6
BRDA:297,52,0,6
BRDA:297,52,1,0
BRDA:309,53,0,1
BRDA:309,53,1,2
BRDA:315,54,0,0
BRDA:315,54,1,2
BRDA:315,55,0,2
BRDA:315,55,1,2
BRDA:320,56,0,2
BRDA:320,56,1,0
BRDA:325,57,0,0
BRDA:325,57,1,0
BRDA:331,58,0,0
BRDA:331,58,1,0
BRDA:331,59,0,0
BRDA:331,59,1,0
BRDA:337,60,0,0
BRDA:337,60,1,0
BRDA:347,61,0,0
BRDA:347,61,1,0
BRDA:374,62,0,0
BRDA:374,62,1,0
BRDA:412,63,0,0
BRDA:412,63,1,0
BRDA:434,64,0,1
BRDA:434,64,1,2
BRDA:445,65,0,8
BRDA:445,65,1,56
BRDA:449,66,0,274
BRDA:449,66,1,0
BRDA:450,67,0,6
BRDA:450,67,1,268
BRDA:467,68,0,0
BRDA:467,68,1,2
BRDA:596,69,0,2
BRDA:596,69,1,0
BRDA:599,70,0,0
BRDA:599,70,1,0
BRDA:619,71,0,2
BRDA:619,71,1,0
BRDA:650,72,0,0
BRDA:650,72,1,0
BRF:151
BRH:77
end_of_record
TN:
SF:server/kb-routes.js
FN:14,(anonymous_0)
FN:29,(anonymous_1)
FN:43,(anonymous_2)
FN:57,(anonymous_3)
FN:67,(anonymous_4)
FN:88,(anonymous_5)
FN:98,(anonymous_6)
FN:108,(anonymous_7)
FN:124,(anonymous_8)
FN:135,(anonymous_9)
FN:145,(anonymous_10)
FN:160,(anonymous_11)
FNF:12
FNH:12
FNDA:1,(anonymous_0)
FNDA:2,(anonymous_1)
FNDA:1,(anonymous_2)
FNDA:1,(anonymous_3)
FNDA:1,(anonymous_4)
FNDA:1,(anonymous_5)
FNDA:1,(anonymous_6)
FNDA:2,(anonymous_7)
FNDA:1,(anonymous_8)
FNDA:1,(anonymous_9)
FNDA:1,(anonymous_10)
FNDA:1,(anonymous_11)
DA:7,3
DA:8,3
DA:9,3
DA:14,3
DA:15,1
DA:16,1
DA:22,0
DA:24,1
DA:29,3
DA:30,2
DA:31,2
DA:32,2
DA:35,2
DA:36,0
DA:38,2
DA:43,3
DA:44,1
DA:45,1
DA:50,0
DA:52,1
DA:57,3
DA:58,1
DA:59,1
DA:60,0
DA:62,1
DA:67,3
DA:68,1
DA:69,1
DA:81,0
DA:83,1
DA:88,3
DA:89,1
DA:90,1
DA:91,0
DA:93,1
DA:98,3
DA:99,1
DA:100,1
DA:101,0
DA:103,1
DA:108,3
DA:109,2
DA:110,2
DA:111,2
DA:113,1
DA:114,1
DA:115,0
DA:117,0
DA:124,3
DA:125,1
DA:126,1
DA:127,1
DA:128,1
DA:130,0
DA:135,3
DA:136,1
DA:137,1
DA:138,0
DA:140,1
DA:145,3
DA:146,1
DA:147,1
DA:148,1
DA:149,1
DA:150,1
DA:151,1
DA:153,1
DA:155,0
DA:160,3
DA:161,1
DA:162,1
DA:163,1
DA:164,0
DA:165,0
DA:167,0
DA:171,3
LF:76
LH:61
BRDA:32,0,0,1
BRDA:32,0,1,1
BRDA:35,1,0,1
BRDA:35,1,1,1
BRDA:111,2,0,1
BRDA:111,2,1,1
BRDA:114,3,0,1
BRDA:114,3,1,0
BRDA:126,4,0,1
BRDA:126,4,1,0
BRDA:147,5,0,1
BRDA:147,5,1,1
BRDA:148,6,0,1
BRDA:148,6,1,0
BRDA:163,7,0,1
BRDA:163,7,1,0
BRF:16
BRH:12
end_of_record
TN:
SF:server/logger.js
FN:30,(anonymous_0)
FNF:1
FNH:1
FNDA:102,(anonymous_0)
DA:1,17
DA:2,17
DA:3,17
DA:6,17
DA:7,17
DA:9,17
DA:11,17
DA:27,17
DA:30,102
LF:9
LH:9
BRDA:11,0,0,0
BRDA:11,0,1,17
BRDA:28,1,0,17
BRDA:28,1,1,17
BRF:4
BRH:3
end_of_record
TN:
SF:server/privacy-compliance.js
FN:22,getDb
FN:48,initSchema
FN:52,(anonymous_2)
FN:53,(anonymous_3)
FN:54,(anonymous_4)
FN:55,(anonymous_5)
FN:98,recordConsent
FN:114,getConsents
FN:128,logAudit
FN:148,exportUserData
FN:224,softDeleteUser
FN:231,(anonymous_11)
FN:301,cancelSoftDelete
FN:314,(anonymous_13)
FN:349,hardDeleteUser
FN:394,(anonymous_15)
FN:424,runScheduledHardDeletes
FN:454,apiExportHandler
FN:478,apiSoftDeleteHandler
FN:497,apiCancelSoftDeleteHandler
FNF:20
FNH:6
FNDA:2,getDb
FNDA:2,initSchema
FNDA:12,(anonymous_2)
FNDA:14,(anonymous_3)
FNDA:16,(anonymous_4)
FNDA:18,(anonymous_5)
FNDA:0,recordConsent
FNDA:0,getConsents
FNDA:0,logAudit
FNDA:0,exportUserData
FNDA:0,softDeleteUser
FNDA:0,(anonymous_11)
FNDA:0,cancelSoftDelete
FNDA:0,(anonymous_13)
FNDA:0,hardDeleteUser
FNDA:0,(anonymous_15)
FNDA:0,runScheduledHardDeletes
FNDA:0,apiExportHandler
FNDA:0,apiSoftDeleteHandler
FNDA:0,apiCancelSoftDeleteHandler
DA:12,2
DA:13,2
DA:14,2
DA:15,2
DA:16,2
DA:17,2
DA:18,2
DA:20,2
DA:23,2
DA:24,2
DA:28,2
DA:39,2
DA:49,2
DA:51,2
DA:52,12
DA:53,14
DA:54,16
DA:55,18
DA:57,2
DA:58,2
DA:59,2
DA:60,2
DA:63,2
DA:78,2
DA:91,2
DA:99,0
DA:100,0
DA:106,0
DA:115,0
DA:116,0
DA:129,0
DA:131,0
DA:137,0
DA:149,0
DA:152,0
DA:153,0
DA:154,0
DA:157,0
DA:180,0
DA:181,0
DA:182,0
DA:183,0
DA:186,0
DA:189,0
DA:193,0
DA:202,0
DA:225,0
DA:228,0
DA:230,0
DA:231,0
DA:232,0
DA:233,0
DA:238,0
DA:239,0
DA:242,0
DA:243,0
DA:244,0
DA:252,0
DA:253,0
DA:254,0
DA:257,0
DA:266,0
DA:271,0
DA:280,0
DA:289,0
DA:302,0
DA:304,0
DA:307,0
DA:308,0
DA:312,0
DA:313,0
DA:314,0
DA:315,0
DA:316,0
DA:320,0
DA:327,0
DA:333,0
DA:342,0
DA:350,0
DA:351,0
DA:352,0
DA:355,0
DA:356,0
DA:358,0
DA:361,0
DA:364,0
DA:365,0
DA:369,0
DA:370,0
DA:373,0
DA:374,0
DA:375,0
DA:377,0
DA:382,0
DA:383,0
DA:384,0
DA:387,0
DA:390,0
DA:391,0
DA:392,0
DA:393,0
DA:394,0
DA:395,0
DA:396,0
DA:398,0
DA:404,0
DA:412,0
DA:425,0
DA:426,0
DA:432,0
DA:433,0
DA:434,0
DA:435,0
DA:436,0
DA:438,0
DA:444,0
DA:447,0
DA:455,0
DA:456,0
DA:458,0
DA:459,0
DA:466,0
DA:467,0
DA:468,0
DA:470,0
DA:471,0
DA:472,0
DA:474,0
DA:479,0
DA:480,0
DA:482,0
DA:483,0
DA:489,0
DA:491,0
DA:492,0
DA:493,0
DA:498,0
DA:499,0
DA:501,0
DA:502,0
DA:507,0
DA:509,0
DA:510,0
DA:511,0
DA:515,2
LF:145
LH:26
BRDA:23,0,0,2
BRDA:23,0,1,0
BRDA:57,1,0,0
BRDA:57,1,1,2
BRDA:58,2,0,0
BRDA:58,2,1,2
BRDA:59,3,0,0
BRDA:59,3,1,2
BRDA:60,4,0,0
BRDA:60,4,1,2
BRDA:104,5,0,0
BRDA:104,5,1,0
BRDA:104,6,0,0
BRDA:104,6,1,0
BRDA:104,7,0,0
BRDA:104,7,1,0
BRDA:108,8,0,0
BRDA:108,8,1,0
BRDA:135,9,0,0
BRDA:135,9,1,0
BRDA:135,10,0,0
BRDA:135,10,1,0
BRDA:135,11,0,0
BRDA:135,11,1,0
BRDA:135,12,0,0
BRDA:135,12,1,0
BRDA:153,13,0,0
BRDA:153,13,1,0
BRDA:172,14,0,0
BRDA:172,14,1,0
BRDA:173,15,0,0
BRDA:173,15,1,0
BRDA:175,16,0,0
BRDA:175,16,1,0
BRDA:176,17,0,0
BRDA:176,17,1,0
BRDA:215,18,0,0
BRDA:215,18,1,0
BRDA:228,19,0,0
BRDA:228,19,1,0
BRDA:232,20,0,0
BRDA:232,20,1,0
BRDA:239,21,0,0
BRDA:239,21,1,0
BRDA:243,22,0,0
BRDA:243,22,1,0
BRDA:261,23,0,0
BRDA:261,23,1,0
BRDA:307,24,0,0
BRDA:307,24,1,0
BRDA:312,25,0,0
BRDA:312,25,1,0
BRDA:315,26,0,0
BRDA:315,26,1,0
BRDA:361,27,0,0
BRDA:361,27,1,0
BRDA:364,28,0,0
BRDA:364,28,1,0
BRDA:391,29,0,0
BRDA:391,29,1,0
BRDA:455,30,0,0
BRDA:455,30,1,0
BRDA:455,30,2,0
BRDA:456,31,0,0
BRDA:456,31,1,0
BRDA:471,32,0,0
BRDA:471,32,1,0
BRDA:479,33,0,0
BRDA:479,33,1,0
BRDA:479,33,2,0
BRDA:480,34,0,0
BRDA:480,34,1,0
BRDA:486,35,0,0
BRDA:486,35,1,0
BRDA:491,36,0,0
BRDA:491,36,1,0
BRDA:492,37,0,0
BRDA:492,37,1,0
BRDA:498,38,0,0
BRDA:498,38,1,0
BRDA:498,38,2,0
BRDA:499,39,0,0
BRDA:499,39,1,0
BRDA:509,40,0,0
BRDA:509,40,1,0
BRDA:510,41,0,0
BRDA:510,41,1,0
BRF:87
BRH:5
end_of_record
TN:
SF:server/rbac-middleware.js
FN:74,requirePermission
FN:75,(anonymous_1)
FN:100,(anonymous_2)
FN:114,optionalAuth
FN:132,auth
FN:146,adminAuth
FN:147,(anonymous_6)
FN:237,filterZhouyiTerms
FNF:8
FNH:8
FNDA:62,requirePermission
FNDA:8,(anonymous_1)
FNDA:5,(anonymous_2)
FNDA:9,optionalAuth
FNDA:8,auth
FNDA:5,adminAuth
FNDA:4,(anonymous_6)
FNDA:13,filterZhouyiTerms
DA:3,6
DA:4,6
DA:7,6
DA:25,6
DA:33,6
DA:75,62
DA:77,8
DA:78,8
DA:80,7
DA:81,7
DA:83,6
DA:84,6
DA:85,6
DA:88,6
DA:89,6
DA:90,1
DA:91,1
DA:95,5
DA:96,1
DA:100,5
DA:101,4
DA:102,1
DA:109,3
DA:115,9
DA:116,9
DA:117,4
DA:118,4
DA:119,3
DA:120,3
DA:121,3
DA:122,3
DA:125,6
DA:126,6
DA:127,6
DA:128,6
DA:133,8
DA:134,8
DA:136,6
DA:137,6
DA:139,5
DA:140,5
DA:141,5
DA:142,5
DA:147,5
DA:148,4
DA:151,4
DA:152,3
DA:157,6
DA:185,6
DA:238,13
DA:239,8
DA:242,8
DA:243,368
DA:247,8
DA:248,1192
DA:252,8
DA:254,8
DA:257,6
LF:58
LH:58
BRDA:78,0,0,1
BRDA:78,0,1,7
BRDA:81,1,0,1
BRDA:81,1,1,6
BRDA:84,2,0,6
BRDA:84,2,1,1
BRDA:89,3,0,1
BRDA:89,3,1,5
BRDA:95,4,0,1
BRDA:95,4,1,4
BRDA:101,5,0,1
BRDA:101,5,1,3
BRDA:116,6,0,4
BRDA:116,6,1,5
BRDA:118,7,0,3
BRDA:118,7,1,1
BRDA:120,8,0,3
BRDA:120,8,1,0
BRDA:134,9,0,2
BRDA:134,9,1,6
BRDA:137,10,0,1
BRDA:137,10,1,5
BRDA:140,11,0,5
BRDA:140,11,1,0
BRDA:148,12,0,4
BRDA:148,12,1,3
BRDA:148,12,2,2
BRDA:151,13,0,1
BRDA:151,13,1,3
BRDA:238,14,0,5
BRDA:238,14,1,8
BRDA:238,15,0,13
BRDA:238,15,1,10
BRF:33
BRH:31
end_of_record
TN:
SF:server/security-v2.js
FN:14,getKey
FN:26,getJwtSecret
FN:38,encrypt
FN:51,decrypt
FN:75,decryptLegacy
FN:90,maskPhone
FN:96,maskBirthDate
FN:102,hashPhone
FN:107,generateToken
FN:127,verifyToken
FN:151,sanitizeInput
FN:157,sanitizeXSS
FN:170,rateLimit
FN:190,hasRole
FN:195,hasAnyRole
FN:198,(anonymous_15)
FNF:16
FNH:16
FNDA:26,getKey
FNDA:10,getJwtSecret
FNDA:9,encrypt
FNDA:28,decrypt
FNDA:1,decryptLegacy
FNDA:7,maskPhone
FNDA:2,maskBirthDate
FNDA:5,hashPhone
FNDA:4,generateToken
FNDA:9,verifyToken
FNDA:5,sanitizeInput
FNDA:5,sanitizeXSS
FNDA:6,rateLimit
FNDA:4,hasRole
FNDA:3,hasAnyRole
FNDA:4,(anonymous_15)
DA:3,9
DA:4,9
DA:5,9
DA:9,9
DA:10,9
DA:11,9
DA:15,26
DA:17,26
DA:18,26
DA:19,26
DA:21,0
DA:23,0
DA:27,10
DA:28,7
DA:29,7
DA:30,7
DA:32,0
DA:34,3
DA:39,9
DA:40,4
DA:41,4
DA:42,4
DA:43,4
DA:44,4
DA:45,4
DA:47,4
DA:52,28
DA:54,26
DA:55,1
DA:57,25
DA:59,24
DA:60,24
DA:62,22
DA:63,22
DA:64,22
DA:65,22
DA:67,22
DA:68,22
DA:69,22
DA:70,21
DA:71,3
DA:76,1
DA:77,1
DA:78,1
DA:79,1
DA:80,1
DA:81,1
DA:82,0
DA:84,1
DA:85,1
DA:91,7
DA:92,4
DA:97,2
DA:98,1
DA:103,5
DA:108,4
DA:109,4
DA:110,4
DA:118,4
DA:119,4
DA:120,4
DA:121,4
DA:123,4
DA:128,9
DA:129,7
DA:130,7
DA:132,6
DA:133,6
DA:134,6
DA:137,6
DA:138,4
DA:140,4
DA:141,4
DA:142,4
DA:143,4
DA:144,4
DA:146,0
DA:152,5
DA:153,3
DA:158,5
DA:159,4
DA:169,9
DA:171,6
DA:172,6
DA:173,6
DA:174,6
DA:175,2
DA:176,2
DA:178,4
DA:179,4
DA:180,0
DA:181,0
DA:182,0
DA:184,4
DA:185,3
DA:186,3
DA:191,4
DA:192,3
DA:196,3
DA:197,2
DA:198,4
DA:201,9
LF:102
LH:94
BRDA:9,0,0,9
BRDA:9,0,1,7
BRDA:10,1,0,9
BRDA:10,1,1,7
BRDA:15,2,0,26
BRDA:15,2,1,0
BRDA:15,3,0,26
BRDA:15,3,1,0
BRDA:17,4,0,26
BRDA:17,4,1,0
BRDA:27,5,0,7
BRDA:27,5,1,3
BRDA:27,6,0,10
BRDA:27,6,1,3
BRDA:28,7,0,7
BRDA:28,7,1,0
BRDA:39,8,0,5
BRDA:39,8,1,4
BRDA:52,9,0,2
BRDA:52,9,1,26
BRDA:54,10,0,1
BRDA:54,10,1,25
BRDA:54,11,0,26
BRDA:54,11,1,1
BRDA:57,12,0,1
BRDA:57,12,1,24
BRDA:60,13,0,2
BRDA:60,13,1,22
BRDA:76,14,0,1
BRDA:76,14,1,1
BRDA:91,15,0,3
BRDA:91,15,1,4
BRDA:91,16,0,7
BRDA:91,16,1,5
BRDA:97,17,0,1
BRDA:97,17,1,1
BRDA:108,18,0,4
BRDA:108,18,1,0
BRDA:113,19,0,4
BRDA:113,19,1,0
BRDA:128,20,0,2
BRDA:128,20,1,7
BRDA:130,21,0,1
BRDA:130,21,1,6
BRDA:137,22,0,2
BRDA:137,22,1,4
BRDA:138,23,0,0
BRDA:138,23,1,4
BRDA:142,24,0,0
BRDA:142,24,1,4
BRDA:142,25,0,4
BRDA:142,25,1,4
BRDA:143,26,0,0
BRDA:143,26,1,4
BRDA:152,27,0,2
BRDA:152,27,1,3
BRDA:158,28,0,1
BRDA:158,28,1,4
BRDA:171,29,0,6
BRDA:171,29,1,0
BRDA:172,30,0,6
BRDA:172,30,1,0
BRDA:174,31,0,2
BRDA:174,31,1,4
BRDA:179,32,0,0
BRDA:179,32,1,4
BRDA:184,33,0,1
BRDA:184,33,1,3
BRDA:191,34,0,1
BRDA:191,34,1,3
BRDA:191,35,0,4
BRDA:191,35,1,3
BRDA:192,36,0,3
BRDA:192,36,1,2
BRDA:196,37,0,1
BRDA:196,37,1,2
BRDA:196,38,0,3
BRDA:196,38,1,2
BRDA:197,39,0,0
BRDA:197,39,1,2
BRF:80
BRH:67
end_of_record
TN:
SF:server/security.js
FNF:0
FNH:0
DA:4,2
DA:5,2
LF:2
LH:2
BRF:0
BRH:0
end_of_record
TN:
SF:server/sync-api.js
FN:40,auth
FN:50,getUserData
FN:72,setUserData
FN:83,getDataTimestamps
FN:99,(anonymous_4)
FN:147,(anonymous_5)
FN:185,(anonymous_6)
FN:201,(anonymous_7)
FNF:8
FNH:8
FNDA:2,auth
FNDA:3,getUserData
FNDA:3,setUserData
FNDA:8,getDataTimestamps
FNDA:3,(anonymous_4)
FNDA:1,(anonymous_5)
FNDA:1,(anonymous_6)
FNDA:2,(anonymous_7)
DA:14,3
DA:15,3
DA:16,3
DA:17,3
DA:18,3
DA:20,3
DA:21,3
DA:22,3
DA:25,3
DA:28,3
DA:41,2
DA:42,2
DA:43,1
DA:44,1
DA:45,0
DA:46,0
DA:51,3
DA:52,3
DA:53,3
DA:54,3
DA:55,3
DA:56,15
DA:57,15
DA:58,15
DA:60,0
DA:63,15
DA:64,3
DA:66,15
DA:68,3
DA:73,3
DA:74,3
DA:84,8
DA:85,8
DA:86,8
DA:87,8
DA:88,40
DA:89,40
DA:90,8
DA:93,8
DA:99,3
DA:100,3
DA:101,3
DA:104,3
DA:105,0
DA:108,3
DA:111,3
DA:112,3
DA:113,15
DA:114,15
DA:115,2
DA:116,2
DA:121,3
DA:122,3
DA:123,3
DA:124,1
DA:125,1
DA:130,3
DA:133,3
DA:135,3
DA:147,3
DA:148,1
DA:150,1
DA:153,1
DA:154,1
DA:155,1
DA:156,1
DA:173,1
DA:185,3
DA:186,1
DA:188,1
DA:190,1
DA:201,3
DA:202,2
DA:203,2
DA:204,2
DA:206,2
DA:207,2
DA:208,2
DA:210,2
DA:211,2
DA:212,2
DA:215,2
DA:216,1
DA:217,1
DA:219,1
DA:221,0
DA:222,0
DA:223,1
DA:225,1
DA:226,0
DA:228,0
DA:229,0
DA:230,0
DA:232,0
DA:235,0
DA:236,0
DA:237,0
DA:243,2
DA:244,10
DA:245,9
DA:250,2
DA:251,2
DA:255,2
DA:263,2
DA:264,0
DA:265,0
DA:266,0
DA:267,0
DA:272,0
DA:273,2
DA:275,2
DA:276,2
DA:277,10
DA:279,2
DA:280,0
DA:281,0
DA:283,0
DA:287,2
DA:288,2
DA:289,2
DA:291,2
DA:294,3
LF:122
LH:100
BRDA:42,0,0,1
BRDA:42,0,1,1
BRDA:44,1,0,1
BRDA:44,1,1,0
BRDA:63,2,0,3
BRDA:63,2,1,12
BRDA:63,3,0,15
BRDA:63,3,1,12
BRDA:89,4,0,8
BRDA:89,4,1,32
BRDA:89,5,0,40
BRDA:89,5,1,32
BRDA:104,6,0,0
BRDA:104,6,1,3
BRDA:114,7,0,2
BRDA:114,7,1,13
BRDA:123,8,0,1
BRDA:123,8,1,2
BRDA:123,9,0,3
BRDA:123,9,1,1
BRDA:155,10,0,1
BRDA:155,10,1,0
BRDA:159,11,0,0
BRDA:159,11,1,1
BRDA:203,12,0,2
BRDA:203,12,1,0
BRDA:204,13,0,2
BRDA:204,13,1,0
BRDA:219,14,0,0
BRDA:219,14,1,1
BRDA:223,15,0,1
BRDA:223,15,1,0
BRDA:226,16,0,0
BRDA:226,16,1,0
BRDA:230,17,0,0
BRDA:230,17,1,0
BRDA:236,18,0,0
BRDA:236,18,1,0
BRDA:244,19,0,9
BRDA:244,19,1,1
BRDA:263,20,0,0
BRDA:263,20,1,2
BRDA:273,21,0,2
BRDA:273,21,1,0
BRDA:280,22,0,0
BRDA:280,22,1,0
BRF:46
BRH:28
end_of_record
TN:
SF:server/sync-client.js
FN:26,(anonymous_0)
FN:38,(anonymous_1)
FN:44,_log
FN:58,(anonymous_3)
FN:80,(anonymous_4)
FN:97,(anonymous_5)
FN:115,(anonymous_6)
FN:130,(anonymous_7)
FN:148,request
FN:154,(anonymous_9)
FN:163,(anonymous_10)
FN:173,(anonymous_11)
FN:191,(anonymous_12)
FN:197,(anonymous_13)
FN:200,(anonymous_14)
FN:216,(anonymous_15)
FN:229,(anonymous_16)
FN:232,(anonymous_17)
FN:274,(anonymous_18)
FN:295,(anonymous_19)
FN:303,(anonymous_20)
FN:316,(anonymous_21)
FN:338,(anonymous_22)
FN:362,(anonymous_23)
FN:378,(anonymous_24)
FN:384,(anonymous_25)
FN:395,(anonymous_26)
FN:409,(anonymous_27)
FN:421,(anonymous_28)
FN:432,(anonymous_29)
FN:458,(anonymous_30)
FN:491,(anonymous_31)
FN:503,(anonymous_32)
FN:511,(anonymous_33)
FN:516,(anonymous_34)
FN:518,(anonymous_35)
FN:524,(anonymous_36)
FN:526,(anonymous_37)
FN:534,(anonymous_38)
FN:536,(anonymous_39)
FN:547,(anonymous_40)
FN:557,(anonymous_41)
FN:568,(anonymous_42)
FN:569,(anonymous_43)
FN:584,(anonymous_44)
FN:594,(anonymous_45)
FN:595,(anonymous_46)
FN:608,(anonymous_47)
FN:624,(anonymous_48)
FN:632,(anonymous_49)
FN:640,(anonymous_50)
FN:642,(anonymous_51)
FN:644,(anonymous_52)
FN:657,(anonymous_53)
FN:665,(anonymous_54)
FN:685,(anonymous_55)
FN:692,(anonymous_56)
FN:704,(anonymous_57)
FNF:58
FNH:42
FNDA:1,(anonymous_0)
FNDA:1,(anonymous_1)
FNDA:34,_log
FNDA:110,(anonymous_3)
FNDA:24,(anonymous_4)
FNDA:3,(anonymous_5)
FNDA:27,(anonymous_6)
FNDA:2,(anonymous_7)
FNDA:9,request
FNDA:9,(anonymous_9)
FNDA:0,(anonymous_10)
FNDA:0,(anonymous_11)
FNDA:8,(anonymous_12)
FNDA:7,(anonymous_13)
FNDA:2,(anonymous_14)
FNDA:0,(anonymous_15)
FNDA:0,(anonymous_16)
FNDA:0,(anonymous_17)
FNDA:3,(anonymous_18)
FNDA:12,(anonymous_19)
FNDA:11,(anonymous_20)
FNDA:11,(anonymous_21)
FNDA:6,(anonymous_22)
FNDA:7,(anonymous_23)
FNDA:3,(anonymous_24)
FNDA:1,(anonymous_25)
FNDA:4,(anonymous_26)
FNDA:1,(anonymous_27)
FNDA:0,(anonymous_28)
FNDA:5,(anonymous_29)
FNDA:3,(anonymous_30)
FNDA:1,(anonymous_31)
FNDA:2,(anonymous_32)
FNDA:1,(anonymous_33)
FNDA:1,(anonymous_34)
FNDA:0,(anonymous_35)
FNDA:0,(anonymous_36)
FNDA:0,(anonymous_37)
FNDA:0,(anonymous_38)
FNDA:0,(anonymous_39)
FNDA:0,(anonymous_40)
FNDA:2,(anonymous_41)
FNDA:0,(anonymous_42)
FNDA:0,(anonymous_43)
FNDA:5,(anonymous_44)
FNDA:0,(anonymous_45)
FNDA:0,(anonymous_46)
FNDA:5,(anonymous_47)
FNDA:1,(anonymous_48)
FNDA:1,(anonymous_49)
FNDA:2,(anonymous_50)
FNDA:2,(anonymous_51)
FNDA:2,(anonymous_52)
FNDA:7,(anonymous_53)
FNDA:5,(anonymous_54)
FNDA:3,(anonymous_55)
FNDA:1,(anonymous_56)
FNDA:1,(anonymous_57)
DA:26,1
DA:28,1
DA:30,1
DA:31,0
DA:33,0
DA:36,0
DA:42,1
DA:43,1
DA:44,34
DA:46,1
DA:47,1
DA:52,1
DA:59,110
DA:60,110
DA:61,0
DA:62,0
DA:63,0
DA:65,110
DA:66,110
DA:68,0
DA:70,0
DA:71,0
DA:81,24
DA:82,24
DA:84,0
DA:85,24
DA:86,24
DA:89,0
DA:98,3
DA:99,3
DA:100,0
DA:101,3
DA:102,3
DA:105,0
DA:116,27
DA:117,27
DA:118,2
DA:119,2
DA:121,1
DA:131,2
DA:132,2
DA:134,0
DA:149,9
DA:150,9
DA:151,9
DA:152,9
DA:154,9
DA:155,9
DA:157,0
DA:164,0
DA:165,0
DA:167,0
DA:168,0
DA:169,0
DA:170,0
DA:174,0
DA:177,9
DA:179,9
DA:183,9
DA:184,4
DA:188,4
DA:190,9
DA:192,8
DA:193,7
DA:195,1
DA:198,7
DA:201,2
DA:203,0
DA:205,0
DA:206,0
DA:207,0
DA:208,0
DA:209,0
DA:212,0
DA:213,0
DA:215,0
DA:216,0
DA:217,0
DA:218,0
DA:219,0
DA:220,0
DA:222,0
DA:225,0
DA:229,0
DA:230,0
DA:232,0
DA:233,0
DA:235,0
DA:237,0
DA:245,1
DA:254,1
DA:259,1
DA:275,3
DA:276,3
DA:277,3
DA:278,1
DA:281,2
DA:287,3
DA:288,3
DA:296,12
DA:297,12
DA:298,11
DA:304,11
DA:305,11
DA:306,10
DA:308,11
DA:317,11
DA:318,11
DA:319,66
DA:320,66
DA:321,66
DA:323,2
DA:324,2
DA:326,1
DA:330,11
DA:331,11
DA:339,6
DA:340,4
DA:341,24
DA:342,24
DA:344,2
DA:345,1
DA:347,1
DA:363,7
DA:364,3
DA:365,3
DA:368,4
DA:369,4
DA:371,4
DA:373,4
DA:379,3
DA:381,3
DA:382,3
DA:383,3
DA:385,1
DA:386,1
DA:396,4
DA:397,3
DA:398,3
DA:401,1
DA:403,1
DA:405,1
DA:410,1
DA:411,1
DA:412,1
DA:413,0
DA:415,0
DA:418,1
DA:419,1
DA:420,1
DA:422,0
DA:423,0
DA:433,5
DA:434,1
DA:437,4
DA:438,4
DA:440,4
DA:442,4
DA:443,24
DA:444,24
DA:445,24
DA:446,0
DA:447,0
DA:452,4
DA:454,4
DA:459,3
DA:461,3
DA:462,3
DA:465,3
DA:466,2
DA:470,1
DA:471,1
DA:475,0
DA:477,0
DA:480,0
DA:482,0
DA:485,0
DA:487,0
DA:490,0
DA:492,1
DA:494,1
DA:504,2
DA:505,1
DA:506,1
DA:509,1
DA:511,1
DA:512,1
DA:514,1
DA:516,1
DA:517,1
DA:519,0
DA:520,0
DA:524,0
DA:525,0
DA:527,0
DA:528,0
DA:533,0
DA:534,0
DA:535,0
DA:537,0
DA:538,0
DA:542,0
DA:545,0
DA:548,0
DA:549,0
DA:558,2
DA:559,2
DA:560,1
DA:561,1
DA:562,1
DA:565,1
DA:566,1
DA:568,1
DA:569,0
DA:570,0
DA:571,0
DA:585,5
DA:586,1
DA:587,1
DA:590,4
DA:591,4
DA:594,4
DA:595,0
DA:596,0
DA:597,0
DA:602,4
DA:609,5
DA:610,4
DA:611,4
DA:612,4
DA:625,1
DA:633,1
DA:641,2
DA:642,2
DA:643,2
DA:645,2
DA:658,7
DA:666,5
DA:667,5
DA:669,4
DA:670,4
DA:671,4
DA:672,4
DA:673,4
DA:675,4
DA:676,3
DA:677,2
DA:678,1
DA:686,3
DA:693,1
DA:694,1
DA:695,1
DA:696,1
DA:697,1
DA:705,1
DA:718,1
DA:723,1
DA:725,1
LF:258
LH:180
BRDA:28,0,0,1
BRDA:28,0,1,0
BRDA:28,1,0,1
BRDA:28,1,1,1
BRDA:31,2,0,0
BRDA:31,2,1,0
BRDA:31,3,0,0
BRDA:31,3,1,0
BRDA:38,4,0,0
BRDA:38,4,1,1
BRDA:44,5,0,34
BRDA:44,5,1,0
BRDA:44,6,0,0
BRDA:44,6,1,0
BRDA:44,7,0,0
BRDA:44,7,1,0
BRDA:44,8,0,0
BRDA:44,8,1,0
BRDA:46,9,0,1
BRDA:46,9,1,0
BRDA:47,10,0,1
BRDA:47,10,1,1
BRDA:60,11,0,0
BRDA:60,11,1,110
BRDA:62,12,0,0
BRDA:62,12,1,0
BRDA:62,13,0,0
BRDA:62,13,1,0
BRDA:62,13,2,0
BRDA:63,14,0,0
BRDA:63,14,1,0
BRDA:65,15,0,110
BRDA:65,15,1,0
BRDA:82,16,0,0
BRDA:82,16,1,24
BRDA:85,17,0,24
BRDA:85,17,1,0
BRDA:99,18,0,0
BRDA:99,18,1,3
BRDA:101,19,0,3
BRDA:101,19,1,0
BRDA:117,20,0,25
BRDA:117,20,1,2
BRDA:117,21,0,27
BRDA:117,21,1,2
BRDA:149,22,0,9
BRDA:149,22,1,0
BRDA:151,23,0,9
BRDA:151,23,1,0
BRDA:152,24,0,9
BRDA:152,24,1,5
BRDA:155,25,0,0
BRDA:155,25,1,9
BRDA:164,26,0,0
BRDA:164,26,1,0
BRDA:164,27,0,0
BRDA:164,27,1,0
BRDA:174,28,0,0
BRDA:174,28,1,0
BRDA:177,29,0,9
BRDA:177,29,1,0
BRDA:177,30,0,9
BRDA:177,30,1,9
BRDA:183,31,0,4
BRDA:183,31,1,5
BRDA:183,32,0,9
BRDA:183,32,1,4
BRDA:192,33,0,7
BRDA:192,33,1,1
BRDA:203,34,0,0
BRDA:203,34,1,0
BRDA:208,35,0,0
BRDA:208,35,1,0
BRDA:212,36,0,0
BRDA:212,36,1,0
BRDA:212,37,0,0
BRDA:212,37,1,0
BRDA:217,38,0,0
BRDA:217,38,1,0
BRDA:218,39,0,0
BRDA:218,39,1,0
BRDA:218,40,0,0
BRDA:218,40,1,0
BRDA:235,41,0,0
BRDA:235,41,1,0
BRDA:235,42,0,0
BRDA:235,42,1,0
BRDA:275,43,0,3
BRDA:275,43,1,2
BRDA:276,44,0,1
BRDA:276,44,1,2
BRDA:277,45,0,1
BRDA:277,45,1,2
BRDA:282,46,0,2
BRDA:282,46,1,1
BRDA:282,46,2,1
BRDA:282,46,3,1
BRDA:287,47,0,0
BRDA:287,47,1,3
BRDA:297,48,0,11
BRDA:297,48,1,1
BRDA:305,49,0,10
BRDA:305,49,1,1
BRDA:321,50,0,2
BRDA:321,50,1,64
BRDA:321,51,0,66
BRDA:321,51,1,2
BRDA:321,51,2,2
BRDA:339,52,0,2
BRDA:339,52,1,4
BRDA:339,53,0,6
BRDA:339,53,1,5
BRDA:342,54,0,2
BRDA:342,54,1,22
BRDA:342,55,0,24
BRDA:342,55,1,3
BRDA:342,55,2,3
BRDA:344,56,0,1
BRDA:344,56,1,1
BRDA:363,57,0,3
BRDA:363,57,1,4
BRDA:396,58,0,3
BRDA:396,58,1,1
BRDA:411,59,0,1
BRDA:411,59,1,0
BRDA:411,60,0,1
BRDA:411,60,1,1
BRDA:413,61,0,0
BRDA:413,61,1,0
BRDA:413,62,0,0
BRDA:413,62,1,0
BRDA:433,63,0,1
BRDA:433,63,1,4
BRDA:437,64,0,4
BRDA:437,64,1,4
BRDA:440,65,0,4
BRDA:440,65,1,0
BRDA:445,66,0,0
BRDA:445,66,1,24
BRDA:445,67,0,24
BRDA:445,67,1,0
BRDA:445,67,2,0
BRDA:446,68,0,0
BRDA:446,68,1,0
BRDA:459,69,0,0
BRDA:459,69,1,3
BRDA:461,70,0,3
BRDA:461,70,1,2
BRDA:461,70,2,2
BRDA:462,71,0,3
BRDA:462,71,1,2
BRDA:465,72,0,2
BRDA:465,72,1,1
BRDA:465,73,0,3
BRDA:465,73,1,2
BRDA:470,74,0,1
BRDA:470,74,1,0
BRDA:475,75,0,0
BRDA:475,75,1,0
BRDA:475,76,0,0
BRDA:475,76,1,0
BRDA:480,77,0,0
BRDA:480,77,1,0
BRDA:485,78,0,0
BRDA:485,78,1,0
BRDA:504,79,0,1
BRDA:504,79,1,1
BRDA:514,80,0,1
BRDA:514,80,1,0
BRDA:514,80,2,0
BRDA:514,80,3,0
BRDA:514,80,4,0
BRDA:559,81,0,1
BRDA:559,81,1,1
BRDA:570,82,0,0
BRDA:570,82,1,0
BRDA:570,83,0,0
BRDA:570,83,1,0
BRDA:585,84,0,1
BRDA:585,84,1,4
BRDA:596,85,0,0
BRDA:596,85,1,0
BRDA:596,86,0,0
BRDA:596,86,1,0
BRDA:609,87,0,4
BRDA:609,87,1,1
BRDA:658,88,0,7
BRDA:658,88,1,3
BRDA:667,89,0,1
BRDA:667,89,1,4
BRDA:675,90,0,1
BRDA:675,90,1,3
BRDA:676,91,0,1
BRDA:676,91,1,2
BRDA:677,92,0,1
BRDA:677,92,1,1
BRDA:706,93,0,0
BRDA:706,93,1,1
BRF:198
BRH:108
end_of_record
TN:
SF:server/yuanzhu-profile.js
FN:41,mergeProfile
FN:59,(anonymous_1)
FN:69,(anonymous_2)
FN:77,(anonymous_3)
FN:88,(anonymous_4)
FN:99,(anonymous_5)
FN:113,(anonymous_6)
FN:153,generateYearlyPush
FN:158,(anonymous_8)
FN:159,(anonymous_9)
FN:160,(anonymous_10)
FN:161,(anonymous_11)
FN:219,getLikes
FN:225,hasPushed
FN:231,savePush
FNF:15
FNH:12
FNDA:8,mergeProfile
FNDA:0,(anonymous_1)
FNDA:5,(anonymous_2)
FNDA:128,(anonymous_3)
FNDA:1,(anonymous_4)
FNDA:7,(anonymous_5)
FNDA:35,(anonymous_6)
FNDA:5,generateYearlyPush
FNDA:5,(anonymous_8)
FNDA:5,(anonymous_9)
FNDA:5,(anonymous_10)
FNDA:0,(anonymous_11)
FNDA:0,getLikes
FNDA:5,hasPushed
FNDA:3,savePush
DA:3,3
DA:6,3
DA:15,3
DA:25,3
DA:36,3
DA:42,8
DA:44,8
DA:47,7
DA:48,7
DA:49,7
DA:50,7
DA:51,7
DA:53,7
DA:54,7
DA:56,7
DA:57,7
DA:58,0
DA:59,0
DA:62,7
DA:66,7
DA:67,7
DA:68,7
DA:69,7
DA:71,7
DA:72,7
DA:74,7
DA:75,3
DA:76,3
DA:77,128
DA:78,4
DA:79,4
DA:85,7
DA:86,7
DA:87,7
DA:88,7
DA:90,7
DA:91,3
DA:92,21
DA:93,153
DA:99,7
DA:100,7
DA:102,7
DA:104,7
DA:105,7
DA:106,7
DA:107,11
DA:111,7
DA:112,7
DA:113,35
DA:114,7
DA:115,6
DA:116,5
DA:119,7
DA:120,7
DA:121,7
DA:122,4
DA:137,3
DA:146,7
DA:148,1
DA:154,5
DA:155,5
DA:156,5
DA:157,5
DA:158,5
DA:159,5
DA:160,5
DA:161,5
DA:162,5
DA:165,5
DA:166,5
DA:167,4
DA:168,2
DA:169,2
DA:170,1
DA:171,1
DA:174,5
DA:175,5
DA:176,1
DA:177,1
DA:178,1
DA:182,5
DA:183,5
DA:184,3
DA:186,5
DA:187,0
DA:189,5
DA:190,1
DA:192,5
DA:193,0
DA:195,5
DA:196,1
DA:200,5
DA:201,5
DA:202,1
DA:206,5
DA:207,5
DA:208,2
DA:209,2
DA:213,5
DA:215,5
DA:220,0
DA:221,0
DA:226,5
DA:227,4
DA:232,3
DA:233,3
DA:234,2
DA:235,1
DA:236,1
DA:238,1
DA:239,1
DA:242,1
DA:246,3
LF:113
LH:107
BRDA:44,0,0,8
BRDA:44,0,1,3
BRDA:48,1,0,7
BRDA:48,1,1,0
BRDA:48,2,0,7
BRDA:48,2,1,7
BRDA:49,3,0,7
BRDA:49,3,1,5
BRDA:49,3,2,5
BRDA:49,3,3,5
BRDA:51,4,0,2
BRDA:51,4,1,5
BRDA:53,5,0,7
BRDA:53,5,1,5
BRDA:53,5,2,5
BRDA:53,5,3,5
BRDA:53,5,4,5
BRDA:54,6,0,7
BRDA:54,6,1,7
BRDA:54,6,2,7
BRDA:54,6,3,7
BRDA:56,7,0,7
BRDA:56,7,1,7
BRDA:56,7,2,7
BRDA:56,7,3,7
BRDA:56,7,4,7
BRDA:57,8,0,0
BRDA:57,8,1,7
BRDA:57,9,0,7
BRDA:57,9,1,7
BRDA:62,10,0,7
BRDA:62,10,1,7
BRDA:62,10,2,7
BRDA:62,10,3,7
BRDA:68,11,0,7
BRDA:68,11,1,3
BRDA:72,12,0,7
BRDA:72,12,1,0
BRDA:74,13,0,3
BRDA:74,13,1,4
BRDA:77,14,0,4
BRDA:77,14,1,17
BRDA:79,15,0,4
BRDA:79,15,1,0
BRDA:87,16,0,7
BRDA:87,16,1,3
BRDA:90,17,0,3
BRDA:90,17,1,4
BRDA:93,18,0,5
BRDA:93,18,1,148
BRDA:100,19,0,7
BRDA:100,19,1,3
BRDA:102,20,0,7
BRDA:102,20,1,6
BRDA:107,21,0,7
BRDA:107,21,1,4
BRDA:111,22,0,7
BRDA:111,22,1,3
BRDA:113,23,0,35
BRDA:113,23,1,32
BRDA:114,24,0,1
BRDA:114,24,1,6
BRDA:115,25,0,1
BRDA:115,25,1,5
BRDA:116,26,0,3
BRDA:116,26,1,2
BRDA:121,27,0,4
BRDA:121,27,1,3
BRDA:154,28,0,5
BRDA:154,28,1,1
BRDA:154,28,2,1
BRDA:155,29,0,5
BRDA:155,29,1,1
BRDA:155,29,2,1
BRDA:156,30,0,5
BRDA:156,30,1,1
BRDA:157,31,0,5
BRDA:157,31,1,4
BRDA:158,32,0,5
BRDA:158,32,1,0
BRDA:159,33,0,5
BRDA:159,33,1,0
BRDA:160,34,0,5
BRDA:160,34,1,0
BRDA:162,35,0,1
BRDA:162,35,1,4
BRDA:162,36,0,1
BRDA:162,36,1,0
BRDA:166,37,0,1
BRDA:166,37,1,4
BRDA:167,38,0,2
BRDA:167,38,1,2
BRDA:168,39,0,0
BRDA:168,39,1,2
BRDA:169,40,0,1
BRDA:169,40,1,1
BRDA:170,41,0,0
BRDA:170,41,1,1
BRDA:175,42,0,1
BRDA:175,42,1,4
BRDA:175,43,0,5
BRDA:175,43,1,5
BRDA:178,44,0,1
BRDA:178,44,1,0
BRDA:183,45,0,3
BRDA:183,45,1,2
BRDA:183,46,0,5
BRDA:183,46,1,3
BRDA:183,46,2,2
BRDA:184,47,0,3
BRDA:184,47,1,0
BRDA:186,48,0,0
BRDA:186,48,1,5
BRDA:187,49,0,0
BRDA:187,49,1,0
BRDA:189,50,0,1
BRDA:189,50,1,4
BRDA:190,51,0,1
BRDA:190,51,1,0
BRDA:190,52,0,0
BRDA:190,52,1,1
BRDA:190,53,0,0
BRDA:190,53,1,1
BRDA:190,54,0,0
BRDA:190,54,1,1
BRDA:190,55,0,0
BRDA:190,55,1,1
BRDA:190,56,0,1
BRDA:190,56,1,1
BRDA:192,57,0,0
BRDA:192,57,1,5
BRDA:192,58,0,5
BRDA:192,58,1,5
BRDA:195,59,0,1
BRDA:195,59,1,4
BRDA:201,60,0,1
BRDA:201,60,1,4
BRDA:201,61,0,5
BRDA:201,61,1,1
BRDA:207,62,0,2
BRDA:207,62,1,3
BRDA:215,63,0,5
BRDA:215,63,1,4
BRDA:221,64,0,0
BRDA:221,64,1,0
BRDA:234,65,0,1
BRDA:234,65,1,1
BRF:147
BRH:124
end_of_record
